-- The C compiler identification is GNU 13.3.0
-- The CXX compiler identification is GNU 13.3.0
-- Detecting C compiler ABI info
-- Detecting C compiler ABI info - done
-- Check for working C compiler: /usr/bin/cc - skipped
-- Detecting C compile features
-- Detecting C compile features - done
-- Detecting CXX compiler ABI info
-- Detecting CXX compiler ABI info - done
-- Check for working CXX compiler: /usr/bin/c++ - skipped
-- Detecting CXX compile features
-- Detecting CXX compile features - done
-- Found ament_cmake: 2.5.3 (/opt/ros/jazzy/share/ament_cmake/cmake)
-- Found Python3: /home/alper/ros2_venv/bin/python3 (found version "3.12.3") found components: Interpreter 
-- Found std_msgs: 5.3.6 (/opt/ros/jazzy/share/std_msgs/cmake)
-- Found rosidl_generator_c: 4.6.5 (/opt/ros/jazzy/share/rosidl_generator_c/cmake)
-- Found rosidl_generator_cpp: 4.6.5 (/opt/ros/jazzy/share/rosidl_generator_cpp/cmake)
-- Using all available rosidl_typesupport_c: rosidl_typesupport_fastrtps_c;rosidl_typesupport_introspection_c
-- Using all available rosidl_typesupport_cpp: rosidl_typesupport_fastrtps_cpp;rosidl_typesupport_introspection_cpp
-- Found rosidl_default_generators: 1.6.0 (/opt/ros/jazzy/share/rosidl_default_generators/cmake)
-- Found rosidl_adapter: 4.6.5 (/opt/ros/jazzy/share/rosidl_adapter/cmake)
-- Found ament_lint_auto: 0.17.2 (/opt/ros/jazzy/share/ament_lint_auto/cmake)
-- Found ament_cmake_ros: 0.12.0 (/opt/ros/jazzy/share/ament_cmake_ros/cmake)
-- Using all available rosidl_typesupport_c: rosidl_typesupport_fastrtps_c;rosidl_typesupport_introspection_c
-- Using all available rosidl_typesupport_cpp: rosidl_typesupport_fastrtps_cpp;rosidl_typesupport_introspection_cpp
-- Found python_cmake_module: 0.11.1 (/opt/ros/jazzy/share/python_cmake_module/cmake)
-- Found PythonExtra: /home/alper/ros2_venv/bin/python3  
-- Found Python3: /home/alper/ros2_venv/bin/python3 (found version "3.12.3") found components: Interpreter Development NumPy Development.Module Development.Embed 
-- Configuring done (3.0s)
-- Generating done (0.0s)
-- Build files have been written to: /home/alper/ros2_ws/build/custom_msgs
[  1%] [34m[1mGenerating type hashes for ROS interfaces[0m
[  1%] Built target ament_cmake_python_copy_custom_msgs
running egg_info
creating custom_msgs.egg-info
writing custom_msgs.egg-info/PKG-INFO
writing dependency_links to custom_msgs.egg-info/dependency_links.txt
writing top-level names to custom_msgs.egg-info/top_level.txt
writing manifest file 'custom_msgs.egg-info/SOURCES.txt'
[  1%] Built target custom_msgs__rosidl_generator_type_description
reading manifest file 'custom_msgs.egg-info/SOURCES.txt'
writing manifest file 'custom_msgs.egg-info/SOURCES.txt'
[  2%] [34m[1mGenerating C code for ROS interfaces[0m
[  3%] [34m[1mGenerating C++ code for ROS interfaces[0m
[  3%] Built target ament_cmake_python_build_custom_msgs_egg
[  3%] Built target custom_msgs__cpp
[  4%] [32mBuilding C object CMakeFiles/custom_msgs__rosidl_generator_c.dir/rosidl_generator_c/custom_msgs/msg/detail/yolo_inference__description.c.o[0m
[  5%] [32mBuilding C object CMakeFiles/custom_msgs__rosidl_generator_c.dir/rosidl_generator_c/custom_msgs/msg/detail/yolo_inference__type_support.c.o[0m
[  7%] [32mBuilding C object CMakeFiles/custom_msgs__rosidl_generator_c.dir/rosidl_generator_c/custom_msgs/msg/detail/segmentation_result__type_support.c.o[0m
[  8%] [32mBuilding C object CMakeFiles/custom_msgs__rosidl_generator_c.dir/rosidl_generator_c/custom_msgs/msg/detail/inference_result__description.c.o[0m
[  9%] [32mBuilding C object CMakeFiles/custom_msgs__rosidl_generator_c.dir/rosidl_generator_c/custom_msgs/msg/detail/yolo_segmentation_msg__description.c.o[0m
[ 10%] [32mBuilding C object CMakeFiles/custom_msgs__rosidl_generator_c.dir/rosidl_generator_c/custom_msgs/msg/detail/inference_result__functions.c.o[0m
[ 11%] [32mBuilding C object CMakeFiles/custom_msgs__rosidl_generator_c.dir/rosidl_generator_c/custom_msgs/msg/detail/inference_result__type_support.c.o[0m
[ 13%] [32mBuilding C object CMakeFiles/custom_msgs__rosidl_generator_c.dir/rosidl_generator_c/custom_msgs/msg/detail/yolo_inference__functions.c.o[0m
[ 15%] [32mBuilding C object CMakeFiles/custom_msgs__rosidl_generator_c.dir/rosidl_generator_c/custom_msgs/msg/detail/segmentation_result__description.c.o[0m
[ 15%] [32mBuilding C object CMakeFiles/custom_msgs__rosidl_generator_c.dir/rosidl_generator_c/custom_msgs/msg/detail/detected_surface__description.c.o[0m
[ 16%] [32mBuilding C object CMakeFiles/custom_msgs__rosidl_generator_c.dir/rosidl_generator_c/custom_msgs/msg/detail/segmentation_result__functions.c.o[0m
[ 17%] [32mBuilding C object CMakeFiles/custom_msgs__rosidl_generator_c.dir/rosidl_generator_c/custom_msgs/msg/detail/detected_surface__type_support.c.o[0m
[ 19%] [32mBuilding C object CMakeFiles/custom_msgs__rosidl_generator_c.dir/rosidl_generator_c/custom_msgs/msg/detail/detected_surfaces__description.c.o[0m
[ 20%] [32mBuilding C object CMakeFiles/custom_msgs__rosidl_generator_c.dir/rosidl_generator_c/custom_msgs/msg/detail/detected_surfaces__type_support.c.o[0m
[ 21%] [32mBuilding C object CMakeFiles/custom_msgs__rosidl_generator_c.dir/rosidl_generator_c/custom_msgs/msg/detail/yolo_segmentation_msg__functions.c.o[0m
[ 22%] [32mBuilding C object CMakeFiles/custom_msgs__rosidl_generator_c.dir/rosidl_generator_c/custom_msgs/msg/detail/yolo_segmentation_msg__type_support.c.o[0m
[ 23%] [32mBuilding C object CMakeFiles/custom_msgs__rosidl_generator_c.dir/rosidl_generator_c/custom_msgs/msg/detail/detected_surface__functions.c.o[0m
[ 25%] [32mBuilding C object CMakeFiles/custom_msgs__rosidl_generator_c.dir/rosidl_generator_c/custom_msgs/msg/detail/detected_surfaces__functions.c.o[0m
[ 26%] [32m[1mLinking C shared library libcustom_msgs__rosidl_generator_c.so[0m
[ 26%] Built target custom_msgs__rosidl_generator_c
[ 28%] [34m[1mGenerating C++ type support dispatch for ROS interfaces[0m
[ 28%] [34m[1mGenerating C++ introspection for ROS interfaces[0m
[ 32%] [34m[1mGenerating C type support for eProsima Fast-RTPS[0m
[ 32%] [34m[1mGenerating C introspection for ROS interfaces[0m
[ 32%] [34m[1mGenerating C++ type support for eProsima Fast-RTPS[0m
[ 33%] [34m[1mGenerating C type support dispatch for ROS interfaces[0m
[ 35%] [32mBuilding CXX object CMakeFiles/custom_msgs__rosidl_typesupport_c.dir/rosidl_typesupport_c/custom_msgs/msg/inference_result__type_support.cpp.o[0m
[ 35%] [32mBuilding CXX object CMakeFiles/custom_msgs__rosidl_typesupport_c.dir/rosidl_typesupport_c/custom_msgs/msg/segmentation_result__type_support.cpp.o[0m
[ 36%] [32mBuilding CXX object CMakeFiles/custom_msgs__rosidl_typesupport_cpp.dir/rosidl_typesupport_cpp/custom_msgs/msg/yolo_segmentation_msg__type_support.cpp.o[0m
[ 38%] [32mBuilding CXX object CMakeFiles/custom_msgs__rosidl_typesupport_c.dir/rosidl_typesupport_c/custom_msgs/msg/detected_surface__type_support.cpp.o[0m
[ 39%] [32mBuilding CXX object CMakeFiles/custom_msgs__rosidl_typesupport_cpp.dir/rosidl_typesupport_cpp/custom_msgs/msg/segmentation_result__type_support.cpp.o[0m
[ 40%] [32mBuilding CXX object CMakeFiles/custom_msgs__rosidl_typesupport_c.dir/rosidl_typesupport_c/custom_msgs/msg/yolo_inference__type_support.cpp.o[0m
[ 42%] [32mBuilding CXX object CMakeFiles/custom_msgs__rosidl_typesupport_cpp.dir/rosidl_typesupport_cpp/custom_msgs/msg/yolo_inference__type_support.cpp.o[0m
[ 42%] [32mBuilding CXX object CMakeFiles/custom_msgs__rosidl_typesupport_cpp.dir/rosidl_typesupport_cpp/custom_msgs/msg/inference_result__type_support.cpp.o[0m
[ 44%] [32mBuilding CXX object CMakeFiles/custom_msgs__rosidl_typesupport_cpp.dir/rosidl_typesupport_cpp/custom_msgs/msg/detected_surface__type_support.cpp.o[0m
[ 45%] [32mBuilding CXX object CMakeFiles/custom_msgs__rosidl_typesupport_c.dir/rosidl_typesupport_c/custom_msgs/msg/yolo_segmentation_msg__type_support.cpp.o[0m
[ 46%] [32mBuilding CXX object CMakeFiles/custom_msgs__rosidl_typesupport_c.dir/rosidl_typesupport_c/custom_msgs/msg/detected_surfaces__type_support.cpp.o[0m
[ 47%] [32mBuilding CXX object CMakeFiles/custom_msgs__rosidl_typesupport_cpp.dir/rosidl_typesupport_cpp/custom_msgs/msg/detected_surfaces__type_support.cpp.o[0m
[ 50%] [32mBuilding CXX object CMakeFiles/custom_msgs__rosidl_typesupport_introspection_cpp.dir/rosidl_typesupport_introspection_cpp/custom_msgs/msg/detail/segmentation_result__type_support.cpp.o[0m
[ 50%] [32mBuilding CXX object CMakeFiles/custom_msgs__rosidl_typesupport_introspection_cpp.dir/rosidl_typesupport_introspection_cpp/custom_msgs/msg/detail/yolo_segmentation_msg__type_support.cpp.o[0m
[ 51%] [32mBuilding CXX object CMakeFiles/custom_msgs__rosidl_typesupport_introspection_cpp.dir/rosidl_typesupport_introspection_cpp/custom_msgs/msg/detail/detected_surface__type_support.cpp.o[0m
[ 52%] [32mBuilding CXX object CMakeFiles/custom_msgs__rosidl_typesupport_introspection_cpp.dir/rosidl_typesupport_introspection_cpp/custom_msgs/msg/detail/detected_surfaces__type_support.cpp.o[0m
[ 53%] [32m[1mLinking CXX shared library libcustom_msgs__rosidl_typesupport_c.so[0m
[ 54%] [32mBuilding CXX object CMakeFiles/custom_msgs__rosidl_typesupport_introspection_cpp.dir/rosidl_typesupport_introspection_cpp/custom_msgs/msg/detail/inference_result__type_support.cpp.o[0m
[ 55%] [32mBuilding CXX object CMakeFiles/custom_msgs__rosidl_typesupport_introspection_cpp.dir/rosidl_typesupport_introspection_cpp/custom_msgs/msg/detail/yolo_inference__type_support.cpp.o[0m
[ 58%] [32mBuilding C object CMakeFiles/custom_msgs__rosidl_typesupport_introspection_c.dir/rosidl_typesupport_introspection_c/custom_msgs/msg/detail/segmentation_result__type_support.c.o[0m
[ 58%] [32mBuilding C object CMakeFiles/custom_msgs__rosidl_typesupport_introspection_c.dir/rosidl_typesupport_introspection_c/custom_msgs/msg/detail/yolo_inference__type_support.c.o[0m
[ 60%] [32mBuilding C object CMakeFiles/custom_msgs__rosidl_typesupport_introspection_c.dir/rosidl_typesupport_introspection_c/custom_msgs/msg/detail/yolo_segmentation_msg__type_support.c.o[0m
[ 60%] [32mBuilding C object CMakeFiles/custom_msgs__rosidl_typesupport_introspection_c.dir/rosidl_typesupport_introspection_c/custom_msgs/msg/detail/inference_result__type_support.c.o[0m
[ 61%] [32mBuilding C object CMakeFiles/custom_msgs__rosidl_typesupport_introspection_c.dir/rosidl_typesupport_introspection_c/custom_msgs/msg/detail/detected_surfaces__type_support.c.o[0m
[ 63%] [32mBuilding C object CMakeFiles/custom_msgs__rosidl_typesupport_introspection_c.dir/rosidl_typesupport_introspection_c/custom_msgs/msg/detail/detected_surface__type_support.c.o[0m
[ 63%] Built target custom_msgs__rosidl_typesupport_c
[ 64%] [32m[1mLinking C shared library libcustom_msgs__rosidl_typesupport_introspection_c.so[0m
[ 64%] Built target custom_msgs__rosidl_typesupport_introspection_c
[ 66%] [32mBuilding CXX object CMakeFiles/custom_msgs__rosidl_typesupport_fastrtps_cpp.dir/rosidl_typesupport_fastrtps_cpp/custom_msgs/msg/detail/dds_fastrtps/inference_result__type_support.cpp.o[0m
[ 66%] [32mBuilding CXX object CMakeFiles/custom_msgs__rosidl_typesupport_fastrtps_cpp.dir/rosidl_typesupport_fastrtps_cpp/custom_msgs/msg/detail/dds_fastrtps/yolo_inference__type_support.cpp.o[0m
[ 67%] [32mBuilding CXX object CMakeFiles/custom_msgs__rosidl_typesupport_fastrtps_cpp.dir/rosidl_typesupport_fastrtps_cpp/custom_msgs/msg/detail/dds_fastrtps/segmentation_result__type_support.cpp.o[0m
[ 69%] [32mBuilding CXX object CMakeFiles/custom_msgs__rosidl_typesupport_fastrtps_cpp.dir/rosidl_typesupport_fastrtps_cpp/custom_msgs/msg/detail/dds_fastrtps/detected_surface__type_support.cpp.o[0m
[ 70%] [32mBuilding CXX object CMakeFiles/custom_msgs__rosidl_typesupport_fastrtps_cpp.dir/rosidl_typesupport_fastrtps_cpp/custom_msgs/msg/detail/dds_fastrtps/yolo_segmentation_msg__type_support.cpp.o[0m
[ 71%] [32mBuilding CXX object CMakeFiles/custom_msgs__rosidl_typesupport_fastrtps_cpp.dir/rosidl_typesupport_fastrtps_cpp/custom_msgs/msg/detail/dds_fastrtps/detected_surfaces__type_support.cpp.o[0m
[ 72%] [32mBuilding CXX object CMakeFiles/custom_msgs__rosidl_typesupport_fastrtps_c.dir/rosidl_typesupport_fastrtps_c/custom_msgs/msg/detail/yolo_inference__type_support_c.cpp.o[0m
[ 73%] [32mBuilding CXX object CMakeFiles/custom_msgs__rosidl_typesupport_fastrtps_c.dir/rosidl_typesupport_fastrtps_c/custom_msgs/msg/detail/detected_surfaces__type_support_c.cpp.o[0m
[ 75%] [32mBuilding CXX object CMakeFiles/custom_msgs__rosidl_typesupport_fastrtps_c.dir/rosidl_typesupport_fastrtps_c/custom_msgs/msg/detail/inference_result__type_support_c.cpp.o[0m
[ 76%] [32mBuilding CXX object CMakeFiles/custom_msgs__rosidl_typesupport_fastrtps_c.dir/rosidl_typesupport_fastrtps_c/custom_msgs/msg/detail/segmentation_result__type_support_c.cpp.o[0m
[ 77%] [32mBuilding CXX object CMakeFiles/custom_msgs__rosidl_typesupport_fastrtps_c.dir/rosidl_typesupport_fastrtps_c/custom_msgs/msg/detail/yolo_segmentation_msg__type_support_c.cpp.o[0m
[ 78%] [32mBuilding CXX object CMakeFiles/custom_msgs__rosidl_typesupport_fastrtps_c.dir/rosidl_typesupport_fastrtps_c/custom_msgs/msg/detail/detected_surface__type_support_c.cpp.o[0m
[ 79%] [32m[1mLinking CXX shared library libcustom_msgs__rosidl_typesupport_cpp.so[0m
[ 79%] Built target custom_msgs__rosidl_typesupport_cpp
[ 80%] [32m[1mLinking CXX shared library libcustom_msgs__rosidl_typesupport_introspection_cpp.so[0m
[ 80%] Built target custom_msgs__rosidl_typesupport_introspection_cpp
[ 82%] [32m[1mLinking CXX shared library libcustom_msgs__rosidl_typesupport_fastrtps_c.so[0m
[ 83%] [32m[1mLinking CXX shared library libcustom_msgs__rosidl_typesupport_fastrtps_cpp.so[0m
[ 83%] Built target custom_msgs__rosidl_typesupport_fastrtps_c
[ 83%] Built target custom_msgs__rosidl_typesupport_fastrtps_cpp
[ 83%] Built target custom_msgs
[ 84%] [34m[1mGenerating Python code for ROS interfaces[0m
[ 84%] Built target custom_msgs__py
[ 85%] [32mBuilding C object CMakeFiles/custom_msgs__rosidl_generator_py.dir/rosidl_generator_py/custom_msgs/msg/_yolo_inference_s.c.o[0m
[ 86%] [32mBuilding C object CMakeFiles/custom_msgs__rosidl_generator_py.dir/rosidl_generator_py/custom_msgs/msg/_detected_surface_s.c.o[0m
[ 88%] [32mBuilding C object CMakeFiles/custom_msgs__rosidl_generator_py.dir/rosidl_generator_py/custom_msgs/msg/_detected_surfaces_s.c.o[0m
[ 89%] [32mBuilding C object CMakeFiles/custom_msgs__rosidl_generator_py.dir/rosidl_generator_py/custom_msgs/msg/_inference_result_s.c.o[0m
[ 90%] [32mBuilding C object CMakeFiles/custom_msgs__rosidl_generator_py.dir/rosidl_generator_py/custom_msgs/msg/_segmentation_result_s.c.o[0m
[ 91%] [32mBuilding C object CMakeFiles/custom_msgs__rosidl_generator_py.dir/rosidl_generator_py/custom_msgs/msg/_yolo_segmentation_msg_s.c.o[0m
[ 92%] [32m[1mLinking C shared library libcustom_msgs__rosidl_generator_py.so[0m
[ 92%] Built target custom_msgs__rosidl_generator_py
[ 95%] [32mBuilding C object CMakeFiles/custom_msgs_s__rosidl_typesupport_fastrtps_c.dir/rosidl_generator_py/custom_msgs/_custom_msgs_s.ep.rosidl_typesupport_fastrtps_c.c.o[0m
[ 95%] [32mBuilding C object CMakeFiles/custom_msgs_s__rosidl_typesupport_introspection_c.dir/rosidl_generator_py/custom_msgs/_custom_msgs_s.ep.rosidl_typesupport_introspection_c.c.o[0m
[ 96%] [32mBuilding C object CMakeFiles/custom_msgs_s__rosidl_typesupport_c.dir/rosidl_generator_py/custom_msgs/_custom_msgs_s.ep.rosidl_typesupport_c.c.o[0m
[ 97%] [32m[1mLinking C shared module rosidl_generator_py/custom_msgs/custom_msgs_s__rosidl_typesupport_introspection_c.so[0m
[ 98%] [32m[1mLinking C shared module rosidl_generator_py/custom_msgs/custom_msgs_s__rosidl_typesupport_fastrtps_c.so[0m
[100%] [32m[1mLinking C shared module rosidl_generator_py/custom_msgs/custom_msgs_s__rosidl_typesupport_c.so[0m
[100%] Built target custom_msgs_s__rosidl_typesupport_fastrtps_c
[100%] Built target custom_msgs_s__rosidl_typesupport_introspection_c
[100%] Built target custom_msgs_s__rosidl_typesupport_c
-- Install configuration: ""
-- Installing: /home/alper/ros2_ws/install/custom_msgs/share/ament_index/resource_index/rosidl_interfaces/custom_msgs
-- Installing: /home/alper/ros2_ws/install/custom_msgs/share/custom_msgs/msg/InferenceResult.json
-- Installing: /home/alper/ros2_ws/install/custom_msgs/share/custom_msgs/msg/YoloInference.json
-- Installing: /home/alper/ros2_ws/install/custom_msgs/share/custom_msgs/msg/SegmentationResult.json
-- Installing: /home/alper/ros2_ws/install/custom_msgs/share/custom_msgs/msg/YoloSegmentationMsg.json
-- Installing: /home/alper/ros2_ws/install/custom_msgs/share/custom_msgs/msg/DetectedSurface.json
-- Installing: /home/alper/ros2_ws/install/custom_msgs/share/custom_msgs/msg/DetectedSurfaces.json
-- Installing: /home/alper/ros2_ws/install/custom_msgs/include/custom_msgs/custom_msgs
-- Installing: /home/alper/ros2_ws/install/custom_msgs/include/custom_msgs/custom_msgs/msg
-- Installing: /home/alper/ros2_ws/install/custom_msgs/include/custom_msgs/custom_msgs/msg/rosidl_generator_c__visibility_control.h
-- Installing: /home/alper/ros2_ws/install/custom_msgs/include/custom_msgs/custom_msgs/msg/yolo_inference.h
-- Installing: /home/alper/ros2_ws/install/custom_msgs/include/custom_msgs/custom_msgs/msg/detail
-- Installing: /home/alper/ros2_ws/install/custom_msgs/include/custom_msgs/custom_msgs/msg/detail/yolo_inference__functions.c
-- Installing: /home/alper/ros2_ws/install/custom_msgs/include/custom_msgs/custom_msgs/msg/detail/inference_result__type_support.c
-- Installing: /home/alper/ros2_ws/install/custom_msgs/include/custom_msgs/custom_msgs/msg/detail/yolo_inference__struct.h
-- Installing: /home/alper/ros2_ws/install/custom_msgs/include/custom_msgs/custom_msgs/msg/detail/detected_surfaces__type_support.h
-- Installing: /home/alper/ros2_ws/install/custom_msgs/include/custom_msgs/custom_msgs/msg/detail/yolo_segmentation_msg__type_support.h
-- Installing: /home/alper/ros2_ws/install/custom_msgs/include/custom_msgs/custom_msgs/msg/detail/detected_surface__struct.h
-- Installing: /home/alper/ros2_ws/install/custom_msgs/include/custom_msgs/custom_msgs/msg/detail/segmentation_result__struct.h
-- Installing: /home/alper/ros2_ws/install/custom_msgs/include/custom_msgs/custom_msgs/msg/detail/yolo_segmentation_msg__description.c
-- Installing: /home/alper/ros2_ws/install/custom_msgs/include/custom_msgs/custom_msgs/msg/detail/detected_surface__type_support.c
-- Installing: /home/alper/ros2_ws/install/custom_msgs/include/custom_msgs/custom_msgs/msg/detail/detected_surfaces__functions.h
-- Installing: /home/alper/ros2_ws/install/custom_msgs/include/custom_msgs/custom_msgs/msg/detail/yolo_inference__description.c
-- Installing: /home/alper/ros2_ws/install/custom_msgs/include/custom_msgs/custom_msgs/msg/detail/segmentation_result__type_support.c
-- Installing: /home/alper/ros2_ws/install/custom_msgs/include/custom_msgs/custom_msgs/msg/detail/yolo_inference__type_support.h
-- Installing: /home/alper/ros2_ws/install/custom_msgs/include/custom_msgs/custom_msgs/msg/detail/detected_surface__functions.c
-- Installing: /home/alper/ros2_ws/install/custom_msgs/include/custom_msgs/custom_msgs/msg/detail/yolo_segmentation_msg__type_support.c
-- Installing: /home/alper/ros2_ws/install/custom_msgs/include/custom_msgs/custom_msgs/msg/detail/yolo_segmentation_msg__functions.c
-- Installing: /home/alper/ros2_ws/install/custom_msgs/include/custom_msgs/custom_msgs/msg/detail/detected_surface__functions.h
-- Installing: /home/alper/ros2_ws/install/custom_msgs/include/custom_msgs/custom_msgs/msg/detail/detected_surfaces__struct.h
-- Installing: /home/alper/ros2_ws/install/custom_msgs/include/custom_msgs/custom_msgs/msg/detail/yolo_segmentation_msg__struct.h
-- Installing: /home/alper/ros2_ws/install/custom_msgs/include/custom_msgs/custom_msgs/msg/detail/segmentation_result__type_support.h
-- Installing: /home/alper/ros2_ws/install/custom_msgs/include/custom_msgs/custom_msgs/msg/detail/yolo_inference__type_support.c
-- Installing: /home/alper/ros2_ws/install/custom_msgs/include/custom_msgs/custom_msgs/msg/detail/segmentation_result__description.c
-- Installing: /home/alper/ros2_ws/install/custom_msgs/include/custom_msgs/custom_msgs/msg/detail/detected_surfaces__description.c
-- Installing: /home/alper/ros2_ws/install/custom_msgs/include/custom_msgs/custom_msgs/msg/detail/inference_result__functions.h
-- Installing: /home/alper/ros2_ws/install/custom_msgs/include/custom_msgs/custom_msgs/msg/detail/inference_result__type_support.h
-- Installing: /home/alper/ros2_ws/install/custom_msgs/include/custom_msgs/custom_msgs/msg/detail/detected_surfaces__functions.c
-- Installing: /home/alper/ros2_ws/install/custom_msgs/include/custom_msgs/custom_msgs/msg/detail/segmentation_result__functions.h
-- Installing: /home/alper/ros2_ws/install/custom_msgs/include/custom_msgs/custom_msgs/msg/detail/inference_result__struct.h
-- Installing: /home/alper/ros2_ws/install/custom_msgs/include/custom_msgs/custom_msgs/msg/detail/yolo_segmentation_msg__functions.h
-- Installing: /home/alper/ros2_ws/install/custom_msgs/include/custom_msgs/custom_msgs/msg/detail/detected_surfaces__type_support.c
-- Installing: /home/alper/ros2_ws/install/custom_msgs/include/custom_msgs/custom_msgs/msg/detail/inference_result__functions.c
-- Installing: /home/alper/ros2_ws/install/custom_msgs/include/custom_msgs/custom_msgs/msg/detail/detected_surface__description.c
-- Installing: /home/alper/ros2_ws/install/custom_msgs/include/custom_msgs/custom_msgs/msg/detail/yolo_inference__functions.h
-- Installing: /home/alper/ros2_ws/install/custom_msgs/include/custom_msgs/custom_msgs/msg/detail/inference_result__description.c
-- Installing: /home/alper/ros2_ws/install/custom_msgs/include/custom_msgs/custom_msgs/msg/detail/segmentation_result__functions.c
-- Installing: /home/alper/ros2_ws/install/custom_msgs/include/custom_msgs/custom_msgs/msg/detail/detected_surface__type_support.h
-- Installing: /home/alper/ros2_ws/install/custom_msgs/include/custom_msgs/custom_msgs/msg/segmentation_result.h
-- Installing: /home/alper/ros2_ws/install/custom_msgs/include/custom_msgs/custom_msgs/msg/detected_surfaces.h
-- Installing: /home/alper/ros2_ws/install/custom_msgs/include/custom_msgs/custom_msgs/msg/inference_result.h
-- Installing: /home/alper/ros2_ws/install/custom_msgs/include/custom_msgs/custom_msgs/msg/detected_surface.h
-- Installing: /home/alper/ros2_ws/install/custom_msgs/include/custom_msgs/custom_msgs/msg/yolo_segmentation_msg.h
-- Installing: /home/alper/ros2_ws/install/custom_msgs/share/custom_msgs/environment/library_path.sh
-- Installing: /home/alper/ros2_ws/install/custom_msgs/share/custom_msgs/environment/library_path.dsv
-- Installing: /home/alper/ros2_ws/install/custom_msgs/lib/libcustom_msgs__rosidl_generator_c.so
-- Set non-toolchain portion of runtime path of "/home/alper/ros2_ws/install/custom_msgs/lib/libcustom_msgs__rosidl_generator_c.so" to ""
-- Up-to-date: /home/alper/ros2_ws/install/custom_msgs/include/custom_msgs/custom_msgs
-- Up-to-date: /home/alper/ros2_ws/install/custom_msgs/include/custom_msgs/custom_msgs/msg
-- Up-to-date: /home/alper/ros2_ws/install/custom_msgs/include/custom_msgs/custom_msgs/msg/detail
-- Installing: /home/alper/ros2_ws/install/custom_msgs/include/custom_msgs/custom_msgs/msg/detail/segmentation_result__rosidl_typesupport_fastrtps_c.h
-- Installing: /home/alper/ros2_ws/install/custom_msgs/include/custom_msgs/custom_msgs/msg/detail/detected_surface__rosidl_typesupport_fastrtps_c.h
-- Installing: /home/alper/ros2_ws/install/custom_msgs/include/custom_msgs/custom_msgs/msg/detail/inference_result__rosidl_typesupport_fastrtps_c.h
-- Installing: /home/alper/ros2_ws/install/custom_msgs/include/custom_msgs/custom_msgs/msg/detail/detected_surfaces__rosidl_typesupport_fastrtps_c.h
-- Installing: /home/alper/ros2_ws/install/custom_msgs/include/custom_msgs/custom_msgs/msg/detail/yolo_inference__rosidl_typesupport_fastrtps_c.h
-- Installing: /home/alper/ros2_ws/install/custom_msgs/include/custom_msgs/custom_msgs/msg/detail/yolo_segmentation_msg__rosidl_typesupport_fastrtps_c.h
-- Installing: /home/alper/ros2_ws/install/custom_msgs/include/custom_msgs/custom_msgs/msg/rosidl_typesupport_fastrtps_c__visibility_control.h
-- Installing: /home/alper/ros2_ws/install/custom_msgs/lib/libcustom_msgs__rosidl_typesupport_fastrtps_c.so
-- Set non-toolchain portion of runtime path of "/home/alper/ros2_ws/install/custom_msgs/lib/libcustom_msgs__rosidl_typesupport_fastrtps_c.so" to ""
-- Up-to-date: /home/alper/ros2_ws/install/custom_msgs/include/custom_msgs/custom_msgs
-- Up-to-date: /home/alper/ros2_ws/install/custom_msgs/include/custom_msgs/custom_msgs/msg
-- Installing: /home/alper/ros2_ws/install/custom_msgs/include/custom_msgs/custom_msgs/msg/rosidl_generator_cpp__visibility_control.hpp
-- Installing: /home/alper/ros2_ws/install/custom_msgs/include/custom_msgs/custom_msgs/msg/detected_surface.hpp
-- Installing: /home/alper/ros2_ws/install/custom_msgs/include/custom_msgs/custom_msgs/msg/detected_surfaces.hpp
-- Up-to-date: /home/alper/ros2_ws/install/custom_msgs/include/custom_msgs/custom_msgs/msg/detail
-- Installing: /home/alper/ros2_ws/install/custom_msgs/include/custom_msgs/custom_msgs/msg/detail/segmentation_result__struct.hpp
-- Installing: /home/alper/ros2_ws/install/custom_msgs/include/custom_msgs/custom_msgs/msg/detail/segmentation_result__type_support.hpp
-- Installing: /home/alper/ros2_ws/install/custom_msgs/include/custom_msgs/custom_msgs/msg/detail/yolo_segmentation_msg__builder.hpp
-- Installing: /home/alper/ros2_ws/install/custom_msgs/include/custom_msgs/custom_msgs/msg/detail/segmentation_result__traits.hpp
-- Installing: /home/alper/ros2_ws/install/custom_msgs/include/custom_msgs/custom_msgs/msg/detail/segmentation_result__builder.hpp
-- Installing: /home/alper/ros2_ws/install/custom_msgs/include/custom_msgs/custom_msgs/msg/detail/detected_surfaces__type_support.hpp
-- Installing: /home/alper/ros2_ws/install/custom_msgs/include/custom_msgs/custom_msgs/msg/detail/yolo_inference__type_support.hpp
-- Installing: /home/alper/ros2_ws/install/custom_msgs/include/custom_msgs/custom_msgs/msg/detail/inference_result__struct.hpp
-- Installing: /home/alper/ros2_ws/install/custom_msgs/include/custom_msgs/custom_msgs/msg/detail/detected_surfaces__builder.hpp
-- Installing: /home/alper/ros2_ws/install/custom_msgs/include/custom_msgs/custom_msgs/msg/detail/detected_surfaces__struct.hpp
-- Installing: /home/alper/ros2_ws/install/custom_msgs/include/custom_msgs/custom_msgs/msg/detail/detected_surfaces__traits.hpp
-- Installing: /home/alper/ros2_ws/install/custom_msgs/include/custom_msgs/custom_msgs/msg/detail/detected_surface__type_support.hpp
-- Installing: /home/alper/ros2_ws/install/custom_msgs/include/custom_msgs/custom_msgs/msg/detail/yolo_segmentation_msg__struct.hpp
-- Installing: /home/alper/ros2_ws/install/custom_msgs/include/custom_msgs/custom_msgs/msg/detail/yolo_inference__traits.hpp
-- Installing: /home/alper/ros2_ws/install/custom_msgs/include/custom_msgs/custom_msgs/msg/detail/yolo_segmentation_msg__traits.hpp
-- Installing: /home/alper/ros2_ws/install/custom_msgs/include/custom_msgs/custom_msgs/msg/detail/detected_surface__traits.hpp
-- Installing: /home/alper/ros2_ws/install/custom_msgs/include/custom_msgs/custom_msgs/msg/detail/inference_result__traits.hpp
-- Installing: /home/alper/ros2_ws/install/custom_msgs/include/custom_msgs/custom_msgs/msg/detail/yolo_segmentation_msg__type_support.hpp
-- Installing: /home/alper/ros2_ws/install/custom_msgs/include/custom_msgs/custom_msgs/msg/detail/inference_result__type_support.hpp
-- Installing: /home/alper/ros2_ws/install/custom_msgs/include/custom_msgs/custom_msgs/msg/detail/detected_surface__builder.hpp
-- Installing: /home/alper/ros2_ws/install/custom_msgs/include/custom_msgs/custom_msgs/msg/detail/detected_surface__struct.hpp
-- Installing: /home/alper/ros2_ws/install/custom_msgs/include/custom_msgs/custom_msgs/msg/detail/inference_result__builder.hpp
-- Installing: /home/alper/ros2_ws/install/custom_msgs/include/custom_msgs/custom_msgs/msg/detail/yolo_inference__builder.hpp
-- Installing: /home/alper/ros2_ws/install/custom_msgs/include/custom_msgs/custom_msgs/msg/detail/yolo_inference__struct.hpp
-- Installing: /home/alper/ros2_ws/install/custom_msgs/include/custom_msgs/custom_msgs/msg/yolo_segmentation_msg.hpp
-- Installing: /home/alper/ros2_ws/install/custom_msgs/include/custom_msgs/custom_msgs/msg/segmentation_result.hpp
-- Installing: /home/alper/ros2_ws/install/custom_msgs/include/custom_msgs/custom_msgs/msg/inference_result.hpp
-- Installing: /home/alper/ros2_ws/install/custom_msgs/include/custom_msgs/custom_msgs/msg/yolo_inference.hpp
-- Up-to-date: /home/alper/ros2_ws/install/custom_msgs/include/custom_msgs/custom_msgs
-- Up-to-date: /home/alper/ros2_ws/install/custom_msgs/include/custom_msgs/custom_msgs/msg
-- Installing: /home/alper/ros2_ws/install/custom_msgs/include/custom_msgs/custom_msgs/msg/rosidl_typesupport_fastrtps_cpp__visibility_control.h
-- Up-to-date: /home/alper/ros2_ws/install/custom_msgs/include/custom_msgs/custom_msgs/msg/detail
-- Installing: /home/alper/ros2_ws/install/custom_msgs/include/custom_msgs/custom_msgs/msg/detail/yolo_segmentation_msg__rosidl_typesupport_fastrtps_cpp.hpp
-- Installing: /home/alper/ros2_ws/install/custom_msgs/include/custom_msgs/custom_msgs/msg/detail/detected_surface__rosidl_typesupport_fastrtps_cpp.hpp
-- Installing: /home/alper/ros2_ws/install/custom_msgs/include/custom_msgs/custom_msgs/msg/detail/dds_fastrtps
-- Installing: /home/alper/ros2_ws/install/custom_msgs/include/custom_msgs/custom_msgs/msg/detail/yolo_inference__rosidl_typesupport_fastrtps_cpp.hpp
-- Installing: /home/alper/ros2_ws/install/custom_msgs/include/custom_msgs/custom_msgs/msg/detail/inference_result__rosidl_typesupport_fastrtps_cpp.hpp
-- Installing: /home/alper/ros2_ws/install/custom_msgs/include/custom_msgs/custom_msgs/msg/detail/detected_surfaces__rosidl_typesupport_fastrtps_cpp.hpp
-- Installing: /home/alper/ros2_ws/install/custom_msgs/include/custom_msgs/custom_msgs/msg/detail/segmentation_result__rosidl_typesupport_fastrtps_cpp.hpp
-- Installing: /home/alper/ros2_ws/install/custom_msgs/lib/libcustom_msgs__rosidl_typesupport_fastrtps_cpp.so
-- Set non-toolchain portion of runtime path of "/home/alper/ros2_ws/install/custom_msgs/lib/libcustom_msgs__rosidl_typesupport_fastrtps_cpp.so" to ""
-- Up-to-date: /home/alper/ros2_ws/install/custom_msgs/include/custom_msgs/custom_msgs
-- Up-to-date: /home/alper/ros2_ws/install/custom_msgs/include/custom_msgs/custom_msgs/msg
-- Up-to-date: /home/alper/ros2_ws/install/custom_msgs/include/custom_msgs/custom_msgs/msg/detail
-- Installing: /home/alper/ros2_ws/install/custom_msgs/include/custom_msgs/custom_msgs/msg/detail/inference_result__type_support.c
-- Installing: /home/alper/ros2_ws/install/custom_msgs/include/custom_msgs/custom_msgs/msg/detail/segmentation_result__rosidl_typesupport_introspection_c.h
-- Installing: /home/alper/ros2_ws/install/custom_msgs/include/custom_msgs/custom_msgs/msg/detail/detected_surface__type_support.c
-- Installing: /home/alper/ros2_ws/install/custom_msgs/include/custom_msgs/custom_msgs/msg/detail/detected_surfaces__rosidl_typesupport_introspection_c.h
-- Installing: /home/alper/ros2_ws/install/custom_msgs/include/custom_msgs/custom_msgs/msg/detail/segmentation_result__type_support.c
-- Installing: /home/alper/ros2_ws/install/custom_msgs/include/custom_msgs/custom_msgs/msg/detail/yolo_segmentation_msg__type_support.c
-- Installing: /home/alper/ros2_ws/install/custom_msgs/include/custom_msgs/custom_msgs/msg/detail/yolo_segmentation_msg__rosidl_typesupport_introspection_c.h
-- Installing: /home/alper/ros2_ws/install/custom_msgs/include/custom_msgs/custom_msgs/msg/detail/inference_result__rosidl_typesupport_introspection_c.h
-- Installing: /home/alper/ros2_ws/install/custom_msgs/include/custom_msgs/custom_msgs/msg/detail/yolo_inference__type_support.c
-- Installing: /home/alper/ros2_ws/install/custom_msgs/include/custom_msgs/custom_msgs/msg/detail/yolo_inference__rosidl_typesupport_introspection_c.h
-- Installing: /home/alper/ros2_ws/install/custom_msgs/include/custom_msgs/custom_msgs/msg/detail/detected_surface__rosidl_typesupport_introspection_c.h
-- Installing: /home/alper/ros2_ws/install/custom_msgs/include/custom_msgs/custom_msgs/msg/detail/detected_surfaces__type_support.c
-- Installing: /home/alper/ros2_ws/install/custom_msgs/include/custom_msgs/custom_msgs/msg/rosidl_typesupport_introspection_c__visibility_control.h
-- Installing: /home/alper/ros2_ws/install/custom_msgs/lib/libcustom_msgs__rosidl_typesupport_introspection_c.so
-- Set non-toolchain portion of runtime path of "/home/alper/ros2_ws/install/custom_msgs/lib/libcustom_msgs__rosidl_typesupport_introspection_c.so" to ""
-- Installing: /home/alper/ros2_ws/install/custom_msgs/lib/libcustom_msgs__rosidl_typesupport_c.so
-- Set non-toolchain portion of runtime path of "/home/alper/ros2_ws/install/custom_msgs/lib/libcustom_msgs__rosidl_typesupport_c.so" to ""
-- Up-to-date: /home/alper/ros2_ws/install/custom_msgs/include/custom_msgs/custom_msgs
-- Up-to-date: /home/alper/ros2_ws/install/custom_msgs/include/custom_msgs/custom_msgs/msg
-- Up-to-date: /home/alper/ros2_ws/install/custom_msgs/include/custom_msgs/custom_msgs/msg/detail
-- Installing: /home/alper/ros2_ws/install/custom_msgs/include/custom_msgs/custom_msgs/msg/detail/detected_surface__type_support.cpp
-- Installing: /home/alper/ros2_ws/install/custom_msgs/include/custom_msgs/custom_msgs/msg/detail/detected_surface__rosidl_typesupport_introspection_cpp.hpp
-- Installing: /home/alper/ros2_ws/install/custom_msgs/include/custom_msgs/custom_msgs/msg/detail/yolo_inference__type_support.cpp
-- Installing: /home/alper/ros2_ws/install/custom_msgs/include/custom_msgs/custom_msgs/msg/detail/detected_surfaces__type_support.cpp
-- Installing: /home/alper/ros2_ws/install/custom_msgs/include/custom_msgs/custom_msgs/msg/detail/yolo_segmentation_msg__rosidl_typesupport_introspection_cpp.hpp
-- Installing: /home/alper/ros2_ws/install/custom_msgs/include/custom_msgs/custom_msgs/msg/detail/yolo_inference__rosidl_typesupport_introspection_cpp.hpp
-- Installing: /home/alper/ros2_ws/install/custom_msgs/include/custom_msgs/custom_msgs/msg/detail/inference_result__rosidl_typesupport_introspection_cpp.hpp
-- Installing: /home/alper/ros2_ws/install/custom_msgs/include/custom_msgs/custom_msgs/msg/detail/detected_surfaces__rosidl_typesupport_introspection_cpp.hpp
-- Installing: /home/alper/ros2_ws/install/custom_msgs/include/custom_msgs/custom_msgs/msg/detail/yolo_segmentation_msg__type_support.cpp
-- Installing: /home/alper/ros2_ws/install/custom_msgs/include/custom_msgs/custom_msgs/msg/detail/segmentation_result__rosidl_typesupport_introspection_cpp.hpp
-- Installing: /home/alper/ros2_ws/install/custom_msgs/include/custom_msgs/custom_msgs/msg/detail/segmentation_result__type_support.cpp
-- Installing: /home/alper/ros2_ws/install/custom_msgs/include/custom_msgs/custom_msgs/msg/detail/inference_result__type_support.cpp
-- Installing: /home/alper/ros2_ws/install/custom_msgs/lib/libcustom_msgs__rosidl_typesupport_introspection_cpp.so
-- Set non-toolchain portion of runtime path of "/home/alper/ros2_ws/install/custom_msgs/lib/libcustom_msgs__rosidl_typesupport_introspection_cpp.so" to ""
-- Installing: /home/alper/ros2_ws/install/custom_msgs/lib/libcustom_msgs__rosidl_typesupport_cpp.so
-- Set non-toolchain portion of runtime path of "/home/alper/ros2_ws/install/custom_msgs/lib/libcustom_msgs__rosidl_typesupport_cpp.so" to ""
-- Installing: /home/alper/ros2_ws/install/custom_msgs/share/custom_msgs/environment/pythonpath.sh
-- Installing: /home/alper/ros2_ws/install/custom_msgs/share/custom_msgs/environment/pythonpath.dsv
-- Installing: /home/alper/ros2_ws/install/custom_msgs/lib/python3.12/site-packages/custom_msgs-0.0.0-py3.12.egg-info
-- Installing: /home/alper/ros2_ws/install/custom_msgs/lib/python3.12/site-packages/custom_msgs-0.0.0-py3.12.egg-info/SOURCES.txt
-- Installing: /home/alper/ros2_ws/install/custom_msgs/lib/python3.12/site-packages/custom_msgs-0.0.0-py3.12.egg-info/dependency_links.txt
-- Installing: /home/alper/ros2_ws/install/custom_msgs/lib/python3.12/site-packages/custom_msgs-0.0.0-py3.12.egg-info/top_level.txt
-- Installing: /home/alper/ros2_ws/install/custom_msgs/lib/python3.12/site-packages/custom_msgs-0.0.0-py3.12.egg-info/PKG-INFO
-- Installing: /home/alper/ros2_ws/install/custom_msgs/lib/python3.12/site-packages/custom_msgs
-- Installing: /home/alper/ros2_ws/install/custom_msgs/lib/python3.12/site-packages/custom_msgs/custom_msgs_s__rosidl_typesupport_fastrtps_c.so
-- Installing: /home/alper/ros2_ws/install/custom_msgs/lib/python3.12/site-packages/custom_msgs/_custom_msgs_s.ep.rosidl_typesupport_fastrtps_c.c
-- Installing: /home/alper/ros2_ws/install/custom_msgs/lib/python3.12/site-packages/custom_msgs/_custom_msgs_s.ep.rosidl_typesupport_introspection_c.c
-- Installing: /home/alper/ros2_ws/install/custom_msgs/lib/python3.12/site-packages/custom_msgs/custom_msgs_s__rosidl_typesupport_introspection_c.so
-- Installing: /home/alper/ros2_ws/install/custom_msgs/lib/python3.12/site-packages/custom_msgs/msg
-- Installing: /home/alper/ros2_ws/install/custom_msgs/lib/python3.12/site-packages/custom_msgs/msg/_yolo_segmentation_msg.py
-- Installing: /home/alper/ros2_ws/install/custom_msgs/lib/python3.12/site-packages/custom_msgs/msg/_segmentation_result_s.c
-- Installing: /home/alper/ros2_ws/install/custom_msgs/lib/python3.12/site-packages/custom_msgs/msg/_detected_surfaces.py
-- Installing: /home/alper/ros2_ws/install/custom_msgs/lib/python3.12/site-packages/custom_msgs/msg/_inference_result.py
-- Installing: /home/alper/ros2_ws/install/custom_msgs/lib/python3.12/site-packages/custom_msgs/msg/_detected_surface_s.c
-- Installing: /home/alper/ros2_ws/install/custom_msgs/lib/python3.12/site-packages/custom_msgs/msg/_detected_surfaces_s.c
-- Installing: /home/alper/ros2_ws/install/custom_msgs/lib/python3.12/site-packages/custom_msgs/msg/_yolo_segmentation_msg_s.c
-- Installing: /home/alper/ros2_ws/install/custom_msgs/lib/python3.12/site-packages/custom_msgs/msg/_yolo_inference_s.c
-- Installing: /home/alper/ros2_ws/install/custom_msgs/lib/python3.12/site-packages/custom_msgs/msg/_yolo_inference.py
-- Installing: /home/alper/ros2_ws/install/custom_msgs/lib/python3.12/site-packages/custom_msgs/msg/_detected_surface.py
-- Installing: /home/alper/ros2_ws/install/custom_msgs/lib/python3.12/site-packages/custom_msgs/msg/_inference_result_s.c
-- Installing: /home/alper/ros2_ws/install/custom_msgs/lib/python3.12/site-packages/custom_msgs/msg/__init__.py
-- Installing: /home/alper/ros2_ws/install/custom_msgs/lib/python3.12/site-packages/custom_msgs/msg/_segmentation_result.py
-- Installing: /home/alper/ros2_ws/install/custom_msgs/lib/python3.12/site-packages/custom_msgs/custom_msgs_s__rosidl_typesupport_c.so
-- Installing: /home/alper/ros2_ws/install/custom_msgs/lib/python3.12/site-packages/custom_msgs/__init__.py
-- Installing: /home/alper/ros2_ws/install/custom_msgs/lib/python3.12/site-packages/custom_msgs/_custom_msgs_s.ep.rosidl_typesupport_c.c
Listing '/home/alper/ros2_ws/install/custom_msgs/lib/python3.12/site-packages/custom_msgs'...
Compiling '/home/alper/ros2_ws/install/custom_msgs/lib/python3.12/site-packages/custom_msgs/__init__.py'...
Listing '/home/alper/ros2_ws/install/custom_msgs/lib/python3.12/site-packages/custom_msgs/msg'...
Compiling '/home/alper/ros2_ws/install/custom_msgs/lib/python3.12/site-packages/custom_msgs/msg/__init__.py'...
Compiling '/home/alper/ros2_ws/install/custom_msgs/lib/python3.12/site-packages/custom_msgs/msg/_detected_surface.py'...
Compiling '/home/alper/ros2_ws/install/custom_msgs/lib/python3.12/site-packages/custom_msgs/msg/_detected_surfaces.py'...
Compiling '/home/alper/ros2_ws/install/custom_msgs/lib/python3.12/site-packages/custom_msgs/msg/_inference_result.py'...
Compiling '/home/alper/ros2_ws/install/custom_msgs/lib/python3.12/site-packages/custom_msgs/msg/_segmentation_result.py'...
Compiling '/home/alper/ros2_ws/install/custom_msgs/lib/python3.12/site-packages/custom_msgs/msg/_yolo_inference.py'...
Compiling '/home/alper/ros2_ws/install/custom_msgs/lib/python3.12/site-packages/custom_msgs/msg/_yolo_segmentation_msg.py'...
-- Installing: /home/alper/ros2_ws/install/custom_msgs/lib/python3.12/site-packages/custom_msgs/custom_msgs_s__rosidl_typesupport_fastrtps_c.so
-- Set non-toolchain portion of runtime path of "/home/alper/ros2_ws/install/custom_msgs/lib/python3.12/site-packages/custom_msgs/custom_msgs_s__rosidl_typesupport_fastrtps_c.so" to ""
-- Installing: /home/alper/ros2_ws/install/custom_msgs/lib/python3.12/site-packages/custom_msgs/custom_msgs_s__rosidl_typesupport_introspection_c.so
-- Set non-toolchain portion of runtime path of "/home/alper/ros2_ws/install/custom_msgs/lib/python3.12/site-packages/custom_msgs/custom_msgs_s__rosidl_typesupport_introspection_c.so" to ""
-- Installing: /home/alper/ros2_ws/install/custom_msgs/lib/python3.12/site-packages/custom_msgs/custom_msgs_s__rosidl_typesupport_c.so
-- Set non-toolchain portion of runtime path of "/home/alper/ros2_ws/install/custom_msgs/lib/python3.12/site-packages/custom_msgs/custom_msgs_s__rosidl_typesupport_c.so" to ""
-- Installing: /home/alper/ros2_ws/install/custom_msgs/lib/libcustom_msgs__rosidl_generator_py.so
-- Set non-toolchain portion of runtime path of "/home/alper/ros2_ws/install/custom_msgs/lib/libcustom_msgs__rosidl_generator_py.so" to ""
-- Installing: /home/alper/ros2_ws/install/custom_msgs/share/custom_msgs/msg/InferenceResult.idl
-- Installing: /home/alper/ros2_ws/install/custom_msgs/share/custom_msgs/msg/YoloInference.idl
-- Installing: /home/alper/ros2_ws/install/custom_msgs/share/custom_msgs/msg/SegmentationResult.idl
-- Installing: /home/alper/ros2_ws/install/custom_msgs/share/custom_msgs/msg/YoloSegmentationMsg.idl
-- Installing: /home/alper/ros2_ws/install/custom_msgs/share/custom_msgs/msg/DetectedSurface.idl
-- Installing: /home/alper/ros2_ws/install/custom_msgs/share/custom_msgs/msg/DetectedSurfaces.idl
-- Installing: /home/alper/ros2_ws/install/custom_msgs/share/custom_msgs/msg/InferenceResult.msg
-- Installing: /home/alper/ros2_ws/install/custom_msgs/share/custom_msgs/msg/YoloInference.msg
-- Installing: /home/alper/ros2_ws/install/custom_msgs/share/custom_msgs/msg/SegmentationResult.msg
-- Installing: /home/alper/ros2_ws/install/custom_msgs/share/custom_msgs/msg/YoloSegmentationMsg.msg
-- Installing: /home/alper/ros2_ws/install/custom_msgs/share/custom_msgs/msg/DetectedSurface.msg
-- Installing: /home/alper/ros2_ws/install/custom_msgs/share/custom_msgs/msg/DetectedSurfaces.msg
-- Installing: /home/alper/ros2_ws/install/custom_msgs/share/ament_index/resource_index/package_run_dependencies/custom_msgs
-- Installing: /home/alper/ros2_ws/install/custom_msgs/share/ament_index/resource_index/parent_prefix_path/custom_msgs
-- Installing: /home/alper/ros2_ws/install/custom_msgs/share/custom_msgs/environment/ament_prefix_path.sh
-- Installing: /home/alper/ros2_ws/install/custom_msgs/share/custom_msgs/environment/ament_prefix_path.dsv
-- Installing: /home/alper/ros2_ws/install/custom_msgs/share/custom_msgs/environment/path.sh
-- Installing: /home/alper/ros2_ws/install/custom_msgs/share/custom_msgs/environment/path.dsv
-- Installing: /home/alper/ros2_ws/install/custom_msgs/share/custom_msgs/local_setup.bash
-- Installing: /home/alper/ros2_ws/install/custom_msgs/share/custom_msgs/local_setup.sh
-- Installing: /home/alper/ros2_ws/install/custom_msgs/share/custom_msgs/local_setup.zsh
-- Installing: /home/alper/ros2_ws/install/custom_msgs/share/custom_msgs/local_setup.dsv
-- Installing: /home/alper/ros2_ws/install/custom_msgs/share/custom_msgs/package.dsv
-- Installing: /home/alper/ros2_ws/install/custom_msgs/share/ament_index/resource_index/packages/custom_msgs
-- Installing: /home/alper/ros2_ws/install/custom_msgs/share/custom_msgs/cmake/export_custom_msgs__rosidl_generator_cExport.cmake
-- Installing: /home/alper/ros2_ws/install/custom_msgs/share/custom_msgs/cmake/export_custom_msgs__rosidl_generator_cExport-noconfig.cmake
-- Installing: /home/alper/ros2_ws/install/custom_msgs/share/custom_msgs/cmake/export_custom_msgs__rosidl_typesupport_fastrtps_cExport.cmake
-- Installing: /home/alper/ros2_ws/install/custom_msgs/share/custom_msgs/cmake/export_custom_msgs__rosidl_typesupport_fastrtps_cExport-noconfig.cmake
-- Installing: /home/alper/ros2_ws/install/custom_msgs/share/custom_msgs/cmake/export_custom_msgs__rosidl_generator_cppExport.cmake
-- Installing: /home/alper/ros2_ws/install/custom_msgs/share/custom_msgs/cmake/export_custom_msgs__rosidl_typesupport_fastrtps_cppExport.cmake
-- Installing: /home/alper/ros2_ws/install/custom_msgs/share/custom_msgs/cmake/export_custom_msgs__rosidl_typesupport_fastrtps_cppExport-noconfig.cmake
-- Installing: /home/alper/ros2_ws/install/custom_msgs/share/custom_msgs/cmake/custom_msgs__rosidl_typesupport_introspection_cExport.cmake
-- Installing: /home/alper/ros2_ws/install/custom_msgs/share/custom_msgs/cmake/custom_msgs__rosidl_typesupport_introspection_cExport-noconfig.cmake
-- Installing: /home/alper/ros2_ws/install/custom_msgs/share/custom_msgs/cmake/custom_msgs__rosidl_typesupport_cExport.cmake
-- Installing: /home/alper/ros2_ws/install/custom_msgs/share/custom_msgs/cmake/custom_msgs__rosidl_typesupport_cExport-noconfig.cmake
-- Installing: /home/alper/ros2_ws/install/custom_msgs/share/custom_msgs/cmake/custom_msgs__rosidl_typesupport_introspection_cppExport.cmake
-- Installing: /home/alper/ros2_ws/install/custom_msgs/share/custom_msgs/cmake/custom_msgs__rosidl_typesupport_introspection_cppExport-noconfig.cmake
-- Installing: /home/alper/ros2_ws/install/custom_msgs/share/custom_msgs/cmake/custom_msgs__rosidl_typesupport_cppExport.cmake
-- Installing: /home/alper/ros2_ws/install/custom_msgs/share/custom_msgs/cmake/custom_msgs__rosidl_typesupport_cppExport-noconfig.cmake
-- Installing: /home/alper/ros2_ws/install/custom_msgs/share/custom_msgs/cmake/export_custom_msgs__rosidl_generator_pyExport.cmake
-- Installing: /home/alper/ros2_ws/install/custom_msgs/share/custom_msgs/cmake/export_custom_msgs__rosidl_generator_pyExport-noconfig.cmake
-- Installing: /home/alper/ros2_ws/install/custom_msgs/share/custom_msgs/cmake/rosidl_cmake-extras.cmake
-- Installing: /home/alper/ros2_ws/install/custom_msgs/share/custom_msgs/cmake/ament_cmake_export_dependencies-extras.cmake
-- Installing: /home/alper/ros2_ws/install/custom_msgs/share/custom_msgs/cmake/ament_cmake_export_include_directories-extras.cmake
-- Installing: /home/alper/ros2_ws/install/custom_msgs/share/custom_msgs/cmake/ament_cmake_export_libraries-extras.cmake
-- Installing: /home/alper/ros2_ws/install/custom_msgs/share/custom_msgs/cmake/ament_cmake_export_targets-extras.cmake
-- Installing: /home/alper/ros2_ws/install/custom_msgs/share/custom_msgs/cmake/rosidl_cmake_export_typesupport_targets-extras.cmake
-- Installing: /home/alper/ros2_ws/install/custom_msgs/share/custom_msgs/cmake/rosidl_cmake_export_typesupport_libraries-extras.cmake
-- Installing: /home/alper/ros2_ws/install/custom_msgs/share/custom_msgs/cmake/custom_msgsConfig.cmake
-- Installing: /home/alper/ros2_ws/install/custom_msgs/share/custom_msgs/cmake/custom_msgsConfig-version.cmake
-- Installing: /home/alper/ros2_ws/install/custom_msgs/share/custom_msgs/package.xml
