[0.012s] Invoking command in '/home/alper/ros2_ws/build/custom_msgs': CMAKE_PREFIX_PATH=${CMAKE_PREFIX_PATH}:/opt/ros/jazzy DEBUGINFOD_URLS=https://debuginfod.ubuntu.com PS1=(ros2_venv) \[\e]0;\u@\h: \w\a\]${debian_chroot:+($debian_chroot)}\[\033[01;32m\]\u@\h\[\033[00m\]:\[\033[01;34m\]\w\[\033[00m\]\$ VIRTUAL_ENV_PROMPT=(ros2_venv) /usr/bin/cmake /home/alper/ros2_ws/src/custom_msgs -DCMAKE_INSTALL_PREFIX=/home/alper/ros2_ws/install/custom_msgs
[0.172s] -- The C compiler identification is GNU 13.3.0
[0.284s] -- The CXX compiler identification is GNU 13.3.0
[0.311s] -- Detecting C compiler ABI info
[0.432s] -- Detecting C compiler ABI info - done
[0.445s] -- Check for working C compiler: /usr/bin/cc - skipped
[0.446s] -- Detecting C compile features
[0.446s] -- Detecting C compile features - done
[0.459s] -- Detecting CXX compiler ABI info
[0.582s] -- Detecting CXX compiler ABI info - done
[0.592s] -- Check for working CXX compiler: /usr/bin/c++ - skipped
[0.592s] -- Detecting CXX compile features
[0.593s] -- Detecting CXX compile features - done
[0.602s] -- Found ament_cmake: 2.5.3 (/opt/ros/jazzy/share/ament_cmake/cmake)
[0.725s] -- Found Python3: /home/alper/ros2_venv/bin/python3 (found version "3.12.3") found components: Interpreter 
[0.840s] -- Found std_msgs: 5.3.6 (/opt/ros/jazzy/share/std_msgs/cmake)
[0.886s] -- Found rosidl_generator_c: 4.6.5 (/opt/ros/jazzy/share/rosidl_generator_c/cmake)
[0.900s] -- Found rosidl_generator_cpp: 4.6.5 (/opt/ros/jazzy/share/rosidl_generator_cpp/cmake)
[0.924s] -- Using all available rosidl_typesupport_c: rosidl_typesupport_fastrtps_c;rosidl_typesupport_introspection_c
[0.944s] -- Using all available rosidl_typesupport_cpp: rosidl_typesupport_fastrtps_cpp;rosidl_typesupport_introspection_cpp
[0.973s] -- Found rosidl_default_generators: 1.6.0 (/opt/ros/jazzy/share/rosidl_default_generators/cmake)
[0.986s] -- Found rosidl_adapter: 4.6.5 (/opt/ros/jazzy/share/rosidl_adapter/cmake)
[0.990s] -- Found ament_lint_auto: 0.17.2 (/opt/ros/jazzy/share/ament_lint_auto/cmake)
[1.509s] -- Found ament_cmake_ros: 0.12.0 (/opt/ros/jazzy/share/ament_cmake_ros/cmake)
[2.159s] -- Using all available rosidl_typesupport_c: rosidl_typesupport_fastrtps_c;rosidl_typesupport_introspection_c
[2.415s] -- Using all available rosidl_typesupport_cpp: rosidl_typesupport_fastrtps_cpp;rosidl_typesupport_introspection_cpp
[2.421s] -- Found python_cmake_module: 0.11.1 (/opt/ros/jazzy/share/python_cmake_module/cmake)
[2.543s] -- Found PythonExtra: /home/alper/ros2_venv/bin/python3  
[2.956s] -- Found Python3: /home/alper/ros2_venv/bin/python3 (found version "3.12.3") found components: Interpreter Development NumPy Development.Module Development.Embed 
[3.008s] -- Configuring done (3.0s)
[3.036s] -- Generating done (0.0s)
[3.043s] -- Build files have been written to: /home/alper/ros2_ws/build/custom_msgs
[3.049s] Invoked command in '/home/alper/ros2_ws/build/custom_msgs' returned '0': CMAKE_PREFIX_PATH=${CMAKE_PREFIX_PATH}:/opt/ros/jazzy DEBUGINFOD_URLS=https://debuginfod.ubuntu.com PS1=(ros2_venv) \[\e]0;\u@\h: \w\a\]${debian_chroot:+($debian_chroot)}\[\033[01;32m\]\u@\h\[\033[00m\]:\[\033[01;34m\]\w\[\033[00m\]\$ VIRTUAL_ENV_PROMPT=(ros2_venv) /usr/bin/cmake /home/alper/ros2_ws/src/custom_msgs -DCMAKE_INSTALL_PREFIX=/home/alper/ros2_ws/install/custom_msgs
[3.050s] Invoking command in '/home/alper/ros2_ws/build/custom_msgs': CMAKE_PREFIX_PATH=${CMAKE_PREFIX_PATH}:/opt/ros/jazzy DEBUGINFOD_URLS=https://debuginfod.ubuntu.com PS1=(ros2_venv) \[\e]0;\u@\h: \w\a\]${debian_chroot:+($debian_chroot)}\[\033[01;32m\]\u@\h\[\033[00m\]:\[\033[01;34m\]\w\[\033[00m\]\$ VIRTUAL_ENV_PROMPT=(ros2_venv) /usr/bin/cmake --build /home/alper/ros2_ws/build/custom_msgs -- -j32 -l32
[3.118s] [  1%] [34m[1mGenerating type hashes for ROS interfaces[0m
[3.129s] [  1%] Built target ament_cmake_python_copy_custom_msgs
[3.271s] running egg_info
[3.280s] creating custom_msgs.egg-info
[3.280s] writing custom_msgs.egg-info/PKG-INFO
[3.280s] writing dependency_links to custom_msgs.egg-info/dependency_links.txt
[3.281s] writing top-level names to custom_msgs.egg-info/top_level.txt
[3.281s] writing manifest file 'custom_msgs.egg-info/SOURCES.txt'
[3.301s] [  1%] Built target custom_msgs__rosidl_generator_type_description
[3.307s] reading manifest file 'custom_msgs.egg-info/SOURCES.txt'
[3.308s] writing manifest file 'custom_msgs.egg-info/SOURCES.txt'
[3.309s] [  2%] [34m[1mGenerating C code for ROS interfaces[0m
[3.318s] [  3%] [34m[1mGenerating C++ code for ROS interfaces[0m
[3.329s] [  3%] Built target ament_cmake_python_build_custom_msgs_egg
[3.645s] [  3%] Built target custom_msgs__cpp
[3.742s] [  4%] [32mBuilding C object CMakeFiles/custom_msgs__rosidl_generator_c.dir/rosidl_generator_c/custom_msgs/msg/detail/yolo_inference__description.c.o[0m
[3.744s] [  5%] [32mBuilding C object CMakeFiles/custom_msgs__rosidl_generator_c.dir/rosidl_generator_c/custom_msgs/msg/detail/yolo_inference__type_support.c.o[0m
[3.744s] [  7%] [32mBuilding C object CMakeFiles/custom_msgs__rosidl_generator_c.dir/rosidl_generator_c/custom_msgs/msg/detail/segmentation_result__type_support.c.o[0m
[3.745s] [  8%] [32mBuilding C object CMakeFiles/custom_msgs__rosidl_generator_c.dir/rosidl_generator_c/custom_msgs/msg/detail/inference_result__description.c.o[0m
[3.745s] [  9%] [32mBuilding C object CMakeFiles/custom_msgs__rosidl_generator_c.dir/rosidl_generator_c/custom_msgs/msg/detail/yolo_segmentation_msg__description.c.o[0m
[3.746s] [ 10%] [32mBuilding C object CMakeFiles/custom_msgs__rosidl_generator_c.dir/rosidl_generator_c/custom_msgs/msg/detail/inference_result__functions.c.o[0m
[3.747s] [ 11%] [32mBuilding C object CMakeFiles/custom_msgs__rosidl_generator_c.dir/rosidl_generator_c/custom_msgs/msg/detail/inference_result__type_support.c.o[0m
[3.747s] [ 13%] [32mBuilding C object CMakeFiles/custom_msgs__rosidl_generator_c.dir/rosidl_generator_c/custom_msgs/msg/detail/yolo_inference__functions.c.o[0m
[3.747s] [ 15%] [32mBuilding C object CMakeFiles/custom_msgs__rosidl_generator_c.dir/rosidl_generator_c/custom_msgs/msg/detail/segmentation_result__description.c.o[0m
[3.748s] [ 15%] [32mBuilding C object CMakeFiles/custom_msgs__rosidl_generator_c.dir/rosidl_generator_c/custom_msgs/msg/detail/detected_surface__description.c.o[0m
[3.748s] [ 16%] [32mBuilding C object CMakeFiles/custom_msgs__rosidl_generator_c.dir/rosidl_generator_c/custom_msgs/msg/detail/segmentation_result__functions.c.o[0m
[3.749s] [ 17%] [32mBuilding C object CMakeFiles/custom_msgs__rosidl_generator_c.dir/rosidl_generator_c/custom_msgs/msg/detail/detected_surface__type_support.c.o[0m
[3.749s] [ 19%] [32mBuilding C object CMakeFiles/custom_msgs__rosidl_generator_c.dir/rosidl_generator_c/custom_msgs/msg/detail/detected_surfaces__description.c.o[0m
[3.750s] [ 20%] [32mBuilding C object CMakeFiles/custom_msgs__rosidl_generator_c.dir/rosidl_generator_c/custom_msgs/msg/detail/detected_surfaces__type_support.c.o[0m
[3.751s] [ 21%] [32mBuilding C object CMakeFiles/custom_msgs__rosidl_generator_c.dir/rosidl_generator_c/custom_msgs/msg/detail/yolo_segmentation_msg__functions.c.o[0m
[3.751s] [ 22%] [32mBuilding C object CMakeFiles/custom_msgs__rosidl_generator_c.dir/rosidl_generator_c/custom_msgs/msg/detail/yolo_segmentation_msg__type_support.c.o[0m
[3.753s] [ 23%] [32mBuilding C object CMakeFiles/custom_msgs__rosidl_generator_c.dir/rosidl_generator_c/custom_msgs/msg/detail/detected_surface__functions.c.o[0m
[3.754s] [ 25%] [32mBuilding C object CMakeFiles/custom_msgs__rosidl_generator_c.dir/rosidl_generator_c/custom_msgs/msg/detail/detected_surfaces__functions.c.o[0m
[3.814s] [ 26%] [32m[1mLinking C shared library libcustom_msgs__rosidl_generator_c.so[0m
[3.861s] [ 26%] Built target custom_msgs__rosidl_generator_c
[3.875s] [ 28%] [34m[1mGenerating C++ type support dispatch for ROS interfaces[0m
[3.875s] [ 28%] [34m[1mGenerating C++ introspection for ROS interfaces[0m
[3.875s] [ 32%] [34m[1mGenerating C type support for eProsima Fast-RTPS[0m
[3.875s] [ 32%] [34m[1mGenerating C introspection for ROS interfaces[0m
[3.876s] [ 32%] [34m[1mGenerating C++ type support for eProsima Fast-RTPS[0m
[3.876s] [ 33%] [34m[1mGenerating C type support dispatch for ROS interfaces[0m
[4.099s] [ 35%] [32mBuilding CXX object CMakeFiles/custom_msgs__rosidl_typesupport_c.dir/rosidl_typesupport_c/custom_msgs/msg/inference_result__type_support.cpp.o[0m
[4.099s] [ 35%] [32mBuilding CXX object CMakeFiles/custom_msgs__rosidl_typesupport_c.dir/rosidl_typesupport_c/custom_msgs/msg/segmentation_result__type_support.cpp.o[0m
[4.099s] [ 36%] [32mBuilding CXX object CMakeFiles/custom_msgs__rosidl_typesupport_cpp.dir/rosidl_typesupport_cpp/custom_msgs/msg/yolo_segmentation_msg__type_support.cpp.o[0m
[4.099s] [ 38%] [32mBuilding CXX object CMakeFiles/custom_msgs__rosidl_typesupport_c.dir/rosidl_typesupport_c/custom_msgs/msg/detected_surface__type_support.cpp.o[0m
[4.101s] [ 39%] [32mBuilding CXX object CMakeFiles/custom_msgs__rosidl_typesupport_cpp.dir/rosidl_typesupport_cpp/custom_msgs/msg/segmentation_result__type_support.cpp.o[0m
[4.101s] [ 40%] [32mBuilding CXX object CMakeFiles/custom_msgs__rosidl_typesupport_c.dir/rosidl_typesupport_c/custom_msgs/msg/yolo_inference__type_support.cpp.o[0m
[4.101s] [ 42%] [32mBuilding CXX object CMakeFiles/custom_msgs__rosidl_typesupport_cpp.dir/rosidl_typesupport_cpp/custom_msgs/msg/yolo_inference__type_support.cpp.o[0m
[4.101s] [ 42%] [32mBuilding CXX object CMakeFiles/custom_msgs__rosidl_typesupport_cpp.dir/rosidl_typesupport_cpp/custom_msgs/msg/inference_result__type_support.cpp.o[0m
[4.101s] [ 44%] [32mBuilding CXX object CMakeFiles/custom_msgs__rosidl_typesupport_cpp.dir/rosidl_typesupport_cpp/custom_msgs/msg/detected_surface__type_support.cpp.o[0m
[4.101s] [ 45%] [32mBuilding CXX object CMakeFiles/custom_msgs__rosidl_typesupport_c.dir/rosidl_typesupport_c/custom_msgs/msg/yolo_segmentation_msg__type_support.cpp.o[0m
[4.101s] [ 46%] [32mBuilding CXX object CMakeFiles/custom_msgs__rosidl_typesupport_c.dir/rosidl_typesupport_c/custom_msgs/msg/detected_surfaces__type_support.cpp.o[0m
[4.102s] [ 47%] [32mBuilding CXX object CMakeFiles/custom_msgs__rosidl_typesupport_cpp.dir/rosidl_typesupport_cpp/custom_msgs/msg/detected_surfaces__type_support.cpp.o[0m
[4.141s] [ 50%] [32mBuilding CXX object CMakeFiles/custom_msgs__rosidl_typesupport_introspection_cpp.dir/rosidl_typesupport_introspection_cpp/custom_msgs/msg/detail/segmentation_result__type_support.cpp.o[0m
[4.141s] [ 50%] [32mBuilding CXX object CMakeFiles/custom_msgs__rosidl_typesupport_introspection_cpp.dir/rosidl_typesupport_introspection_cpp/custom_msgs/msg/detail/yolo_segmentation_msg__type_support.cpp.o[0m
[4.141s] [ 51%] [32mBuilding CXX object CMakeFiles/custom_msgs__rosidl_typesupport_introspection_cpp.dir/rosidl_typesupport_introspection_cpp/custom_msgs/msg/detail/detected_surface__type_support.cpp.o[0m
[4.142s] [ 52%] [32mBuilding CXX object CMakeFiles/custom_msgs__rosidl_typesupport_introspection_cpp.dir/rosidl_typesupport_introspection_cpp/custom_msgs/msg/detail/detected_surfaces__type_support.cpp.o[0m
[4.142s] [ 53%] [32m[1mLinking CXX shared library libcustom_msgs__rosidl_typesupport_c.so[0m
[4.143s] [ 54%] [32mBuilding CXX object CMakeFiles/custom_msgs__rosidl_typesupport_introspection_cpp.dir/rosidl_typesupport_introspection_cpp/custom_msgs/msg/detail/inference_result__type_support.cpp.o[0m
[4.143s] [ 55%] [32mBuilding CXX object CMakeFiles/custom_msgs__rosidl_typesupport_introspection_cpp.dir/rosidl_typesupport_introspection_cpp/custom_msgs/msg/detail/yolo_inference__type_support.cpp.o[0m
[4.150s] [ 58%] [32mBuilding C object CMakeFiles/custom_msgs__rosidl_typesupport_introspection_c.dir/rosidl_typesupport_introspection_c/custom_msgs/msg/detail/segmentation_result__type_support.c.o[0m
[4.150s] [ 58%] [32mBuilding C object CMakeFiles/custom_msgs__rosidl_typesupport_introspection_c.dir/rosidl_typesupport_introspection_c/custom_msgs/msg/detail/yolo_inference__type_support.c.o[0m
[4.152s] [ 60%] [32mBuilding C object CMakeFiles/custom_msgs__rosidl_typesupport_introspection_c.dir/rosidl_typesupport_introspection_c/custom_msgs/msg/detail/yolo_segmentation_msg__type_support.c.o[0m
[4.152s] [ 60%] [32mBuilding C object CMakeFiles/custom_msgs__rosidl_typesupport_introspection_c.dir/rosidl_typesupport_introspection_c/custom_msgs/msg/detail/inference_result__type_support.c.o[0m
[4.152s] [ 61%] [32mBuilding C object CMakeFiles/custom_msgs__rosidl_typesupport_introspection_c.dir/rosidl_typesupport_introspection_c/custom_msgs/msg/detail/detected_surfaces__type_support.c.o[0m
[4.152s] [ 63%] [32mBuilding C object CMakeFiles/custom_msgs__rosidl_typesupport_introspection_c.dir/rosidl_typesupport_introspection_c/custom_msgs/msg/detail/detected_surface__type_support.c.o[0m
[4.174s] [ 63%] Built target custom_msgs__rosidl_typesupport_c
[4.187s] [ 64%] [32m[1mLinking C shared library libcustom_msgs__rosidl_typesupport_introspection_c.so[0m
[4.215s] [ 64%] Built target custom_msgs__rosidl_typesupport_introspection_c
[4.223s] [ 66%] [32mBuilding CXX object CMakeFiles/custom_msgs__rosidl_typesupport_fastrtps_cpp.dir/rosidl_typesupport_fastrtps_cpp/custom_msgs/msg/detail/dds_fastrtps/inference_result__type_support.cpp.o[0m
[4.223s] [ 66%] [32mBuilding CXX object CMakeFiles/custom_msgs__rosidl_typesupport_fastrtps_cpp.dir/rosidl_typesupport_fastrtps_cpp/custom_msgs/msg/detail/dds_fastrtps/yolo_inference__type_support.cpp.o[0m
[4.223s] [ 67%] [32mBuilding CXX object CMakeFiles/custom_msgs__rosidl_typesupport_fastrtps_cpp.dir/rosidl_typesupport_fastrtps_cpp/custom_msgs/msg/detail/dds_fastrtps/segmentation_result__type_support.cpp.o[0m
[4.224s] [ 69%] [32mBuilding CXX object CMakeFiles/custom_msgs__rosidl_typesupport_fastrtps_cpp.dir/rosidl_typesupport_fastrtps_cpp/custom_msgs/msg/detail/dds_fastrtps/detected_surface__type_support.cpp.o[0m
[4.225s] [ 70%] [32mBuilding CXX object CMakeFiles/custom_msgs__rosidl_typesupport_fastrtps_cpp.dir/rosidl_typesupport_fastrtps_cpp/custom_msgs/msg/detail/dds_fastrtps/yolo_segmentation_msg__type_support.cpp.o[0m
[4.225s] [ 71%] [32mBuilding CXX object CMakeFiles/custom_msgs__rosidl_typesupport_fastrtps_cpp.dir/rosidl_typesupport_fastrtps_cpp/custom_msgs/msg/detail/dds_fastrtps/detected_surfaces__type_support.cpp.o[0m
[4.240s] [ 72%] [32mBuilding CXX object CMakeFiles/custom_msgs__rosidl_typesupport_fastrtps_c.dir/rosidl_typesupport_fastrtps_c/custom_msgs/msg/detail/yolo_inference__type_support_c.cpp.o[0m
[4.240s] [ 73%] [32mBuilding CXX object CMakeFiles/custom_msgs__rosidl_typesupport_fastrtps_c.dir/rosidl_typesupport_fastrtps_c/custom_msgs/msg/detail/detected_surfaces__type_support_c.cpp.o[0m
[4.241s] [ 75%] [32mBuilding CXX object CMakeFiles/custom_msgs__rosidl_typesupport_fastrtps_c.dir/rosidl_typesupport_fastrtps_c/custom_msgs/msg/detail/inference_result__type_support_c.cpp.o[0m
[4.241s] [ 76%] [32mBuilding CXX object CMakeFiles/custom_msgs__rosidl_typesupport_fastrtps_c.dir/rosidl_typesupport_fastrtps_c/custom_msgs/msg/detail/segmentation_result__type_support_c.cpp.o[0m
[4.241s] [ 77%] [32mBuilding CXX object CMakeFiles/custom_msgs__rosidl_typesupport_fastrtps_c.dir/rosidl_typesupport_fastrtps_c/custom_msgs/msg/detail/yolo_segmentation_msg__type_support_c.cpp.o[0m
[4.241s] [ 78%] [32mBuilding CXX object CMakeFiles/custom_msgs__rosidl_typesupport_fastrtps_c.dir/rosidl_typesupport_fastrtps_c/custom_msgs/msg/detail/detected_surface__type_support_c.cpp.o[0m
[4.429s] [ 79%] [32m[1mLinking CXX shared library libcustom_msgs__rosidl_typesupport_cpp.so[0m
[4.472s] [ 79%] Built target custom_msgs__rosidl_typesupport_cpp
[4.510s] [ 80%] [32m[1mLinking CXX shared library libcustom_msgs__rosidl_typesupport_introspection_cpp.so[0m
[4.579s] [ 80%] Built target custom_msgs__rosidl_typesupport_introspection_cpp
[4.638s] [ 82%] [32m[1mLinking CXX shared library libcustom_msgs__rosidl_typesupport_fastrtps_c.so[0m
[4.660s] [ 83%] [32m[1mLinking CXX shared library libcustom_msgs__rosidl_typesupport_fastrtps_cpp.so[0m
[4.698s] [ 83%] Built target custom_msgs__rosidl_typesupport_fastrtps_c
[4.716s] [ 83%] Built target custom_msgs__rosidl_typesupport_fastrtps_cpp
[4.745s] [ 83%] Built target custom_msgs
[4.775s] [ 84%] [34m[1mGenerating Python code for ROS interfaces[0m
[5.281s] [ 84%] Built target custom_msgs__py
[5.306s] [ 85%] [32mBuilding C object CMakeFiles/custom_msgs__rosidl_generator_py.dir/rosidl_generator_py/custom_msgs/msg/_yolo_inference_s.c.o[0m
[5.307s] [ 86%] [32mBuilding C object CMakeFiles/custom_msgs__rosidl_generator_py.dir/rosidl_generator_py/custom_msgs/msg/_detected_surface_s.c.o[0m
[5.307s] [ 88%] [32mBuilding C object CMakeFiles/custom_msgs__rosidl_generator_py.dir/rosidl_generator_py/custom_msgs/msg/_detected_surfaces_s.c.o[0m
[5.307s] [ 89%] [32mBuilding C object CMakeFiles/custom_msgs__rosidl_generator_py.dir/rosidl_generator_py/custom_msgs/msg/_inference_result_s.c.o[0m
[5.308s] [ 90%] [32mBuilding C object CMakeFiles/custom_msgs__rosidl_generator_py.dir/rosidl_generator_py/custom_msgs/msg/_segmentation_result_s.c.o[0m
[5.308s] [ 91%] [32mBuilding C object CMakeFiles/custom_msgs__rosidl_generator_py.dir/rosidl_generator_py/custom_msgs/msg/_yolo_segmentation_msg_s.c.o[0m
[5.426s] [ 92%] [32m[1mLinking C shared library libcustom_msgs__rosidl_generator_py.so[0m
[5.475s] [ 92%] Built target custom_msgs__rosidl_generator_py
[5.497s] [ 95%] [32mBuilding C object CMakeFiles/custom_msgs_s__rosidl_typesupport_fastrtps_c.dir/rosidl_generator_py/custom_msgs/_custom_msgs_s.ep.rosidl_typesupport_fastrtps_c.c.o[0m
[5.497s] [ 95%] [32mBuilding C object CMakeFiles/custom_msgs_s__rosidl_typesupport_introspection_c.dir/rosidl_generator_py/custom_msgs/_custom_msgs_s.ep.rosidl_typesupport_introspection_c.c.o[0m
[5.498s] [ 96%] [32mBuilding C object CMakeFiles/custom_msgs_s__rosidl_typesupport_c.dir/rosidl_generator_py/custom_msgs/_custom_msgs_s.ep.rosidl_typesupport_c.c.o[0m
[5.580s] [ 97%] [32m[1mLinking C shared module rosidl_generator_py/custom_msgs/custom_msgs_s__rosidl_typesupport_introspection_c.so[0m
[5.581s] [ 98%] [32m[1mLinking C shared module rosidl_generator_py/custom_msgs/custom_msgs_s__rosidl_typesupport_fastrtps_c.so[0m
[5.583s] [100%] [32m[1mLinking C shared module rosidl_generator_py/custom_msgs/custom_msgs_s__rosidl_typesupport_c.so[0m
[5.607s] [100%] Built target custom_msgs_s__rosidl_typesupport_fastrtps_c
[5.609s] [100%] Built target custom_msgs_s__rosidl_typesupport_introspection_c
[5.613s] [100%] Built target custom_msgs_s__rosidl_typesupport_c
[5.623s] Invoked command in '/home/alper/ros2_ws/build/custom_msgs' returned '0': CMAKE_PREFIX_PATH=${CMAKE_PREFIX_PATH}:/opt/ros/jazzy DEBUGINFOD_URLS=https://debuginfod.ubuntu.com PS1=(ros2_venv) \[\e]0;\u@\h: \w\a\]${debian_chroot:+($debian_chroot)}\[\033[01;32m\]\u@\h\[\033[00m\]:\[\033[01;34m\]\w\[\033[00m\]\$ VIRTUAL_ENV_PROMPT=(ros2_venv) /usr/bin/cmake --build /home/alper/ros2_ws/build/custom_msgs -- -j32 -l32
[5.634s] Invoking command in '/home/alper/ros2_ws/build/custom_msgs': CMAKE_PREFIX_PATH=${CMAKE_PREFIX_PATH}:/opt/ros/jazzy DEBUGINFOD_URLS=https://debuginfod.ubuntu.com PS1=(ros2_venv) \[\e]0;\u@\h: \w\a\]${debian_chroot:+($debian_chroot)}\[\033[01;32m\]\u@\h\[\033[00m\]:\[\033[01;34m\]\w\[\033[00m\]\$ VIRTUAL_ENV_PROMPT=(ros2_venv) /usr/bin/cmake --install /home/alper/ros2_ws/build/custom_msgs
[5.645s] -- Install configuration: ""
[5.645s] -- Installing: /home/alper/ros2_ws/install/custom_msgs/share/ament_index/resource_index/rosidl_interfaces/custom_msgs
[5.646s] -- Installing: /home/alper/ros2_ws/install/custom_msgs/share/custom_msgs/msg/InferenceResult.json
[5.646s] -- Installing: /home/alper/ros2_ws/install/custom_msgs/share/custom_msgs/msg/YoloInference.json
[5.646s] -- Installing: /home/alper/ros2_ws/install/custom_msgs/share/custom_msgs/msg/SegmentationResult.json
[5.646s] -- Installing: /home/alper/ros2_ws/install/custom_msgs/share/custom_msgs/msg/YoloSegmentationMsg.json
[5.646s] -- Installing: /home/alper/ros2_ws/install/custom_msgs/share/custom_msgs/msg/DetectedSurface.json
[5.646s] -- Installing: /home/alper/ros2_ws/install/custom_msgs/share/custom_msgs/msg/DetectedSurfaces.json
[5.646s] -- Installing: /home/alper/ros2_ws/install/custom_msgs/include/custom_msgs/custom_msgs
[5.647s] -- Installing: /home/alper/ros2_ws/install/custom_msgs/include/custom_msgs/custom_msgs/msg
[5.647s] -- Installing: /home/alper/ros2_ws/install/custom_msgs/include/custom_msgs/custom_msgs/msg/rosidl_generator_c__visibility_control.h
[5.647s] -- Installing: /home/alper/ros2_ws/install/custom_msgs/include/custom_msgs/custom_msgs/msg/yolo_inference.h
[5.647s] -- Installing: /home/alper/ros2_ws/install/custom_msgs/include/custom_msgs/custom_msgs/msg/detail
[5.647s] -- Installing: /home/alper/ros2_ws/install/custom_msgs/include/custom_msgs/custom_msgs/msg/detail/yolo_inference__functions.c
[5.647s] -- Installing: /home/alper/ros2_ws/install/custom_msgs/include/custom_msgs/custom_msgs/msg/detail/inference_result__type_support.c
[5.647s] -- Installing: /home/alper/ros2_ws/install/custom_msgs/include/custom_msgs/custom_msgs/msg/detail/yolo_inference__struct.h
[5.647s] -- Installing: /home/alper/ros2_ws/install/custom_msgs/include/custom_msgs/custom_msgs/msg/detail/detected_surfaces__type_support.h
[5.647s] -- Installing: /home/alper/ros2_ws/install/custom_msgs/include/custom_msgs/custom_msgs/msg/detail/yolo_segmentation_msg__type_support.h
[5.647s] -- Installing: /home/alper/ros2_ws/install/custom_msgs/include/custom_msgs/custom_msgs/msg/detail/detected_surface__struct.h
[5.647s] -- Installing: /home/alper/ros2_ws/install/custom_msgs/include/custom_msgs/custom_msgs/msg/detail/segmentation_result__struct.h
[5.647s] -- Installing: /home/alper/ros2_ws/install/custom_msgs/include/custom_msgs/custom_msgs/msg/detail/yolo_segmentation_msg__description.c
[5.648s] -- Installing: /home/alper/ros2_ws/install/custom_msgs/include/custom_msgs/custom_msgs/msg/detail/detected_surface__type_support.c
[5.648s] -- Installing: /home/alper/ros2_ws/install/custom_msgs/include/custom_msgs/custom_msgs/msg/detail/detected_surfaces__functions.h
[5.648s] -- Installing: /home/alper/ros2_ws/install/custom_msgs/include/custom_msgs/custom_msgs/msg/detail/yolo_inference__description.c
[5.648s] -- Installing: /home/alper/ros2_ws/install/custom_msgs/include/custom_msgs/custom_msgs/msg/detail/segmentation_result__type_support.c
[5.648s] -- Installing: /home/alper/ros2_ws/install/custom_msgs/include/custom_msgs/custom_msgs/msg/detail/yolo_inference__type_support.h
[5.648s] -- Installing: /home/alper/ros2_ws/install/custom_msgs/include/custom_msgs/custom_msgs/msg/detail/detected_surface__functions.c
[5.648s] -- Installing: /home/alper/ros2_ws/install/custom_msgs/include/custom_msgs/custom_msgs/msg/detail/yolo_segmentation_msg__type_support.c
[5.648s] -- Installing: /home/alper/ros2_ws/install/custom_msgs/include/custom_msgs/custom_msgs/msg/detail/yolo_segmentation_msg__functions.c
[5.648s] -- Installing: /home/alper/ros2_ws/install/custom_msgs/include/custom_msgs/custom_msgs/msg/detail/detected_surface__functions.h
[5.648s] -- Installing: /home/alper/ros2_ws/install/custom_msgs/include/custom_msgs/custom_msgs/msg/detail/detected_surfaces__struct.h
[5.648s] -- Installing: /home/alper/ros2_ws/install/custom_msgs/include/custom_msgs/custom_msgs/msg/detail/yolo_segmentation_msg__struct.h
[5.648s] -- Installing: /home/alper/ros2_ws/install/custom_msgs/include/custom_msgs/custom_msgs/msg/detail/segmentation_result__type_support.h
[5.649s] -- Installing: /home/alper/ros2_ws/install/custom_msgs/include/custom_msgs/custom_msgs/msg/detail/yolo_inference__type_support.c
[5.649s] -- Installing: /home/alper/ros2_ws/install/custom_msgs/include/custom_msgs/custom_msgs/msg/detail/segmentation_result__description.c
[5.649s] -- Installing: /home/alper/ros2_ws/install/custom_msgs/include/custom_msgs/custom_msgs/msg/detail/detected_surfaces__description.c
[5.649s] -- Installing: /home/alper/ros2_ws/install/custom_msgs/include/custom_msgs/custom_msgs/msg/detail/inference_result__functions.h
[5.649s] -- Installing: /home/alper/ros2_ws/install/custom_msgs/include/custom_msgs/custom_msgs/msg/detail/inference_result__type_support.h
[5.649s] -- Installing: /home/alper/ros2_ws/install/custom_msgs/include/custom_msgs/custom_msgs/msg/detail/detected_surfaces__functions.c
[5.649s] -- Installing: /home/alper/ros2_ws/install/custom_msgs/include/custom_msgs/custom_msgs/msg/detail/segmentation_result__functions.h
[5.649s] -- Installing: /home/alper/ros2_ws/install/custom_msgs/include/custom_msgs/custom_msgs/msg/detail/inference_result__struct.h
[5.649s] -- Installing: /home/alper/ros2_ws/install/custom_msgs/include/custom_msgs/custom_msgs/msg/detail/yolo_segmentation_msg__functions.h
[5.649s] -- Installing: /home/alper/ros2_ws/install/custom_msgs/include/custom_msgs/custom_msgs/msg/detail/detected_surfaces__type_support.c
[5.649s] -- Installing: /home/alper/ros2_ws/install/custom_msgs/include/custom_msgs/custom_msgs/msg/detail/inference_result__functions.c
[5.649s] -- Installing: /home/alper/ros2_ws/install/custom_msgs/include/custom_msgs/custom_msgs/msg/detail/detected_surface__description.c
[5.649s] -- Installing: /home/alper/ros2_ws/install/custom_msgs/include/custom_msgs/custom_msgs/msg/detail/yolo_inference__functions.h
[5.650s] -- Installing: /home/alper/ros2_ws/install/custom_msgs/include/custom_msgs/custom_msgs/msg/detail/inference_result__description.c
[5.650s] -- Installing: /home/alper/ros2_ws/install/custom_msgs/include/custom_msgs/custom_msgs/msg/detail/segmentation_result__functions.c
[5.650s] -- Installing: /home/alper/ros2_ws/install/custom_msgs/include/custom_msgs/custom_msgs/msg/detail/detected_surface__type_support.h
[5.650s] -- Installing: /home/alper/ros2_ws/install/custom_msgs/include/custom_msgs/custom_msgs/msg/segmentation_result.h
[5.650s] -- Installing: /home/alper/ros2_ws/install/custom_msgs/include/custom_msgs/custom_msgs/msg/detected_surfaces.h
[5.650s] -- Installing: /home/alper/ros2_ws/install/custom_msgs/include/custom_msgs/custom_msgs/msg/inference_result.h
[5.650s] -- Installing: /home/alper/ros2_ws/install/custom_msgs/include/custom_msgs/custom_msgs/msg/detected_surface.h
[5.650s] -- Installing: /home/alper/ros2_ws/install/custom_msgs/include/custom_msgs/custom_msgs/msg/yolo_segmentation_msg.h
[5.650s] -- Installing: /home/alper/ros2_ws/install/custom_msgs/share/custom_msgs/environment/library_path.sh
[5.650s] -- Installing: /home/alper/ros2_ws/install/custom_msgs/share/custom_msgs/environment/library_path.dsv
[5.650s] -- Installing: /home/alper/ros2_ws/install/custom_msgs/lib/libcustom_msgs__rosidl_generator_c.so
[5.650s] -- Set non-toolchain portion of runtime path of "/home/alper/ros2_ws/install/custom_msgs/lib/libcustom_msgs__rosidl_generator_c.so" to ""
[5.650s] -- Up-to-date: /home/alper/ros2_ws/install/custom_msgs/include/custom_msgs/custom_msgs
[5.651s] -- Up-to-date: /home/alper/ros2_ws/install/custom_msgs/include/custom_msgs/custom_msgs/msg
[5.651s] -- Up-to-date: /home/alper/ros2_ws/install/custom_msgs/include/custom_msgs/custom_msgs/msg/detail
[5.651s] -- Installing: /home/alper/ros2_ws/install/custom_msgs/include/custom_msgs/custom_msgs/msg/detail/segmentation_result__rosidl_typesupport_fastrtps_c.h
[5.651s] -- Installing: /home/alper/ros2_ws/install/custom_msgs/include/custom_msgs/custom_msgs/msg/detail/detected_surface__rosidl_typesupport_fastrtps_c.h
[5.651s] -- Installing: /home/alper/ros2_ws/install/custom_msgs/include/custom_msgs/custom_msgs/msg/detail/inference_result__rosidl_typesupport_fastrtps_c.h
[5.651s] -- Installing: /home/alper/ros2_ws/install/custom_msgs/include/custom_msgs/custom_msgs/msg/detail/detected_surfaces__rosidl_typesupport_fastrtps_c.h
[5.651s] -- Installing: /home/alper/ros2_ws/install/custom_msgs/include/custom_msgs/custom_msgs/msg/detail/yolo_inference__rosidl_typesupport_fastrtps_c.h
[5.651s] -- Installing: /home/alper/ros2_ws/install/custom_msgs/include/custom_msgs/custom_msgs/msg/detail/yolo_segmentation_msg__rosidl_typesupport_fastrtps_c.h
[5.651s] -- Installing: /home/alper/ros2_ws/install/custom_msgs/include/custom_msgs/custom_msgs/msg/rosidl_typesupport_fastrtps_c__visibility_control.h
[5.651s] -- Installing: /home/alper/ros2_ws/install/custom_msgs/lib/libcustom_msgs__rosidl_typesupport_fastrtps_c.so
[5.651s] -- Set non-toolchain portion of runtime path of "/home/alper/ros2_ws/install/custom_msgs/lib/libcustom_msgs__rosidl_typesupport_fastrtps_c.so" to ""
[5.651s] -- Up-to-date: /home/alper/ros2_ws/install/custom_msgs/include/custom_msgs/custom_msgs
[5.651s] -- Up-to-date: /home/alper/ros2_ws/install/custom_msgs/include/custom_msgs/custom_msgs/msg
[5.651s] -- Installing: /home/alper/ros2_ws/install/custom_msgs/include/custom_msgs/custom_msgs/msg/rosidl_generator_cpp__visibility_control.hpp
[5.652s] -- Installing: /home/alper/ros2_ws/install/custom_msgs/include/custom_msgs/custom_msgs/msg/detected_surface.hpp
[5.652s] -- Installing: /home/alper/ros2_ws/install/custom_msgs/include/custom_msgs/custom_msgs/msg/detected_surfaces.hpp
[5.652s] -- Up-to-date: /home/alper/ros2_ws/install/custom_msgs/include/custom_msgs/custom_msgs/msg/detail
[5.652s] -- Installing: /home/alper/ros2_ws/install/custom_msgs/include/custom_msgs/custom_msgs/msg/detail/segmentation_result__struct.hpp
[5.652s] -- Installing: /home/alper/ros2_ws/install/custom_msgs/include/custom_msgs/custom_msgs/msg/detail/segmentation_result__type_support.hpp
[5.652s] -- Installing: /home/alper/ros2_ws/install/custom_msgs/include/custom_msgs/custom_msgs/msg/detail/yolo_segmentation_msg__builder.hpp
[5.652s] -- Installing: /home/alper/ros2_ws/install/custom_msgs/include/custom_msgs/custom_msgs/msg/detail/segmentation_result__traits.hpp
[5.652s] -- Installing: /home/alper/ros2_ws/install/custom_msgs/include/custom_msgs/custom_msgs/msg/detail/segmentation_result__builder.hpp
[5.652s] -- Installing: /home/alper/ros2_ws/install/custom_msgs/include/custom_msgs/custom_msgs/msg/detail/detected_surfaces__type_support.hpp
[5.652s] -- Installing: /home/alper/ros2_ws/install/custom_msgs/include/custom_msgs/custom_msgs/msg/detail/yolo_inference__type_support.hpp
[5.652s] -- Installing: /home/alper/ros2_ws/install/custom_msgs/include/custom_msgs/custom_msgs/msg/detail/inference_result__struct.hpp
[5.652s] -- Installing: /home/alper/ros2_ws/install/custom_msgs/include/custom_msgs/custom_msgs/msg/detail/detected_surfaces__builder.hpp
[5.652s] -- Installing: /home/alper/ros2_ws/install/custom_msgs/include/custom_msgs/custom_msgs/msg/detail/detected_surfaces__struct.hpp
[5.652s] -- Installing: /home/alper/ros2_ws/install/custom_msgs/include/custom_msgs/custom_msgs/msg/detail/detected_surfaces__traits.hpp
[5.653s] -- Installing: /home/alper/ros2_ws/install/custom_msgs/include/custom_msgs/custom_msgs/msg/detail/detected_surface__type_support.hpp
[5.653s] -- Installing: /home/alper/ros2_ws/install/custom_msgs/include/custom_msgs/custom_msgs/msg/detail/yolo_segmentation_msg__struct.hpp
[5.653s] -- Installing: /home/alper/ros2_ws/install/custom_msgs/include/custom_msgs/custom_msgs/msg/detail/yolo_inference__traits.hpp
[5.653s] -- Installing: /home/alper/ros2_ws/install/custom_msgs/include/custom_msgs/custom_msgs/msg/detail/yolo_segmentation_msg__traits.hpp
[5.653s] -- Installing: /home/alper/ros2_ws/install/custom_msgs/include/custom_msgs/custom_msgs/msg/detail/detected_surface__traits.hpp
[5.653s] -- Installing: /home/alper/ros2_ws/install/custom_msgs/include/custom_msgs/custom_msgs/msg/detail/inference_result__traits.hpp
[5.653s] -- Installing: /home/alper/ros2_ws/install/custom_msgs/include/custom_msgs/custom_msgs/msg/detail/yolo_segmentation_msg__type_support.hpp
[5.653s] -- Installing: /home/alper/ros2_ws/install/custom_msgs/include/custom_msgs/custom_msgs/msg/detail/inference_result__type_support.hpp
[5.653s] -- Installing: /home/alper/ros2_ws/install/custom_msgs/include/custom_msgs/custom_msgs/msg/detail/detected_surface__builder.hpp
[5.653s] -- Installing: /home/alper/ros2_ws/install/custom_msgs/include/custom_msgs/custom_msgs/msg/detail/detected_surface__struct.hpp
[5.653s] -- Installing: /home/alper/ros2_ws/install/custom_msgs/include/custom_msgs/custom_msgs/msg/detail/inference_result__builder.hpp
[5.653s] -- Installing: /home/alper/ros2_ws/install/custom_msgs/include/custom_msgs/custom_msgs/msg/detail/yolo_inference__builder.hpp
[5.653s] -- Installing: /home/alper/ros2_ws/install/custom_msgs/include/custom_msgs/custom_msgs/msg/detail/yolo_inference__struct.hpp
[5.653s] -- Installing: /home/alper/ros2_ws/install/custom_msgs/include/custom_msgs/custom_msgs/msg/yolo_segmentation_msg.hpp
[5.654s] -- Installing: /home/alper/ros2_ws/install/custom_msgs/include/custom_msgs/custom_msgs/msg/segmentation_result.hpp
[5.654s] -- Installing: /home/alper/ros2_ws/install/custom_msgs/include/custom_msgs/custom_msgs/msg/inference_result.hpp
[5.654s] -- Installing: /home/alper/ros2_ws/install/custom_msgs/include/custom_msgs/custom_msgs/msg/yolo_inference.hpp
[5.654s] -- Up-to-date: /home/alper/ros2_ws/install/custom_msgs/include/custom_msgs/custom_msgs
[5.654s] -- Up-to-date: /home/alper/ros2_ws/install/custom_msgs/include/custom_msgs/custom_msgs/msg
[5.654s] -- Installing: /home/alper/ros2_ws/install/custom_msgs/include/custom_msgs/custom_msgs/msg/rosidl_typesupport_fastrtps_cpp__visibility_control.h
[5.654s] -- Up-to-date: /home/alper/ros2_ws/install/custom_msgs/include/custom_msgs/custom_msgs/msg/detail
[5.654s] -- Installing: /home/alper/ros2_ws/install/custom_msgs/include/custom_msgs/custom_msgs/msg/detail/yolo_segmentation_msg__rosidl_typesupport_fastrtps_cpp.hpp
[5.654s] -- Installing: /home/alper/ros2_ws/install/custom_msgs/include/custom_msgs/custom_msgs/msg/detail/detected_surface__rosidl_typesupport_fastrtps_cpp.hpp
[5.654s] -- Installing: /home/alper/ros2_ws/install/custom_msgs/include/custom_msgs/custom_msgs/msg/detail/dds_fastrtps
[5.654s] -- Installing: /home/alper/ros2_ws/install/custom_msgs/include/custom_msgs/custom_msgs/msg/detail/yolo_inference__rosidl_typesupport_fastrtps_cpp.hpp
[5.654s] -- Installing: /home/alper/ros2_ws/install/custom_msgs/include/custom_msgs/custom_msgs/msg/detail/inference_result__rosidl_typesupport_fastrtps_cpp.hpp
[5.654s] -- Installing: /home/alper/ros2_ws/install/custom_msgs/include/custom_msgs/custom_msgs/msg/detail/detected_surfaces__rosidl_typesupport_fastrtps_cpp.hpp
[5.654s] -- Installing: /home/alper/ros2_ws/install/custom_msgs/include/custom_msgs/custom_msgs/msg/detail/segmentation_result__rosidl_typesupport_fastrtps_cpp.hpp
[5.654s] -- Installing: /home/alper/ros2_ws/install/custom_msgs/lib/libcustom_msgs__rosidl_typesupport_fastrtps_cpp.so
[5.654s] -- Set non-toolchain portion of runtime path of "/home/alper/ros2_ws/install/custom_msgs/lib/libcustom_msgs__rosidl_typesupport_fastrtps_cpp.so" to ""
[5.654s] -- Up-to-date: /home/alper/ros2_ws/install/custom_msgs/include/custom_msgs/custom_msgs
[5.654s] -- Up-to-date: /home/alper/ros2_ws/install/custom_msgs/include/custom_msgs/custom_msgs/msg
[5.654s] -- Up-to-date: /home/alper/ros2_ws/install/custom_msgs/include/custom_msgs/custom_msgs/msg/detail
[5.654s] -- Installing: /home/alper/ros2_ws/install/custom_msgs/include/custom_msgs/custom_msgs/msg/detail/inference_result__type_support.c
[5.655s] -- Installing: /home/alper/ros2_ws/install/custom_msgs/include/custom_msgs/custom_msgs/msg/detail/segmentation_result__rosidl_typesupport_introspection_c.h
[5.655s] -- Installing: /home/alper/ros2_ws/install/custom_msgs/include/custom_msgs/custom_msgs/msg/detail/detected_surface__type_support.c
[5.655s] -- Installing: /home/alper/ros2_ws/install/custom_msgs/include/custom_msgs/custom_msgs/msg/detail/detected_surfaces__rosidl_typesupport_introspection_c.h
[5.655s] -- Installing: /home/alper/ros2_ws/install/custom_msgs/include/custom_msgs/custom_msgs/msg/detail/segmentation_result__type_support.c
[5.655s] -- Installing: /home/alper/ros2_ws/install/custom_msgs/include/custom_msgs/custom_msgs/msg/detail/yolo_segmentation_msg__type_support.c
[5.655s] -- Installing: /home/alper/ros2_ws/install/custom_msgs/include/custom_msgs/custom_msgs/msg/detail/yolo_segmentation_msg__rosidl_typesupport_introspection_c.h
[5.655s] -- Installing: /home/alper/ros2_ws/install/custom_msgs/include/custom_msgs/custom_msgs/msg/detail/inference_result__rosidl_typesupport_introspection_c.h
[5.655s] -- Installing: /home/alper/ros2_ws/install/custom_msgs/include/custom_msgs/custom_msgs/msg/detail/yolo_inference__type_support.c
[5.655s] -- Installing: /home/alper/ros2_ws/install/custom_msgs/include/custom_msgs/custom_msgs/msg/detail/yolo_inference__rosidl_typesupport_introspection_c.h
[5.655s] -- Installing: /home/alper/ros2_ws/install/custom_msgs/include/custom_msgs/custom_msgs/msg/detail/detected_surface__rosidl_typesupport_introspection_c.h
[5.655s] -- Installing: /home/alper/ros2_ws/install/custom_msgs/include/custom_msgs/custom_msgs/msg/detail/detected_surfaces__type_support.c
[5.655s] -- Installing: /home/alper/ros2_ws/install/custom_msgs/include/custom_msgs/custom_msgs/msg/rosidl_typesupport_introspection_c__visibility_control.h
[5.655s] -- Installing: /home/alper/ros2_ws/install/custom_msgs/lib/libcustom_msgs__rosidl_typesupport_introspection_c.so
[5.655s] -- Set non-toolchain portion of runtime path of "/home/alper/ros2_ws/install/custom_msgs/lib/libcustom_msgs__rosidl_typesupport_introspection_c.so" to ""
[5.655s] -- Installing: /home/alper/ros2_ws/install/custom_msgs/lib/libcustom_msgs__rosidl_typesupport_c.so
[5.655s] -- Set non-toolchain portion of runtime path of "/home/alper/ros2_ws/install/custom_msgs/lib/libcustom_msgs__rosidl_typesupport_c.so" to ""
[5.655s] -- Up-to-date: /home/alper/ros2_ws/install/custom_msgs/include/custom_msgs/custom_msgs
[5.655s] -- Up-to-date: /home/alper/ros2_ws/install/custom_msgs/include/custom_msgs/custom_msgs/msg
[5.656s] -- Up-to-date: /home/alper/ros2_ws/install/custom_msgs/include/custom_msgs/custom_msgs/msg/detail
[5.656s] -- Installing: /home/alper/ros2_ws/install/custom_msgs/include/custom_msgs/custom_msgs/msg/detail/detected_surface__type_support.cpp
[5.656s] -- Installing: /home/alper/ros2_ws/install/custom_msgs/include/custom_msgs/custom_msgs/msg/detail/detected_surface__rosidl_typesupport_introspection_cpp.hpp
[5.656s] -- Installing: /home/alper/ros2_ws/install/custom_msgs/include/custom_msgs/custom_msgs/msg/detail/yolo_inference__type_support.cpp
[5.656s] -- Installing: /home/alper/ros2_ws/install/custom_msgs/include/custom_msgs/custom_msgs/msg/detail/detected_surfaces__type_support.cpp
[5.656s] -- Installing: /home/alper/ros2_ws/install/custom_msgs/include/custom_msgs/custom_msgs/msg/detail/yolo_segmentation_msg__rosidl_typesupport_introspection_cpp.hpp
[5.656s] -- Installing: /home/alper/ros2_ws/install/custom_msgs/include/custom_msgs/custom_msgs/msg/detail/yolo_inference__rosidl_typesupport_introspection_cpp.hpp
[5.656s] -- Installing: /home/alper/ros2_ws/install/custom_msgs/include/custom_msgs/custom_msgs/msg/detail/inference_result__rosidl_typesupport_introspection_cpp.hpp
[5.656s] -- Installing: /home/alper/ros2_ws/install/custom_msgs/include/custom_msgs/custom_msgs/msg/detail/detected_surfaces__rosidl_typesupport_introspection_cpp.hpp
[5.656s] -- Installing: /home/alper/ros2_ws/install/custom_msgs/include/custom_msgs/custom_msgs/msg/detail/yolo_segmentation_msg__type_support.cpp
[5.656s] -- Installing: /home/alper/ros2_ws/install/custom_msgs/include/custom_msgs/custom_msgs/msg/detail/segmentation_result__rosidl_typesupport_introspection_cpp.hpp
[5.656s] -- Installing: /home/alper/ros2_ws/install/custom_msgs/include/custom_msgs/custom_msgs/msg/detail/segmentation_result__type_support.cpp
[5.656s] -- Installing: /home/alper/ros2_ws/install/custom_msgs/include/custom_msgs/custom_msgs/msg/detail/inference_result__type_support.cpp
[5.656s] -- Installing: /home/alper/ros2_ws/install/custom_msgs/lib/libcustom_msgs__rosidl_typesupport_introspection_cpp.so
[5.656s] -- Set non-toolchain portion of runtime path of "/home/alper/ros2_ws/install/custom_msgs/lib/libcustom_msgs__rosidl_typesupport_introspection_cpp.so" to ""
[5.656s] -- Installing: /home/alper/ros2_ws/install/custom_msgs/lib/libcustom_msgs__rosidl_typesupport_cpp.so
[5.656s] -- Set non-toolchain portion of runtime path of "/home/alper/ros2_ws/install/custom_msgs/lib/libcustom_msgs__rosidl_typesupport_cpp.so" to ""
[5.656s] -- Installing: /home/alper/ros2_ws/install/custom_msgs/share/custom_msgs/environment/pythonpath.sh
[5.657s] -- Installing: /home/alper/ros2_ws/install/custom_msgs/share/custom_msgs/environment/pythonpath.dsv
[5.657s] -- Installing: /home/alper/ros2_ws/install/custom_msgs/lib/python3.12/site-packages/custom_msgs-0.0.0-py3.12.egg-info
[5.657s] -- Installing: /home/alper/ros2_ws/install/custom_msgs/lib/python3.12/site-packages/custom_msgs-0.0.0-py3.12.egg-info/SOURCES.txt
[5.657s] -- Installing: /home/alper/ros2_ws/install/custom_msgs/lib/python3.12/site-packages/custom_msgs-0.0.0-py3.12.egg-info/dependency_links.txt
[5.657s] -- Installing: /home/alper/ros2_ws/install/custom_msgs/lib/python3.12/site-packages/custom_msgs-0.0.0-py3.12.egg-info/top_level.txt
[5.657s] -- Installing: /home/alper/ros2_ws/install/custom_msgs/lib/python3.12/site-packages/custom_msgs-0.0.0-py3.12.egg-info/PKG-INFO
[5.657s] -- Installing: /home/alper/ros2_ws/install/custom_msgs/lib/python3.12/site-packages/custom_msgs
[5.657s] -- Installing: /home/alper/ros2_ws/install/custom_msgs/lib/python3.12/site-packages/custom_msgs/custom_msgs_s__rosidl_typesupport_fastrtps_c.so
[5.657s] -- Installing: /home/alper/ros2_ws/install/custom_msgs/lib/python3.12/site-packages/custom_msgs/_custom_msgs_s.ep.rosidl_typesupport_fastrtps_c.c
[5.657s] -- Installing: /home/alper/ros2_ws/install/custom_msgs/lib/python3.12/site-packages/custom_msgs/_custom_msgs_s.ep.rosidl_typesupport_introspection_c.c
[5.657s] -- Installing: /home/alper/ros2_ws/install/custom_msgs/lib/python3.12/site-packages/custom_msgs/custom_msgs_s__rosidl_typesupport_introspection_c.so
[5.657s] -- Installing: /home/alper/ros2_ws/install/custom_msgs/lib/python3.12/site-packages/custom_msgs/msg
[5.657s] -- Installing: /home/alper/ros2_ws/install/custom_msgs/lib/python3.12/site-packages/custom_msgs/msg/_yolo_segmentation_msg.py
[5.657s] -- Installing: /home/alper/ros2_ws/install/custom_msgs/lib/python3.12/site-packages/custom_msgs/msg/_segmentation_result_s.c
[5.657s] -- Installing: /home/alper/ros2_ws/install/custom_msgs/lib/python3.12/site-packages/custom_msgs/msg/_detected_surfaces.py
[5.657s] -- Installing: /home/alper/ros2_ws/install/custom_msgs/lib/python3.12/site-packages/custom_msgs/msg/_inference_result.py
[5.657s] -- Installing: /home/alper/ros2_ws/install/custom_msgs/lib/python3.12/site-packages/custom_msgs/msg/_detected_surface_s.c
[5.657s] -- Installing: /home/alper/ros2_ws/install/custom_msgs/lib/python3.12/site-packages/custom_msgs/msg/_detected_surfaces_s.c
[5.657s] -- Installing: /home/alper/ros2_ws/install/custom_msgs/lib/python3.12/site-packages/custom_msgs/msg/_yolo_segmentation_msg_s.c
[5.657s] -- Installing: /home/alper/ros2_ws/install/custom_msgs/lib/python3.12/site-packages/custom_msgs/msg/_yolo_inference_s.c
[5.658s] -- Installing: /home/alper/ros2_ws/install/custom_msgs/lib/python3.12/site-packages/custom_msgs/msg/_yolo_inference.py
[5.658s] -- Installing: /home/alper/ros2_ws/install/custom_msgs/lib/python3.12/site-packages/custom_msgs/msg/_detected_surface.py
[5.658s] -- Installing: /home/alper/ros2_ws/install/custom_msgs/lib/python3.12/site-packages/custom_msgs/msg/_inference_result_s.c
[5.658s] -- Installing: /home/alper/ros2_ws/install/custom_msgs/lib/python3.12/site-packages/custom_msgs/msg/__init__.py
[5.658s] -- Installing: /home/alper/ros2_ws/install/custom_msgs/lib/python3.12/site-packages/custom_msgs/msg/_segmentation_result.py
[5.658s] -- Installing: /home/alper/ros2_ws/install/custom_msgs/lib/python3.12/site-packages/custom_msgs/custom_msgs_s__rosidl_typesupport_c.so
[5.658s] -- Installing: /home/alper/ros2_ws/install/custom_msgs/lib/python3.12/site-packages/custom_msgs/__init__.py
[5.658s] -- Installing: /home/alper/ros2_ws/install/custom_msgs/lib/python3.12/site-packages/custom_msgs/_custom_msgs_s.ep.rosidl_typesupport_c.c
[5.698s] Listing '/home/alper/ros2_ws/install/custom_msgs/lib/python3.12/site-packages/custom_msgs'...
[5.698s] Compiling '/home/alper/ros2_ws/install/custom_msgs/lib/python3.12/site-packages/custom_msgs/__init__.py'...
[5.698s] Listing '/home/alper/ros2_ws/install/custom_msgs/lib/python3.12/site-packages/custom_msgs/msg'...
[5.698s] Compiling '/home/alper/ros2_ws/install/custom_msgs/lib/python3.12/site-packages/custom_msgs/msg/__init__.py'...
[5.698s] Compiling '/home/alper/ros2_ws/install/custom_msgs/lib/python3.12/site-packages/custom_msgs/msg/_detected_surface.py'...
[5.698s] Compiling '/home/alper/ros2_ws/install/custom_msgs/lib/python3.12/site-packages/custom_msgs/msg/_detected_surfaces.py'...
[5.698s] Compiling '/home/alper/ros2_ws/install/custom_msgs/lib/python3.12/site-packages/custom_msgs/msg/_inference_result.py'...
[5.698s] Compiling '/home/alper/ros2_ws/install/custom_msgs/lib/python3.12/site-packages/custom_msgs/msg/_segmentation_result.py'...
[5.698s] Compiling '/home/alper/ros2_ws/install/custom_msgs/lib/python3.12/site-packages/custom_msgs/msg/_yolo_inference.py'...
[5.698s] Compiling '/home/alper/ros2_ws/install/custom_msgs/lib/python3.12/site-packages/custom_msgs/msg/_yolo_segmentation_msg.py'...
[5.702s] -- Installing: /home/alper/ros2_ws/install/custom_msgs/lib/python3.12/site-packages/custom_msgs/custom_msgs_s__rosidl_typesupport_fastrtps_c.so
[5.702s] -- Set non-toolchain portion of runtime path of "/home/alper/ros2_ws/install/custom_msgs/lib/python3.12/site-packages/custom_msgs/custom_msgs_s__rosidl_typesupport_fastrtps_c.so" to ""
[5.702s] -- Installing: /home/alper/ros2_ws/install/custom_msgs/lib/python3.12/site-packages/custom_msgs/custom_msgs_s__rosidl_typesupport_introspection_c.so
[5.702s] -- Set non-toolchain portion of runtime path of "/home/alper/ros2_ws/install/custom_msgs/lib/python3.12/site-packages/custom_msgs/custom_msgs_s__rosidl_typesupport_introspection_c.so" to ""
[5.702s] -- Installing: /home/alper/ros2_ws/install/custom_msgs/lib/python3.12/site-packages/custom_msgs/custom_msgs_s__rosidl_typesupport_c.so
[5.702s] -- Set non-toolchain portion of runtime path of "/home/alper/ros2_ws/install/custom_msgs/lib/python3.12/site-packages/custom_msgs/custom_msgs_s__rosidl_typesupport_c.so" to ""
[5.703s] -- Installing: /home/alper/ros2_ws/install/custom_msgs/lib/libcustom_msgs__rosidl_generator_py.so
[5.703s] -- Set non-toolchain portion of runtime path of "/home/alper/ros2_ws/install/custom_msgs/lib/libcustom_msgs__rosidl_generator_py.so" to ""
[5.703s] -- Installing: /home/alper/ros2_ws/install/custom_msgs/share/custom_msgs/msg/InferenceResult.idl
[5.703s] -- Installing: /home/alper/ros2_ws/install/custom_msgs/share/custom_msgs/msg/YoloInference.idl
[5.703s] -- Installing: /home/alper/ros2_ws/install/custom_msgs/share/custom_msgs/msg/SegmentationResult.idl
[5.703s] -- Installing: /home/alper/ros2_ws/install/custom_msgs/share/custom_msgs/msg/YoloSegmentationMsg.idl
[5.703s] -- Installing: /home/alper/ros2_ws/install/custom_msgs/share/custom_msgs/msg/DetectedSurface.idl
[5.703s] -- Installing: /home/alper/ros2_ws/install/custom_msgs/share/custom_msgs/msg/DetectedSurfaces.idl
[5.703s] -- Installing: /home/alper/ros2_ws/install/custom_msgs/share/custom_msgs/msg/InferenceResult.msg
[5.703s] -- Installing: /home/alper/ros2_ws/install/custom_msgs/share/custom_msgs/msg/YoloInference.msg
[5.703s] -- Installing: /home/alper/ros2_ws/install/custom_msgs/share/custom_msgs/msg/SegmentationResult.msg
[5.703s] -- Installing: /home/alper/ros2_ws/install/custom_msgs/share/custom_msgs/msg/YoloSegmentationMsg.msg
[5.703s] -- Installing: /home/alper/ros2_ws/install/custom_msgs/share/custom_msgs/msg/DetectedSurface.msg
[5.703s] -- Installing: /home/alper/ros2_ws/install/custom_msgs/share/custom_msgs/msg/DetectedSurfaces.msg
[5.703s] -- Installing: /home/alper/ros2_ws/install/custom_msgs/share/ament_index/resource_index/package_run_dependencies/custom_msgs
[5.703s] -- Installing: /home/alper/ros2_ws/install/custom_msgs/share/ament_index/resource_index/parent_prefix_path/custom_msgs
[5.703s] -- Installing: /home/alper/ros2_ws/install/custom_msgs/share/custom_msgs/environment/ament_prefix_path.sh
[5.703s] -- Installing: /home/alper/ros2_ws/install/custom_msgs/share/custom_msgs/environment/ament_prefix_path.dsv
[5.703s] -- Installing: /home/alper/ros2_ws/install/custom_msgs/share/custom_msgs/environment/path.sh
[5.703s] -- Installing: /home/alper/ros2_ws/install/custom_msgs/share/custom_msgs/environment/path.dsv
[5.703s] -- Installing: /home/alper/ros2_ws/install/custom_msgs/share/custom_msgs/local_setup.bash
[5.703s] -- Installing: /home/alper/ros2_ws/install/custom_msgs/share/custom_msgs/local_setup.sh
[5.703s] -- Installing: /home/alper/ros2_ws/install/custom_msgs/share/custom_msgs/local_setup.zsh
[5.703s] -- Installing: /home/alper/ros2_ws/install/custom_msgs/share/custom_msgs/local_setup.dsv
[5.704s] -- Installing: /home/alper/ros2_ws/install/custom_msgs/share/custom_msgs/package.dsv
[5.704s] -- Installing: /home/alper/ros2_ws/install/custom_msgs/share/ament_index/resource_index/packages/custom_msgs
[5.704s] -- Installing: /home/alper/ros2_ws/install/custom_msgs/share/custom_msgs/cmake/export_custom_msgs__rosidl_generator_cExport.cmake
[5.704s] -- Installing: /home/alper/ros2_ws/install/custom_msgs/share/custom_msgs/cmake/export_custom_msgs__rosidl_generator_cExport-noconfig.cmake
[5.704s] -- Installing: /home/alper/ros2_ws/install/custom_msgs/share/custom_msgs/cmake/export_custom_msgs__rosidl_typesupport_fastrtps_cExport.cmake
[5.704s] -- Installing: /home/alper/ros2_ws/install/custom_msgs/share/custom_msgs/cmake/export_custom_msgs__rosidl_typesupport_fastrtps_cExport-noconfig.cmake
[5.704s] -- Installing: /home/alper/ros2_ws/install/custom_msgs/share/custom_msgs/cmake/export_custom_msgs__rosidl_generator_cppExport.cmake
[5.704s] -- Installing: /home/alper/ros2_ws/install/custom_msgs/share/custom_msgs/cmake/export_custom_msgs__rosidl_typesupport_fastrtps_cppExport.cmake
[5.704s] -- Installing: /home/alper/ros2_ws/install/custom_msgs/share/custom_msgs/cmake/export_custom_msgs__rosidl_typesupport_fastrtps_cppExport-noconfig.cmake
[5.704s] -- Installing: /home/alper/ros2_ws/install/custom_msgs/share/custom_msgs/cmake/custom_msgs__rosidl_typesupport_introspection_cExport.cmake
[5.704s] -- Installing: /home/alper/ros2_ws/install/custom_msgs/share/custom_msgs/cmake/custom_msgs__rosidl_typesupport_introspection_cExport-noconfig.cmake
[5.704s] -- Installing: /home/alper/ros2_ws/install/custom_msgs/share/custom_msgs/cmake/custom_msgs__rosidl_typesupport_cExport.cmake
[5.704s] -- Installing: /home/alper/ros2_ws/install/custom_msgs/share/custom_msgs/cmake/custom_msgs__rosidl_typesupport_cExport-noconfig.cmake
[5.704s] -- Installing: /home/alper/ros2_ws/install/custom_msgs/share/custom_msgs/cmake/custom_msgs__rosidl_typesupport_introspection_cppExport.cmake
[5.704s] -- Installing: /home/alper/ros2_ws/install/custom_msgs/share/custom_msgs/cmake/custom_msgs__rosidl_typesupport_introspection_cppExport-noconfig.cmake
[5.704s] -- Installing: /home/alper/ros2_ws/install/custom_msgs/share/custom_msgs/cmake/custom_msgs__rosidl_typesupport_cppExport.cmake
[5.704s] -- Installing: /home/alper/ros2_ws/install/custom_msgs/share/custom_msgs/cmake/custom_msgs__rosidl_typesupport_cppExport-noconfig.cmake
[5.704s] -- Installing: /home/alper/ros2_ws/install/custom_msgs/share/custom_msgs/cmake/export_custom_msgs__rosidl_generator_pyExport.cmake
[5.705s] -- Installing: /home/alper/ros2_ws/install/custom_msgs/share/custom_msgs/cmake/export_custom_msgs__rosidl_generator_pyExport-noconfig.cmake
[5.705s] -- Installing: /home/alper/ros2_ws/install/custom_msgs/share/custom_msgs/cmake/rosidl_cmake-extras.cmake
[5.705s] -- Installing: /home/alper/ros2_ws/install/custom_msgs/share/custom_msgs/cmake/ament_cmake_export_dependencies-extras.cmake
[5.705s] -- Installing: /home/alper/ros2_ws/install/custom_msgs/share/custom_msgs/cmake/ament_cmake_export_include_directories-extras.cmake
[5.705s] -- Installing: /home/alper/ros2_ws/install/custom_msgs/share/custom_msgs/cmake/ament_cmake_export_libraries-extras.cmake
[5.705s] -- Installing: /home/alper/ros2_ws/install/custom_msgs/share/custom_msgs/cmake/ament_cmake_export_targets-extras.cmake
[5.705s] -- Installing: /home/alper/ros2_ws/install/custom_msgs/share/custom_msgs/cmake/rosidl_cmake_export_typesupport_targets-extras.cmake
[5.705s] -- Installing: /home/alper/ros2_ws/install/custom_msgs/share/custom_msgs/cmake/rosidl_cmake_export_typesupport_libraries-extras.cmake
[5.705s] -- Installing: /home/alper/ros2_ws/install/custom_msgs/share/custom_msgs/cmake/custom_msgsConfig.cmake
[5.705s] -- Installing: /home/alper/ros2_ws/install/custom_msgs/share/custom_msgs/cmake/custom_msgsConfig-version.cmake
[5.705s] -- Installing: /home/alper/ros2_ws/install/custom_msgs/share/custom_msgs/package.xml
[5.707s] Invoked command in '/home/alper/ros2_ws/build/custom_msgs' returned '0': CMAKE_PREFIX_PATH=${CMAKE_PREFIX_PATH}:/opt/ros/jazzy DEBUGINFOD_URLS=https://debuginfod.ubuntu.com PS1=(ros2_venv) \[\e]0;\u@\h: \w\a\]${debian_chroot:+($debian_chroot)}\[\033[01;32m\]\u@\h\[\033[00m\]:\[\033[01;34m\]\w\[\033[00m\]\$ VIRTUAL_ENV_PROMPT=(ros2_venv) /usr/bin/cmake --install /home/alper/ros2_ws/build/custom_msgs
