[  1%] Built target custom_msgs__rosidl_generator_type_description
[  1%] Built target ament_cmake_python_copy_custom_msgs
[  2%] Built target custom_msgs__cpp
[ 26%] Built target custom_msgs__rosidl_generator_c
[ 35%] Built target custom_msgs__rosidl_typesupport_c
[ 45%] Built target custom_msgs__rosidl_typesupport_introspection_cpp
[ 54%] Built target custom_msgs__rosidl_typesupport_cpp
[ 64%] Built target custom_msgs__rosidl_typesupport_fastrtps_cpp
[ 73%] Built target custom_msgs__rosidl_typesupport_introspection_c
[ 83%] Built target custom_msgs__rosidl_typesupport_fastrtps_c
[ 83%] Built target custom_msgs
[ 84%] Built target custom_msgs__py
[ 92%] Built target custom_msgs__rosidl_generator_py
[ 95%] Built target custom_msgs_s__rosidl_typesupport_introspection_c
[ 97%] Built target custom_msgs_s__rosidl_typesupport_fastrtps_c
[100%] Built target custom_msgs_s__rosidl_typesupport_c
running egg_info
writing custom_msgs.egg-info/PKG-INFO
writing dependency_links to custom_msgs.egg-info/dependency_links.txt
writing top-level names to custom_msgs.egg-info/top_level.txt
reading manifest file 'custom_msgs.egg-info/SOURCES.txt'
writing manifest file 'custom_msgs.egg-info/SOURCES.txt'
[100%] Built target ament_cmake_python_build_custom_msgs_egg
-- Install configuration: ""
-- Up-to-date: /home/alper/ros2_ws/install/custom_msgs/share/ament_index/resource_index/rosidl_interfaces/custom_msgs
-- Up-to-date: /home/alper/ros2_ws/install/custom_msgs/share/custom_msgs/msg/InferenceResult.json
-- Up-to-date: /home/alper/ros2_ws/install/custom_msgs/share/custom_msgs/msg/YoloInference.json
-- Up-to-date: /home/alper/ros2_ws/install/custom_msgs/share/custom_msgs/msg/SegmentationResult.json
-- Up-to-date: /home/alper/ros2_ws/install/custom_msgs/share/custom_msgs/msg/YoloSegmentationMsg.json
-- Up-to-date: /home/alper/ros2_ws/install/custom_msgs/share/custom_msgs/msg/DetectedSurface.json
-- Up-to-date: /home/alper/ros2_ws/install/custom_msgs/share/custom_msgs/msg/DetectedSurfaces.json
-- Up-to-date: /home/alper/ros2_ws/install/custom_msgs/include/custom_msgs/custom_msgs
-- Up-to-date: /home/alper/ros2_ws/install/custom_msgs/include/custom_msgs/custom_msgs/msg
-- Up-to-date: /home/alper/ros2_ws/install/custom_msgs/include/custom_msgs/custom_msgs/msg/rosidl_generator_c__visibility_control.h
-- Up-to-date: /home/alper/ros2_ws/install/custom_msgs/include/custom_msgs/custom_msgs/msg/yolo_inference.h
-- Up-to-date: /home/alper/ros2_ws/install/custom_msgs/include/custom_msgs/custom_msgs/msg/detail
-- Up-to-date: /home/alper/ros2_ws/install/custom_msgs/include/custom_msgs/custom_msgs/msg/detail/yolo_inference__functions.c
-- Up-to-date: /home/alper/ros2_ws/install/custom_msgs/include/custom_msgs/custom_msgs/msg/detail/inference_result__type_support.c
-- Up-to-date: /home/alper/ros2_ws/install/custom_msgs/include/custom_msgs/custom_msgs/msg/detail/yolo_inference__struct.h
-- Up-to-date: /home/alper/ros2_ws/install/custom_msgs/include/custom_msgs/custom_msgs/msg/detail/detected_surfaces__type_support.h
-- Up-to-date: /home/alper/ros2_ws/install/custom_msgs/include/custom_msgs/custom_msgs/msg/detail/yolo_segmentation_msg__type_support.h
-- Up-to-date: /home/alper/ros2_ws/install/custom_msgs/include/custom_msgs/custom_msgs/msg/detail/detected_surface__struct.h
-- Up-to-date: /home/alper/ros2_ws/install/custom_msgs/include/custom_msgs/custom_msgs/msg/detail/segmentation_result__struct.h
-- Up-to-date: /home/alper/ros2_ws/install/custom_msgs/include/custom_msgs/custom_msgs/msg/detail/yolo_segmentation_msg__description.c
-- Up-to-date: /home/alper/ros2_ws/install/custom_msgs/include/custom_msgs/custom_msgs/msg/detail/detected_surface__type_support.c
-- Up-to-date: /home/alper/ros2_ws/install/custom_msgs/include/custom_msgs/custom_msgs/msg/detail/detected_surfaces__functions.h
-- Up-to-date: /home/alper/ros2_ws/install/custom_msgs/include/custom_msgs/custom_msgs/msg/detail/yolo_inference__description.c
-- Up-to-date: /home/alper/ros2_ws/install/custom_msgs/include/custom_msgs/custom_msgs/msg/detail/segmentation_result__type_support.c
-- Up-to-date: /home/alper/ros2_ws/install/custom_msgs/include/custom_msgs/custom_msgs/msg/detail/yolo_inference__type_support.h
-- Up-to-date: /home/alper/ros2_ws/install/custom_msgs/include/custom_msgs/custom_msgs/msg/detail/detected_surface__functions.c
-- Up-to-date: /home/alper/ros2_ws/install/custom_msgs/include/custom_msgs/custom_msgs/msg/detail/yolo_segmentation_msg__type_support.c
-- Up-to-date: /home/alper/ros2_ws/install/custom_msgs/include/custom_msgs/custom_msgs/msg/detail/yolo_segmentation_msg__functions.c
-- Up-to-date: /home/alper/ros2_ws/install/custom_msgs/include/custom_msgs/custom_msgs/msg/detail/detected_surface__functions.h
-- Up-to-date: /home/alper/ros2_ws/install/custom_msgs/include/custom_msgs/custom_msgs/msg/detail/detected_surfaces__struct.h
-- Up-to-date: /home/alper/ros2_ws/install/custom_msgs/include/custom_msgs/custom_msgs/msg/detail/yolo_segmentation_msg__struct.h
-- Up-to-date: /home/alper/ros2_ws/install/custom_msgs/include/custom_msgs/custom_msgs/msg/detail/segmentation_result__type_support.h
-- Up-to-date: /home/alper/ros2_ws/install/custom_msgs/include/custom_msgs/custom_msgs/msg/detail/yolo_inference__type_support.c
-- Up-to-date: /home/alper/ros2_ws/install/custom_msgs/include/custom_msgs/custom_msgs/msg/detail/segmentation_result__description.c
-- Up-to-date: /home/alper/ros2_ws/install/custom_msgs/include/custom_msgs/custom_msgs/msg/detail/detected_surfaces__description.c
-- Up-to-date: /home/alper/ros2_ws/install/custom_msgs/include/custom_msgs/custom_msgs/msg/detail/inference_result__functions.h
-- Up-to-date: /home/alper/ros2_ws/install/custom_msgs/include/custom_msgs/custom_msgs/msg/detail/inference_result__type_support.h
-- Up-to-date: /home/alper/ros2_ws/install/custom_msgs/include/custom_msgs/custom_msgs/msg/detail/detected_surfaces__functions.c
-- Up-to-date: /home/alper/ros2_ws/install/custom_msgs/include/custom_msgs/custom_msgs/msg/detail/segmentation_result__functions.h
-- Up-to-date: /home/alper/ros2_ws/install/custom_msgs/include/custom_msgs/custom_msgs/msg/detail/inference_result__struct.h
-- Up-to-date: /home/alper/ros2_ws/install/custom_msgs/include/custom_msgs/custom_msgs/msg/detail/yolo_segmentation_msg__functions.h
-- Up-to-date: /home/alper/ros2_ws/install/custom_msgs/include/custom_msgs/custom_msgs/msg/detail/detected_surfaces__type_support.c
-- Up-to-date: /home/alper/ros2_ws/install/custom_msgs/include/custom_msgs/custom_msgs/msg/detail/inference_result__functions.c
-- Up-to-date: /home/alper/ros2_ws/install/custom_msgs/include/custom_msgs/custom_msgs/msg/detail/detected_surface__description.c
-- Up-to-date: /home/alper/ros2_ws/install/custom_msgs/include/custom_msgs/custom_msgs/msg/detail/yolo_inference__functions.h
-- Up-to-date: /home/alper/ros2_ws/install/custom_msgs/include/custom_msgs/custom_msgs/msg/detail/inference_result__description.c
-- Up-to-date: /home/alper/ros2_ws/install/custom_msgs/include/custom_msgs/custom_msgs/msg/detail/segmentation_result__functions.c
-- Up-to-date: /home/alper/ros2_ws/install/custom_msgs/include/custom_msgs/custom_msgs/msg/detail/detected_surface__type_support.h
-- Up-to-date: /home/alper/ros2_ws/install/custom_msgs/include/custom_msgs/custom_msgs/msg/segmentation_result.h
-- Up-to-date: /home/alper/ros2_ws/install/custom_msgs/include/custom_msgs/custom_msgs/msg/detected_surfaces.h
-- Up-to-date: /home/alper/ros2_ws/install/custom_msgs/include/custom_msgs/custom_msgs/msg/inference_result.h
-- Up-to-date: /home/alper/ros2_ws/install/custom_msgs/include/custom_msgs/custom_msgs/msg/detected_surface.h
-- Up-to-date: /home/alper/ros2_ws/install/custom_msgs/include/custom_msgs/custom_msgs/msg/yolo_segmentation_msg.h
-- Up-to-date: /home/alper/ros2_ws/install/custom_msgs/share/custom_msgs/environment/library_path.sh
-- Up-to-date: /home/alper/ros2_ws/install/custom_msgs/share/custom_msgs/environment/library_path.dsv
-- Up-to-date: /home/alper/ros2_ws/install/custom_msgs/lib/libcustom_msgs__rosidl_generator_c.so
-- Up-to-date: /home/alper/ros2_ws/install/custom_msgs/include/custom_msgs/custom_msgs
-- Up-to-date: /home/alper/ros2_ws/install/custom_msgs/include/custom_msgs/custom_msgs/msg
-- Up-to-date: /home/alper/ros2_ws/install/custom_msgs/include/custom_msgs/custom_msgs/msg/detail
-- Up-to-date: /home/alper/ros2_ws/install/custom_msgs/include/custom_msgs/custom_msgs/msg/detail/segmentation_result__rosidl_typesupport_fastrtps_c.h
-- Up-to-date: /home/alper/ros2_ws/install/custom_msgs/include/custom_msgs/custom_msgs/msg/detail/detected_surface__rosidl_typesupport_fastrtps_c.h
-- Up-to-date: /home/alper/ros2_ws/install/custom_msgs/include/custom_msgs/custom_msgs/msg/detail/inference_result__rosidl_typesupport_fastrtps_c.h
-- Up-to-date: /home/alper/ros2_ws/install/custom_msgs/include/custom_msgs/custom_msgs/msg/detail/detected_surfaces__rosidl_typesupport_fastrtps_c.h
-- Up-to-date: /home/alper/ros2_ws/install/custom_msgs/include/custom_msgs/custom_msgs/msg/detail/yolo_inference__rosidl_typesupport_fastrtps_c.h
-- Up-to-date: /home/alper/ros2_ws/install/custom_msgs/include/custom_msgs/custom_msgs/msg/detail/yolo_segmentation_msg__rosidl_typesupport_fastrtps_c.h
-- Up-to-date: /home/alper/ros2_ws/install/custom_msgs/include/custom_msgs/custom_msgs/msg/rosidl_typesupport_fastrtps_c__visibility_control.h
-- Up-to-date: /home/alper/ros2_ws/install/custom_msgs/lib/libcustom_msgs__rosidl_typesupport_fastrtps_c.so
-- Up-to-date: /home/alper/ros2_ws/install/custom_msgs/include/custom_msgs/custom_msgs
-- Up-to-date: /home/alper/ros2_ws/install/custom_msgs/include/custom_msgs/custom_msgs/msg
-- Up-to-date: /home/alper/ros2_ws/install/custom_msgs/include/custom_msgs/custom_msgs/msg/rosidl_generator_cpp__visibility_control.hpp
-- Up-to-date: /home/alper/ros2_ws/install/custom_msgs/include/custom_msgs/custom_msgs/msg/detected_surface.hpp
-- Up-to-date: /home/alper/ros2_ws/install/custom_msgs/include/custom_msgs/custom_msgs/msg/detected_surfaces.hpp
-- Up-to-date: /home/alper/ros2_ws/install/custom_msgs/include/custom_msgs/custom_msgs/msg/detail
-- Up-to-date: /home/alper/ros2_ws/install/custom_msgs/include/custom_msgs/custom_msgs/msg/detail/segmentation_result__struct.hpp
-- Up-to-date: /home/alper/ros2_ws/install/custom_msgs/include/custom_msgs/custom_msgs/msg/detail/segmentation_result__type_support.hpp
-- Up-to-date: /home/alper/ros2_ws/install/custom_msgs/include/custom_msgs/custom_msgs/msg/detail/yolo_segmentation_msg__builder.hpp
-- Up-to-date: /home/alper/ros2_ws/install/custom_msgs/include/custom_msgs/custom_msgs/msg/detail/segmentation_result__traits.hpp
-- Up-to-date: /home/alper/ros2_ws/install/custom_msgs/include/custom_msgs/custom_msgs/msg/detail/segmentation_result__builder.hpp
-- Up-to-date: /home/alper/ros2_ws/install/custom_msgs/include/custom_msgs/custom_msgs/msg/detail/detected_surfaces__type_support.hpp
-- Up-to-date: /home/alper/ros2_ws/install/custom_msgs/include/custom_msgs/custom_msgs/msg/detail/yolo_inference__type_support.hpp
-- Up-to-date: /home/alper/ros2_ws/install/custom_msgs/include/custom_msgs/custom_msgs/msg/detail/inference_result__struct.hpp
-- Up-to-date: /home/alper/ros2_ws/install/custom_msgs/include/custom_msgs/custom_msgs/msg/detail/detected_surfaces__builder.hpp
-- Up-to-date: /home/alper/ros2_ws/install/custom_msgs/include/custom_msgs/custom_msgs/msg/detail/detected_surfaces__struct.hpp
-- Up-to-date: /home/alper/ros2_ws/install/custom_msgs/include/custom_msgs/custom_msgs/msg/detail/detected_surfaces__traits.hpp
-- Up-to-date: /home/alper/ros2_ws/install/custom_msgs/include/custom_msgs/custom_msgs/msg/detail/detected_surface__type_support.hpp
-- Up-to-date: /home/alper/ros2_ws/install/custom_msgs/include/custom_msgs/custom_msgs/msg/detail/yolo_segmentation_msg__struct.hpp
-- Up-to-date: /home/alper/ros2_ws/install/custom_msgs/include/custom_msgs/custom_msgs/msg/detail/yolo_inference__traits.hpp
-- Up-to-date: /home/alper/ros2_ws/install/custom_msgs/include/custom_msgs/custom_msgs/msg/detail/yolo_segmentation_msg__traits.hpp
-- Up-to-date: /home/alper/ros2_ws/install/custom_msgs/include/custom_msgs/custom_msgs/msg/detail/detected_surface__traits.hpp
-- Up-to-date: /home/alper/ros2_ws/install/custom_msgs/include/custom_msgs/custom_msgs/msg/detail/inference_result__traits.hpp
-- Up-to-date: /home/alper/ros2_ws/install/custom_msgs/include/custom_msgs/custom_msgs/msg/detail/yolo_segmentation_msg__type_support.hpp
-- Up-to-date: /home/alper/ros2_ws/install/custom_msgs/include/custom_msgs/custom_msgs/msg/detail/inference_result__type_support.hpp
-- Up-to-date: /home/alper/ros2_ws/install/custom_msgs/include/custom_msgs/custom_msgs/msg/detail/detected_surface__builder.hpp
-- Up-to-date: /home/alper/ros2_ws/install/custom_msgs/include/custom_msgs/custom_msgs/msg/detail/detected_surface__struct.hpp
-- Up-to-date: /home/alper/ros2_ws/install/custom_msgs/include/custom_msgs/custom_msgs/msg/detail/inference_result__builder.hpp
-- Up-to-date: /home/alper/ros2_ws/install/custom_msgs/include/custom_msgs/custom_msgs/msg/detail/yolo_inference__builder.hpp
-- Up-to-date: /home/alper/ros2_ws/install/custom_msgs/include/custom_msgs/custom_msgs/msg/detail/yolo_inference__struct.hpp
-- Up-to-date: /home/alper/ros2_ws/install/custom_msgs/include/custom_msgs/custom_msgs/msg/yolo_segmentation_msg.hpp
-- Up-to-date: /home/alper/ros2_ws/install/custom_msgs/include/custom_msgs/custom_msgs/msg/segmentation_result.hpp
-- Up-to-date: /home/alper/ros2_ws/install/custom_msgs/include/custom_msgs/custom_msgs/msg/inference_result.hpp
-- Up-to-date: /home/alper/ros2_ws/install/custom_msgs/include/custom_msgs/custom_msgs/msg/yolo_inference.hpp
-- Up-to-date: /home/alper/ros2_ws/install/custom_msgs/include/custom_msgs/custom_msgs
-- Up-to-date: /home/alper/ros2_ws/install/custom_msgs/include/custom_msgs/custom_msgs/msg
-- Up-to-date: /home/alper/ros2_ws/install/custom_msgs/include/custom_msgs/custom_msgs/msg/rosidl_typesupport_fastrtps_cpp__visibility_control.h
-- Up-to-date: /home/alper/ros2_ws/install/custom_msgs/include/custom_msgs/custom_msgs/msg/detail
-- Up-to-date: /home/alper/ros2_ws/install/custom_msgs/include/custom_msgs/custom_msgs/msg/detail/yolo_segmentation_msg__rosidl_typesupport_fastrtps_cpp.hpp
-- Up-to-date: /home/alper/ros2_ws/install/custom_msgs/include/custom_msgs/custom_msgs/msg/detail/detected_surface__rosidl_typesupport_fastrtps_cpp.hpp
-- Up-to-date: /home/alper/ros2_ws/install/custom_msgs/include/custom_msgs/custom_msgs/msg/detail/dds_fastrtps
-- Up-to-date: /home/alper/ros2_ws/install/custom_msgs/include/custom_msgs/custom_msgs/msg/detail/yolo_inference__rosidl_typesupport_fastrtps_cpp.hpp
-- Up-to-date: /home/alper/ros2_ws/install/custom_msgs/include/custom_msgs/custom_msgs/msg/detail/inference_result__rosidl_typesupport_fastrtps_cpp.hpp
-- Up-to-date: /home/alper/ros2_ws/install/custom_msgs/include/custom_msgs/custom_msgs/msg/detail/detected_surfaces__rosidl_typesupport_fastrtps_cpp.hpp
-- Up-to-date: /home/alper/ros2_ws/install/custom_msgs/include/custom_msgs/custom_msgs/msg/detail/segmentation_result__rosidl_typesupport_fastrtps_cpp.hpp
-- Up-to-date: /home/alper/ros2_ws/install/custom_msgs/lib/libcustom_msgs__rosidl_typesupport_fastrtps_cpp.so
-- Up-to-date: /home/alper/ros2_ws/install/custom_msgs/include/custom_msgs/custom_msgs
-- Up-to-date: /home/alper/ros2_ws/install/custom_msgs/include/custom_msgs/custom_msgs/msg
-- Up-to-date: /home/alper/ros2_ws/install/custom_msgs/include/custom_msgs/custom_msgs/msg/detail
-- Up-to-date: /home/alper/ros2_ws/install/custom_msgs/include/custom_msgs/custom_msgs/msg/detail/inference_result__type_support.c
-- Up-to-date: /home/alper/ros2_ws/install/custom_msgs/include/custom_msgs/custom_msgs/msg/detail/segmentation_result__rosidl_typesupport_introspection_c.h
-- Up-to-date: /home/alper/ros2_ws/install/custom_msgs/include/custom_msgs/custom_msgs/msg/detail/detected_surface__type_support.c
-- Up-to-date: /home/alper/ros2_ws/install/custom_msgs/include/custom_msgs/custom_msgs/msg/detail/detected_surfaces__rosidl_typesupport_introspection_c.h
-- Up-to-date: /home/alper/ros2_ws/install/custom_msgs/include/custom_msgs/custom_msgs/msg/detail/segmentation_result__type_support.c
-- Up-to-date: /home/alper/ros2_ws/install/custom_msgs/include/custom_msgs/custom_msgs/msg/detail/yolo_segmentation_msg__type_support.c
-- Up-to-date: /home/alper/ros2_ws/install/custom_msgs/include/custom_msgs/custom_msgs/msg/detail/yolo_segmentation_msg__rosidl_typesupport_introspection_c.h
-- Up-to-date: /home/alper/ros2_ws/install/custom_msgs/include/custom_msgs/custom_msgs/msg/detail/inference_result__rosidl_typesupport_introspection_c.h
-- Up-to-date: /home/alper/ros2_ws/install/custom_msgs/include/custom_msgs/custom_msgs/msg/detail/yolo_inference__type_support.c
-- Up-to-date: /home/alper/ros2_ws/install/custom_msgs/include/custom_msgs/custom_msgs/msg/detail/yolo_inference__rosidl_typesupport_introspection_c.h
-- Up-to-date: /home/alper/ros2_ws/install/custom_msgs/include/custom_msgs/custom_msgs/msg/detail/detected_surface__rosidl_typesupport_introspection_c.h
-- Up-to-date: /home/alper/ros2_ws/install/custom_msgs/include/custom_msgs/custom_msgs/msg/detail/detected_surfaces__type_support.c
-- Up-to-date: /home/alper/ros2_ws/install/custom_msgs/include/custom_msgs/custom_msgs/msg/rosidl_typesupport_introspection_c__visibility_control.h
-- Up-to-date: /home/alper/ros2_ws/install/custom_msgs/lib/libcustom_msgs__rosidl_typesupport_introspection_c.so
-- Up-to-date: /home/alper/ros2_ws/install/custom_msgs/lib/libcustom_msgs__rosidl_typesupport_c.so
-- Up-to-date: /home/alper/ros2_ws/install/custom_msgs/include/custom_msgs/custom_msgs
-- Up-to-date: /home/alper/ros2_ws/install/custom_msgs/include/custom_msgs/custom_msgs/msg
-- Up-to-date: /home/alper/ros2_ws/install/custom_msgs/include/custom_msgs/custom_msgs/msg/detail
-- Up-to-date: /home/alper/ros2_ws/install/custom_msgs/include/custom_msgs/custom_msgs/msg/detail/detected_surface__type_support.cpp
-- Up-to-date: /home/alper/ros2_ws/install/custom_msgs/include/custom_msgs/custom_msgs/msg/detail/detected_surface__rosidl_typesupport_introspection_cpp.hpp
-- Up-to-date: /home/alper/ros2_ws/install/custom_msgs/include/custom_msgs/custom_msgs/msg/detail/yolo_inference__type_support.cpp
-- Up-to-date: /home/alper/ros2_ws/install/custom_msgs/include/custom_msgs/custom_msgs/msg/detail/detected_surfaces__type_support.cpp
-- Up-to-date: /home/alper/ros2_ws/install/custom_msgs/include/custom_msgs/custom_msgs/msg/detail/yolo_segmentation_msg__rosidl_typesupport_introspection_cpp.hpp
-- Up-to-date: /home/alper/ros2_ws/install/custom_msgs/include/custom_msgs/custom_msgs/msg/detail/yolo_inference__rosidl_typesupport_introspection_cpp.hpp
-- Up-to-date: /home/alper/ros2_ws/install/custom_msgs/include/custom_msgs/custom_msgs/msg/detail/inference_result__rosidl_typesupport_introspection_cpp.hpp
-- Up-to-date: /home/alper/ros2_ws/install/custom_msgs/include/custom_msgs/custom_msgs/msg/detail/detected_surfaces__rosidl_typesupport_introspection_cpp.hpp
-- Up-to-date: /home/alper/ros2_ws/install/custom_msgs/include/custom_msgs/custom_msgs/msg/detail/yolo_segmentation_msg__type_support.cpp
-- Up-to-date: /home/alper/ros2_ws/install/custom_msgs/include/custom_msgs/custom_msgs/msg/detail/segmentation_result__rosidl_typesupport_introspection_cpp.hpp
-- Up-to-date: /home/alper/ros2_ws/install/custom_msgs/include/custom_msgs/custom_msgs/msg/detail/segmentation_result__type_support.cpp
-- Up-to-date: /home/alper/ros2_ws/install/custom_msgs/include/custom_msgs/custom_msgs/msg/detail/inference_result__type_support.cpp
-- Up-to-date: /home/alper/ros2_ws/install/custom_msgs/lib/libcustom_msgs__rosidl_typesupport_introspection_cpp.so
-- Up-to-date: /home/alper/ros2_ws/install/custom_msgs/lib/libcustom_msgs__rosidl_typesupport_cpp.so
-- Up-to-date: /home/alper/ros2_ws/install/custom_msgs/share/custom_msgs/environment/pythonpath.sh
-- Up-to-date: /home/alper/ros2_ws/install/custom_msgs/share/custom_msgs/environment/pythonpath.dsv
-- Up-to-date: /home/alper/ros2_ws/install/custom_msgs/lib/python3.12/site-packages/custom_msgs-0.0.0-py3.12.egg-info
-- Installing: /home/alper/ros2_ws/install/custom_msgs/lib/python3.12/site-packages/custom_msgs-0.0.0-py3.12.egg-info/SOURCES.txt
-- Installing: /home/alper/ros2_ws/install/custom_msgs/lib/python3.12/site-packages/custom_msgs-0.0.0-py3.12.egg-info/dependency_links.txt
-- Installing: /home/alper/ros2_ws/install/custom_msgs/lib/python3.12/site-packages/custom_msgs-0.0.0-py3.12.egg-info/top_level.txt
-- Installing: /home/alper/ros2_ws/install/custom_msgs/lib/python3.12/site-packages/custom_msgs-0.0.0-py3.12.egg-info/PKG-INFO
-- Up-to-date: /home/alper/ros2_ws/install/custom_msgs/lib/python3.12/site-packages/custom_msgs
-- Up-to-date: /home/alper/ros2_ws/install/custom_msgs/lib/python3.12/site-packages/custom_msgs/custom_msgs_s__rosidl_typesupport_fastrtps_c.so
-- Up-to-date: /home/alper/ros2_ws/install/custom_msgs/lib/python3.12/site-packages/custom_msgs/_custom_msgs_s.ep.rosidl_typesupport_fastrtps_c.c
-- Up-to-date: /home/alper/ros2_ws/install/custom_msgs/lib/python3.12/site-packages/custom_msgs/_custom_msgs_s.ep.rosidl_typesupport_introspection_c.c
-- Up-to-date: /home/alper/ros2_ws/install/custom_msgs/lib/python3.12/site-packages/custom_msgs/custom_msgs_s__rosidl_typesupport_introspection_c.so
-- Up-to-date: /home/alper/ros2_ws/install/custom_msgs/lib/python3.12/site-packages/custom_msgs/msg
-- Up-to-date: /home/alper/ros2_ws/install/custom_msgs/lib/python3.12/site-packages/custom_msgs/msg/_yolo_segmentation_msg.py
-- Up-to-date: /home/alper/ros2_ws/install/custom_msgs/lib/python3.12/site-packages/custom_msgs/msg/_segmentation_result_s.c
-- Up-to-date: /home/alper/ros2_ws/install/custom_msgs/lib/python3.12/site-packages/custom_msgs/msg/_detected_surfaces.py
-- Up-to-date: /home/alper/ros2_ws/install/custom_msgs/lib/python3.12/site-packages/custom_msgs/msg/_inference_result.py
-- Up-to-date: /home/alper/ros2_ws/install/custom_msgs/lib/python3.12/site-packages/custom_msgs/msg/_detected_surface_s.c
-- Up-to-date: /home/alper/ros2_ws/install/custom_msgs/lib/python3.12/site-packages/custom_msgs/msg/_detected_surfaces_s.c
-- Up-to-date: /home/alper/ros2_ws/install/custom_msgs/lib/python3.12/site-packages/custom_msgs/msg/_yolo_segmentation_msg_s.c
-- Up-to-date: /home/alper/ros2_ws/install/custom_msgs/lib/python3.12/site-packages/custom_msgs/msg/_yolo_inference_s.c
-- Up-to-date: /home/alper/ros2_ws/install/custom_msgs/lib/python3.12/site-packages/custom_msgs/msg/_yolo_inference.py
-- Up-to-date: /home/alper/ros2_ws/install/custom_msgs/lib/python3.12/site-packages/custom_msgs/msg/_detected_surface.py
-- Up-to-date: /home/alper/ros2_ws/install/custom_msgs/lib/python3.12/site-packages/custom_msgs/msg/_inference_result_s.c
-- Up-to-date: /home/alper/ros2_ws/install/custom_msgs/lib/python3.12/site-packages/custom_msgs/msg/__init__.py
-- Up-to-date: /home/alper/ros2_ws/install/custom_msgs/lib/python3.12/site-packages/custom_msgs/msg/_segmentation_result.py
-- Up-to-date: /home/alper/ros2_ws/install/custom_msgs/lib/python3.12/site-packages/custom_msgs/custom_msgs_s__rosidl_typesupport_c.so
-- Up-to-date: /home/alper/ros2_ws/install/custom_msgs/lib/python3.12/site-packages/custom_msgs/__init__.py
-- Up-to-date: /home/alper/ros2_ws/install/custom_msgs/lib/python3.12/site-packages/custom_msgs/_custom_msgs_s.ep.rosidl_typesupport_c.c
Listing '/home/alper/ros2_ws/install/custom_msgs/lib/python3.12/site-packages/custom_msgs'...
Listing '/home/alper/ros2_ws/install/custom_msgs/lib/python3.12/site-packages/custom_msgs/msg'...
-- Up-to-date: /home/alper/ros2_ws/install/custom_msgs/lib/python3.12/site-packages/custom_msgs/custom_msgs_s__rosidl_typesupport_fastrtps_c.so
-- Up-to-date: /home/alper/ros2_ws/install/custom_msgs/lib/python3.12/site-packages/custom_msgs/custom_msgs_s__rosidl_typesupport_introspection_c.so
-- Up-to-date: /home/alper/ros2_ws/install/custom_msgs/lib/python3.12/site-packages/custom_msgs/custom_msgs_s__rosidl_typesupport_c.so
-- Up-to-date: /home/alper/ros2_ws/install/custom_msgs/lib/libcustom_msgs__rosidl_generator_py.so
-- Up-to-date: /home/alper/ros2_ws/install/custom_msgs/share/custom_msgs/msg/InferenceResult.idl
-- Up-to-date: /home/alper/ros2_ws/install/custom_msgs/share/custom_msgs/msg/YoloInference.idl
-- Up-to-date: /home/alper/ros2_ws/install/custom_msgs/share/custom_msgs/msg/SegmentationResult.idl
-- Up-to-date: /home/alper/ros2_ws/install/custom_msgs/share/custom_msgs/msg/YoloSegmentationMsg.idl
-- Up-to-date: /home/alper/ros2_ws/install/custom_msgs/share/custom_msgs/msg/DetectedSurface.idl
-- Up-to-date: /home/alper/ros2_ws/install/custom_msgs/share/custom_msgs/msg/DetectedSurfaces.idl
-- Up-to-date: /home/alper/ros2_ws/install/custom_msgs/share/custom_msgs/msg/InferenceResult.msg
-- Up-to-date: /home/alper/ros2_ws/install/custom_msgs/share/custom_msgs/msg/YoloInference.msg
-- Up-to-date: /home/alper/ros2_ws/install/custom_msgs/share/custom_msgs/msg/SegmentationResult.msg
-- Up-to-date: /home/alper/ros2_ws/install/custom_msgs/share/custom_msgs/msg/YoloSegmentationMsg.msg
-- Up-to-date: /home/alper/ros2_ws/install/custom_msgs/share/custom_msgs/msg/DetectedSurface.msg
-- Up-to-date: /home/alper/ros2_ws/install/custom_msgs/share/custom_msgs/msg/DetectedSurfaces.msg
-- Up-to-date: /home/alper/ros2_ws/install/custom_msgs/share/ament_index/resource_index/package_run_dependencies/custom_msgs
-- Up-to-date: /home/alper/ros2_ws/install/custom_msgs/share/ament_index/resource_index/parent_prefix_path/custom_msgs
-- Up-to-date: /home/alper/ros2_ws/install/custom_msgs/share/custom_msgs/environment/ament_prefix_path.sh
-- Up-to-date: /home/alper/ros2_ws/install/custom_msgs/share/custom_msgs/environment/ament_prefix_path.dsv
-- Up-to-date: /home/alper/ros2_ws/install/custom_msgs/share/custom_msgs/environment/path.sh
-- Up-to-date: /home/alper/ros2_ws/install/custom_msgs/share/custom_msgs/environment/path.dsv
-- Up-to-date: /home/alper/ros2_ws/install/custom_msgs/share/custom_msgs/local_setup.bash
-- Up-to-date: /home/alper/ros2_ws/install/custom_msgs/share/custom_msgs/local_setup.sh
-- Up-to-date: /home/alper/ros2_ws/install/custom_msgs/share/custom_msgs/local_setup.zsh
-- Up-to-date: /home/alper/ros2_ws/install/custom_msgs/share/custom_msgs/local_setup.dsv
-- Installing: /home/alper/ros2_ws/install/custom_msgs/share/custom_msgs/package.dsv
-- Up-to-date: /home/alper/ros2_ws/install/custom_msgs/share/ament_index/resource_index/packages/custom_msgs
-- Up-to-date: /home/alper/ros2_ws/install/custom_msgs/share/custom_msgs/cmake/export_custom_msgs__rosidl_generator_cExport.cmake
-- Up-to-date: /home/alper/ros2_ws/install/custom_msgs/share/custom_msgs/cmake/export_custom_msgs__rosidl_generator_cExport-noconfig.cmake
-- Up-to-date: /home/alper/ros2_ws/install/custom_msgs/share/custom_msgs/cmake/export_custom_msgs__rosidl_typesupport_fastrtps_cExport.cmake
-- Up-to-date: /home/alper/ros2_ws/install/custom_msgs/share/custom_msgs/cmake/export_custom_msgs__rosidl_typesupport_fastrtps_cExport-noconfig.cmake
-- Up-to-date: /home/alper/ros2_ws/install/custom_msgs/share/custom_msgs/cmake/export_custom_msgs__rosidl_generator_cppExport.cmake
-- Up-to-date: /home/alper/ros2_ws/install/custom_msgs/share/custom_msgs/cmake/export_custom_msgs__rosidl_typesupport_fastrtps_cppExport.cmake
-- Up-to-date: /home/alper/ros2_ws/install/custom_msgs/share/custom_msgs/cmake/export_custom_msgs__rosidl_typesupport_fastrtps_cppExport-noconfig.cmake
-- Up-to-date: /home/alper/ros2_ws/install/custom_msgs/share/custom_msgs/cmake/custom_msgs__rosidl_typesupport_introspection_cExport.cmake
-- Up-to-date: /home/alper/ros2_ws/install/custom_msgs/share/custom_msgs/cmake/custom_msgs__rosidl_typesupport_introspection_cExport-noconfig.cmake
-- Up-to-date: /home/alper/ros2_ws/install/custom_msgs/share/custom_msgs/cmake/custom_msgs__rosidl_typesupport_cExport.cmake
-- Up-to-date: /home/alper/ros2_ws/install/custom_msgs/share/custom_msgs/cmake/custom_msgs__rosidl_typesupport_cExport-noconfig.cmake
-- Up-to-date: /home/alper/ros2_ws/install/custom_msgs/share/custom_msgs/cmake/custom_msgs__rosidl_typesupport_introspection_cppExport.cmake
-- Up-to-date: /home/alper/ros2_ws/install/custom_msgs/share/custom_msgs/cmake/custom_msgs__rosidl_typesupport_introspection_cppExport-noconfig.cmake
-- Up-to-date: /home/alper/ros2_ws/install/custom_msgs/share/custom_msgs/cmake/custom_msgs__rosidl_typesupport_cppExport.cmake
-- Up-to-date: /home/alper/ros2_ws/install/custom_msgs/share/custom_msgs/cmake/custom_msgs__rosidl_typesupport_cppExport-noconfig.cmake
-- Up-to-date: /home/alper/ros2_ws/install/custom_msgs/share/custom_msgs/cmake/export_custom_msgs__rosidl_generator_pyExport.cmake
-- Up-to-date: /home/alper/ros2_ws/install/custom_msgs/share/custom_msgs/cmake/export_custom_msgs__rosidl_generator_pyExport-noconfig.cmake
-- Up-to-date: /home/alper/ros2_ws/install/custom_msgs/share/custom_msgs/cmake/rosidl_cmake-extras.cmake
-- Up-to-date: /home/alper/ros2_ws/install/custom_msgs/share/custom_msgs/cmake/ament_cmake_export_dependencies-extras.cmake
-- Up-to-date: /home/alper/ros2_ws/install/custom_msgs/share/custom_msgs/cmake/ament_cmake_export_include_directories-extras.cmake
-- Up-to-date: /home/alper/ros2_ws/install/custom_msgs/share/custom_msgs/cmake/ament_cmake_export_libraries-extras.cmake
-- Up-to-date: /home/alper/ros2_ws/install/custom_msgs/share/custom_msgs/cmake/ament_cmake_export_targets-extras.cmake
-- Up-to-date: /home/alper/ros2_ws/install/custom_msgs/share/custom_msgs/cmake/rosidl_cmake_export_typesupport_targets-extras.cmake
-- Up-to-date: /home/alper/ros2_ws/install/custom_msgs/share/custom_msgs/cmake/rosidl_cmake_export_typesupport_libraries-extras.cmake
-- Up-to-date: /home/alper/ros2_ws/install/custom_msgs/share/custom_msgs/cmake/custom_msgsConfig.cmake
-- Up-to-date: /home/alper/ros2_ws/install/custom_msgs/share/custom_msgs/cmake/custom_msgsConfig-version.cmake
-- Up-to-date: /home/alper/ros2_ws/install/custom_msgs/share/custom_msgs/package.xml
