[0.008s] Invoking command in '/home/alper/ros2_ws/build/custom_msgs': CMAKE_PREFIX_PATH=${CMAKE_PREFIX_PATH}:/opt/ros/jazzy DEBUGINFOD_URLS=https://debuginfod.ubuntu.com PS1=(ros2_venv) \[\e]0;\u@\h: \w\a\]${debian_chroot:+($debian_chroot)}\[\033[01;32m\]\u@\h\[\033[00m\]:\[\033[01;34m\]\w\[\033[00m\]\$ VIRTUAL_ENV_PROMPT=(ros2_venv) /usr/bin/cmake --build /home/alper/ros2_ws/build/custom_msgs -- -j32 -l32
[0.067s] [  1%] Built target custom_msgs__rosidl_generator_type_description
[0.076s] [  1%] Built target ament_cmake_python_copy_custom_msgs
[0.086s] [  2%] Built target custom_msgs__cpp
[0.094s] [ 26%] Built target custom_msgs__rosidl_generator_c
[0.114s] [ 35%] Built target custom_msgs__rosidl_typesupport_c
[0.117s] [ 45%] Built target custom_msgs__rosidl_typesupport_introspection_cpp
[0.117s] [ 54%] Built target custom_msgs__rosidl_typesupport_cpp
[0.118s] [ 64%] Built target custom_msgs__rosidl_typesupport_fastrtps_cpp
[0.118s] [ 73%] Built target custom_msgs__rosidl_typesupport_introspection_c
[0.119s] [ 83%] Built target custom_msgs__rosidl_typesupport_fastrtps_c
[0.136s] [ 83%] Built target custom_msgs
[0.156s] [ 84%] Built target custom_msgs__py
[0.179s] [ 92%] Built target custom_msgs__rosidl_generator_py
[0.198s] [ 95%] Built target custom_msgs_s__rosidl_typesupport_introspection_c
[0.199s] [ 97%] Built target custom_msgs_s__rosidl_typesupport_fastrtps_c
[0.199s] [100%] Built target custom_msgs_s__rosidl_typesupport_c
[0.229s] running egg_info
[0.238s] writing custom_msgs.egg-info/PKG-INFO
[0.239s] writing dependency_links to custom_msgs.egg-info/dependency_links.txt
[0.239s] writing top-level names to custom_msgs.egg-info/top_level.txt
[0.265s] reading manifest file 'custom_msgs.egg-info/SOURCES.txt'
[0.265s] writing manifest file 'custom_msgs.egg-info/SOURCES.txt'
[0.289s] [100%] Built target ament_cmake_python_build_custom_msgs_egg
[0.301s] Invoked command in '/home/alper/ros2_ws/build/custom_msgs' returned '0': CMAKE_PREFIX_PATH=${CMAKE_PREFIX_PATH}:/opt/ros/jazzy DEBUGINFOD_URLS=https://debuginfod.ubuntu.com PS1=(ros2_venv) \[\e]0;\u@\h: \w\a\]${debian_chroot:+($debian_chroot)}\[\033[01;32m\]\u@\h\[\033[00m\]:\[\033[01;34m\]\w\[\033[00m\]\$ VIRTUAL_ENV_PROMPT=(ros2_venv) /usr/bin/cmake --build /home/alper/ros2_ws/build/custom_msgs -- -j32 -l32
[0.313s] Invoking command in '/home/alper/ros2_ws/build/custom_msgs': CMAKE_PREFIX_PATH=${CMAKE_PREFIX_PATH}:/opt/ros/jazzy DEBUGINFOD_URLS=https://debuginfod.ubuntu.com PS1=(ros2_venv) \[\e]0;\u@\h: \w\a\]${debian_chroot:+($debian_chroot)}\[\033[01;32m\]\u@\h\[\033[00m\]:\[\033[01;34m\]\w\[\033[00m\]\$ VIRTUAL_ENV_PROMPT=(ros2_venv) /usr/bin/cmake --install /home/alper/ros2_ws/build/custom_msgs
[0.323s] -- Install configuration: ""
[0.323s] -- Up-to-date: /home/alper/ros2_ws/install/custom_msgs/share/ament_index/resource_index/rosidl_interfaces/custom_msgs
[0.323s] -- Up-to-date: /home/alper/ros2_ws/install/custom_msgs/share/custom_msgs/msg/InferenceResult.json
[0.323s] -- Up-to-date: /home/alper/ros2_ws/install/custom_msgs/share/custom_msgs/msg/YoloInference.json
[0.323s] -- Up-to-date: /home/alper/ros2_ws/install/custom_msgs/share/custom_msgs/msg/SegmentationResult.json
[0.323s] -- Up-to-date: /home/alper/ros2_ws/install/custom_msgs/share/custom_msgs/msg/YoloSegmentationMsg.json
[0.323s] -- Up-to-date: /home/alper/ros2_ws/install/custom_msgs/share/custom_msgs/msg/DetectedSurface.json
[0.324s] -- Up-to-date: /home/alper/ros2_ws/install/custom_msgs/share/custom_msgs/msg/DetectedSurfaces.json
[0.324s] -- Up-to-date: /home/alper/ros2_ws/install/custom_msgs/include/custom_msgs/custom_msgs
[0.324s] -- Up-to-date: /home/alper/ros2_ws/install/custom_msgs/include/custom_msgs/custom_msgs/msg
[0.324s] -- Up-to-date: /home/alper/ros2_ws/install/custom_msgs/include/custom_msgs/custom_msgs/msg/rosidl_generator_c__visibility_control.h
[0.324s] -- Up-to-date: /home/alper/ros2_ws/install/custom_msgs/include/custom_msgs/custom_msgs/msg/yolo_inference.h
[0.324s] -- Up-to-date: /home/alper/ros2_ws/install/custom_msgs/include/custom_msgs/custom_msgs/msg/detail
[0.324s] -- Up-to-date: /home/alper/ros2_ws/install/custom_msgs/include/custom_msgs/custom_msgs/msg/detail/yolo_inference__functions.c
[0.324s] -- Up-to-date: /home/alper/ros2_ws/install/custom_msgs/include/custom_msgs/custom_msgs/msg/detail/inference_result__type_support.c
[0.324s] -- Up-to-date: /home/alper/ros2_ws/install/custom_msgs/include/custom_msgs/custom_msgs/msg/detail/yolo_inference__struct.h
[0.324s] -- Up-to-date: /home/alper/ros2_ws/install/custom_msgs/include/custom_msgs/custom_msgs/msg/detail/detected_surfaces__type_support.h
[0.325s] -- Up-to-date: /home/alper/ros2_ws/install/custom_msgs/include/custom_msgs/custom_msgs/msg/detail/yolo_segmentation_msg__type_support.h
[0.325s] -- Up-to-date: /home/alper/ros2_ws/install/custom_msgs/include/custom_msgs/custom_msgs/msg/detail/detected_surface__struct.h
[0.325s] -- Up-to-date: /home/alper/ros2_ws/install/custom_msgs/include/custom_msgs/custom_msgs/msg/detail/segmentation_result__struct.h
[0.325s] -- Up-to-date: /home/alper/ros2_ws/install/custom_msgs/include/custom_msgs/custom_msgs/msg/detail/yolo_segmentation_msg__description.c
[0.325s] -- Up-to-date: /home/alper/ros2_ws/install/custom_msgs/include/custom_msgs/custom_msgs/msg/detail/detected_surface__type_support.c
[0.325s] -- Up-to-date: /home/alper/ros2_ws/install/custom_msgs/include/custom_msgs/custom_msgs/msg/detail/detected_surfaces__functions.h
[0.325s] -- Up-to-date: /home/alper/ros2_ws/install/custom_msgs/include/custom_msgs/custom_msgs/msg/detail/yolo_inference__description.c
[0.325s] -- Up-to-date: /home/alper/ros2_ws/install/custom_msgs/include/custom_msgs/custom_msgs/msg/detail/segmentation_result__type_support.c
[0.325s] -- Up-to-date: /home/alper/ros2_ws/install/custom_msgs/include/custom_msgs/custom_msgs/msg/detail/yolo_inference__type_support.h
[0.325s] -- Up-to-date: /home/alper/ros2_ws/install/custom_msgs/include/custom_msgs/custom_msgs/msg/detail/detected_surface__functions.c
[0.325s] -- Up-to-date: /home/alper/ros2_ws/install/custom_msgs/include/custom_msgs/custom_msgs/msg/detail/yolo_segmentation_msg__type_support.c
[0.325s] -- Up-to-date: /home/alper/ros2_ws/install/custom_msgs/include/custom_msgs/custom_msgs/msg/detail/yolo_segmentation_msg__functions.c
[0.325s] -- Up-to-date: /home/alper/ros2_ws/install/custom_msgs/include/custom_msgs/custom_msgs/msg/detail/detected_surface__functions.h
[0.325s] -- Up-to-date: /home/alper/ros2_ws/install/custom_msgs/include/custom_msgs/custom_msgs/msg/detail/detected_surfaces__struct.h
[0.325s] -- Up-to-date: /home/alper/ros2_ws/install/custom_msgs/include/custom_msgs/custom_msgs/msg/detail/yolo_segmentation_msg__struct.h
[0.325s] -- Up-to-date: /home/alper/ros2_ws/install/custom_msgs/include/custom_msgs/custom_msgs/msg/detail/segmentation_result__type_support.h
[0.326s] -- Up-to-date: /home/alper/ros2_ws/install/custom_msgs/include/custom_msgs/custom_msgs/msg/detail/yolo_inference__type_support.c
[0.326s] -- Up-to-date: /home/alper/ros2_ws/install/custom_msgs/include/custom_msgs/custom_msgs/msg/detail/segmentation_result__description.c
[0.326s] -- Up-to-date: /home/alper/ros2_ws/install/custom_msgs/include/custom_msgs/custom_msgs/msg/detail/detected_surfaces__description.c
[0.326s] -- Up-to-date: /home/alper/ros2_ws/install/custom_msgs/include/custom_msgs/custom_msgs/msg/detail/inference_result__functions.h
[0.326s] -- Up-to-date: /home/alper/ros2_ws/install/custom_msgs/include/custom_msgs/custom_msgs/msg/detail/inference_result__type_support.h
[0.326s] -- Up-to-date: /home/alper/ros2_ws/install/custom_msgs/include/custom_msgs/custom_msgs/msg/detail/detected_surfaces__functions.c
[0.326s] -- Up-to-date: /home/alper/ros2_ws/install/custom_msgs/include/custom_msgs/custom_msgs/msg/detail/segmentation_result__functions.h
[0.326s] -- Up-to-date: /home/alper/ros2_ws/install/custom_msgs/include/custom_msgs/custom_msgs/msg/detail/inference_result__struct.h
[0.326s] -- Up-to-date: /home/alper/ros2_ws/install/custom_msgs/include/custom_msgs/custom_msgs/msg/detail/yolo_segmentation_msg__functions.h
[0.326s] -- Up-to-date: /home/alper/ros2_ws/install/custom_msgs/include/custom_msgs/custom_msgs/msg/detail/detected_surfaces__type_support.c
[0.326s] -- Up-to-date: /home/alper/ros2_ws/install/custom_msgs/include/custom_msgs/custom_msgs/msg/detail/inference_result__functions.c
[0.326s] -- Up-to-date: /home/alper/ros2_ws/install/custom_msgs/include/custom_msgs/custom_msgs/msg/detail/detected_surface__description.c
[0.326s] -- Up-to-date: /home/alper/ros2_ws/install/custom_msgs/include/custom_msgs/custom_msgs/msg/detail/yolo_inference__functions.h
[0.326s] -- Up-to-date: /home/alper/ros2_ws/install/custom_msgs/include/custom_msgs/custom_msgs/msg/detail/inference_result__description.c
[0.326s] -- Up-to-date: /home/alper/ros2_ws/install/custom_msgs/include/custom_msgs/custom_msgs/msg/detail/segmentation_result__functions.c
[0.326s] -- Up-to-date: /home/alper/ros2_ws/install/custom_msgs/include/custom_msgs/custom_msgs/msg/detail/detected_surface__type_support.h
[0.326s] -- Up-to-date: /home/alper/ros2_ws/install/custom_msgs/include/custom_msgs/custom_msgs/msg/segmentation_result.h
[0.327s] -- Up-to-date: /home/alper/ros2_ws/install/custom_msgs/include/custom_msgs/custom_msgs/msg/detected_surfaces.h
[0.327s] -- Up-to-date: /home/alper/ros2_ws/install/custom_msgs/include/custom_msgs/custom_msgs/msg/inference_result.h
[0.327s] -- Up-to-date: /home/alper/ros2_ws/install/custom_msgs/include/custom_msgs/custom_msgs/msg/detected_surface.h
[0.327s] -- Up-to-date: /home/alper/ros2_ws/install/custom_msgs/include/custom_msgs/custom_msgs/msg/yolo_segmentation_msg.h
[0.327s] -- Up-to-date: /home/alper/ros2_ws/install/custom_msgs/share/custom_msgs/environment/library_path.sh
[0.327s] -- Up-to-date: /home/alper/ros2_ws/install/custom_msgs/share/custom_msgs/environment/library_path.dsv
[0.327s] -- Up-to-date: /home/alper/ros2_ws/install/custom_msgs/lib/libcustom_msgs__rosidl_generator_c.so
[0.327s] -- Up-to-date: /home/alper/ros2_ws/install/custom_msgs/include/custom_msgs/custom_msgs
[0.328s] -- Up-to-date: /home/alper/ros2_ws/install/custom_msgs/include/custom_msgs/custom_msgs/msg
[0.328s] -- Up-to-date: /home/alper/ros2_ws/install/custom_msgs/include/custom_msgs/custom_msgs/msg/detail
[0.328s] -- Up-to-date: /home/alper/ros2_ws/install/custom_msgs/include/custom_msgs/custom_msgs/msg/detail/segmentation_result__rosidl_typesupport_fastrtps_c.h
[0.328s] -- Up-to-date: /home/alper/ros2_ws/install/custom_msgs/include/custom_msgs/custom_msgs/msg/detail/detected_surface__rosidl_typesupport_fastrtps_c.h
[0.328s] -- Up-to-date: /home/alper/ros2_ws/install/custom_msgs/include/custom_msgs/custom_msgs/msg/detail/inference_result__rosidl_typesupport_fastrtps_c.h
[0.328s] -- Up-to-date: /home/alper/ros2_ws/install/custom_msgs/include/custom_msgs/custom_msgs/msg/detail/detected_surfaces__rosidl_typesupport_fastrtps_c.h
[0.328s] -- Up-to-date: /home/alper/ros2_ws/install/custom_msgs/include/custom_msgs/custom_msgs/msg/detail/yolo_inference__rosidl_typesupport_fastrtps_c.h
[0.328s] -- Up-to-date: /home/alper/ros2_ws/install/custom_msgs/include/custom_msgs/custom_msgs/msg/detail/yolo_segmentation_msg__rosidl_typesupport_fastrtps_c.h
[0.328s] -- Up-to-date: /home/alper/ros2_ws/install/custom_msgs/include/custom_msgs/custom_msgs/msg/rosidl_typesupport_fastrtps_c__visibility_control.h
[0.328s] -- Up-to-date: /home/alper/ros2_ws/install/custom_msgs/lib/libcustom_msgs__rosidl_typesupport_fastrtps_c.so
[0.328s] -- Up-to-date: /home/alper/ros2_ws/install/custom_msgs/include/custom_msgs/custom_msgs
[0.328s] -- Up-to-date: /home/alper/ros2_ws/install/custom_msgs/include/custom_msgs/custom_msgs/msg
[0.328s] -- Up-to-date: /home/alper/ros2_ws/install/custom_msgs/include/custom_msgs/custom_msgs/msg/rosidl_generator_cpp__visibility_control.hpp
[0.328s] -- Up-to-date: /home/alper/ros2_ws/install/custom_msgs/include/custom_msgs/custom_msgs/msg/detected_surface.hpp
[0.328s] -- Up-to-date: /home/alper/ros2_ws/install/custom_msgs/include/custom_msgs/custom_msgs/msg/detected_surfaces.hpp
[0.328s] -- Up-to-date: /home/alper/ros2_ws/install/custom_msgs/include/custom_msgs/custom_msgs/msg/detail
[0.328s] -- Up-to-date: /home/alper/ros2_ws/install/custom_msgs/include/custom_msgs/custom_msgs/msg/detail/segmentation_result__struct.hpp
[0.328s] -- Up-to-date: /home/alper/ros2_ws/install/custom_msgs/include/custom_msgs/custom_msgs/msg/detail/segmentation_result__type_support.hpp
[0.328s] -- Up-to-date: /home/alper/ros2_ws/install/custom_msgs/include/custom_msgs/custom_msgs/msg/detail/yolo_segmentation_msg__builder.hpp
[0.328s] -- Up-to-date: /home/alper/ros2_ws/install/custom_msgs/include/custom_msgs/custom_msgs/msg/detail/segmentation_result__traits.hpp
[0.328s] -- Up-to-date: /home/alper/ros2_ws/install/custom_msgs/include/custom_msgs/custom_msgs/msg/detail/segmentation_result__builder.hpp
[0.329s] -- Up-to-date: /home/alper/ros2_ws/install/custom_msgs/include/custom_msgs/custom_msgs/msg/detail/detected_surfaces__type_support.hpp
[0.329s] -- Up-to-date: /home/alper/ros2_ws/install/custom_msgs/include/custom_msgs/custom_msgs/msg/detail/yolo_inference__type_support.hpp
[0.329s] -- Up-to-date: /home/alper/ros2_ws/install/custom_msgs/include/custom_msgs/custom_msgs/msg/detail/inference_result__struct.hpp
[0.329s] -- Up-to-date: /home/alper/ros2_ws/install/custom_msgs/include/custom_msgs/custom_msgs/msg/detail/detected_surfaces__builder.hpp
[0.329s] -- Up-to-date: /home/alper/ros2_ws/install/custom_msgs/include/custom_msgs/custom_msgs/msg/detail/detected_surfaces__struct.hpp
[0.329s] -- Up-to-date: /home/alper/ros2_ws/install/custom_msgs/include/custom_msgs/custom_msgs/msg/detail/detected_surfaces__traits.hpp
[0.329s] -- Up-to-date: /home/alper/ros2_ws/install/custom_msgs/include/custom_msgs/custom_msgs/msg/detail/detected_surface__type_support.hpp
[0.329s] -- Up-to-date: /home/alper/ros2_ws/install/custom_msgs/include/custom_msgs/custom_msgs/msg/detail/yolo_segmentation_msg__struct.hpp
[0.329s] -- Up-to-date: /home/alper/ros2_ws/install/custom_msgs/include/custom_msgs/custom_msgs/msg/detail/yolo_inference__traits.hpp
[0.329s] -- Up-to-date: /home/alper/ros2_ws/install/custom_msgs/include/custom_msgs/custom_msgs/msg/detail/yolo_segmentation_msg__traits.hpp
[0.329s] -- Up-to-date: /home/alper/ros2_ws/install/custom_msgs/include/custom_msgs/custom_msgs/msg/detail/detected_surface__traits.hpp
[0.329s] -- Up-to-date: /home/alper/ros2_ws/install/custom_msgs/include/custom_msgs/custom_msgs/msg/detail/inference_result__traits.hpp
[0.329s] -- Up-to-date: /home/alper/ros2_ws/install/custom_msgs/include/custom_msgs/custom_msgs/msg/detail/yolo_segmentation_msg__type_support.hpp
[0.329s] -- Up-to-date: /home/alper/ros2_ws/install/custom_msgs/include/custom_msgs/custom_msgs/msg/detail/inference_result__type_support.hpp
[0.329s] -- Up-to-date: /home/alper/ros2_ws/install/custom_msgs/include/custom_msgs/custom_msgs/msg/detail/detected_surface__builder.hpp
[0.329s] -- Up-to-date: /home/alper/ros2_ws/install/custom_msgs/include/custom_msgs/custom_msgs/msg/detail/detected_surface__struct.hpp
[0.329s] -- Up-to-date: /home/alper/ros2_ws/install/custom_msgs/include/custom_msgs/custom_msgs/msg/detail/inference_result__builder.hpp
[0.329s] -- Up-to-date: /home/alper/ros2_ws/install/custom_msgs/include/custom_msgs/custom_msgs/msg/detail/yolo_inference__builder.hpp
[0.329s] -- Up-to-date: /home/alper/ros2_ws/install/custom_msgs/include/custom_msgs/custom_msgs/msg/detail/yolo_inference__struct.hpp
[0.329s] -- Up-to-date: /home/alper/ros2_ws/install/custom_msgs/include/custom_msgs/custom_msgs/msg/yolo_segmentation_msg.hpp
[0.329s] -- Up-to-date: /home/alper/ros2_ws/install/custom_msgs/include/custom_msgs/custom_msgs/msg/segmentation_result.hpp
[0.329s] -- Up-to-date: /home/alper/ros2_ws/install/custom_msgs/include/custom_msgs/custom_msgs/msg/inference_result.hpp
[0.329s] -- Up-to-date: /home/alper/ros2_ws/install/custom_msgs/include/custom_msgs/custom_msgs/msg/yolo_inference.hpp
[0.329s] -- Up-to-date: /home/alper/ros2_ws/install/custom_msgs/include/custom_msgs/custom_msgs
[0.329s] -- Up-to-date: /home/alper/ros2_ws/install/custom_msgs/include/custom_msgs/custom_msgs/msg
[0.330s] -- Up-to-date: /home/alper/ros2_ws/install/custom_msgs/include/custom_msgs/custom_msgs/msg/rosidl_typesupport_fastrtps_cpp__visibility_control.h
[0.330s] -- Up-to-date: /home/alper/ros2_ws/install/custom_msgs/include/custom_msgs/custom_msgs/msg/detail
[0.330s] -- Up-to-date: /home/alper/ros2_ws/install/custom_msgs/include/custom_msgs/custom_msgs/msg/detail/yolo_segmentation_msg__rosidl_typesupport_fastrtps_cpp.hpp
[0.330s] -- Up-to-date: /home/alper/ros2_ws/install/custom_msgs/include/custom_msgs/custom_msgs/msg/detail/detected_surface__rosidl_typesupport_fastrtps_cpp.hpp
[0.330s] -- Up-to-date: /home/alper/ros2_ws/install/custom_msgs/include/custom_msgs/custom_msgs/msg/detail/dds_fastrtps
[0.330s] -- Up-to-date: /home/alper/ros2_ws/install/custom_msgs/include/custom_msgs/custom_msgs/msg/detail/yolo_inference__rosidl_typesupport_fastrtps_cpp.hpp
[0.330s] -- Up-to-date: /home/alper/ros2_ws/install/custom_msgs/include/custom_msgs/custom_msgs/msg/detail/inference_result__rosidl_typesupport_fastrtps_cpp.hpp
[0.330s] -- Up-to-date: /home/alper/ros2_ws/install/custom_msgs/include/custom_msgs/custom_msgs/msg/detail/detected_surfaces__rosidl_typesupport_fastrtps_cpp.hpp
[0.330s] -- Up-to-date: /home/alper/ros2_ws/install/custom_msgs/include/custom_msgs/custom_msgs/msg/detail/segmentation_result__rosidl_typesupport_fastrtps_cpp.hpp
[0.330s] -- Up-to-date: /home/alper/ros2_ws/install/custom_msgs/lib/libcustom_msgs__rosidl_typesupport_fastrtps_cpp.so
[0.330s] -- Up-to-date: /home/alper/ros2_ws/install/custom_msgs/include/custom_msgs/custom_msgs
[0.330s] -- Up-to-date: /home/alper/ros2_ws/install/custom_msgs/include/custom_msgs/custom_msgs/msg
[0.330s] -- Up-to-date: /home/alper/ros2_ws/install/custom_msgs/include/custom_msgs/custom_msgs/msg/detail
[0.330s] -- Up-to-date: /home/alper/ros2_ws/install/custom_msgs/include/custom_msgs/custom_msgs/msg/detail/inference_result__type_support.c
[0.330s] -- Up-to-date: /home/alper/ros2_ws/install/custom_msgs/include/custom_msgs/custom_msgs/msg/detail/segmentation_result__rosidl_typesupport_introspection_c.h
[0.330s] -- Up-to-date: /home/alper/ros2_ws/install/custom_msgs/include/custom_msgs/custom_msgs/msg/detail/detected_surface__type_support.c
[0.330s] -- Up-to-date: /home/alper/ros2_ws/install/custom_msgs/include/custom_msgs/custom_msgs/msg/detail/detected_surfaces__rosidl_typesupport_introspection_c.h
[0.330s] -- Up-to-date: /home/alper/ros2_ws/install/custom_msgs/include/custom_msgs/custom_msgs/msg/detail/segmentation_result__type_support.c
[0.330s] -- Up-to-date: /home/alper/ros2_ws/install/custom_msgs/include/custom_msgs/custom_msgs/msg/detail/yolo_segmentation_msg__type_support.c
[0.330s] -- Up-to-date: /home/alper/ros2_ws/install/custom_msgs/include/custom_msgs/custom_msgs/msg/detail/yolo_segmentation_msg__rosidl_typesupport_introspection_c.h
[0.330s] -- Up-to-date: /home/alper/ros2_ws/install/custom_msgs/include/custom_msgs/custom_msgs/msg/detail/inference_result__rosidl_typesupport_introspection_c.h
[0.330s] -- Up-to-date: /home/alper/ros2_ws/install/custom_msgs/include/custom_msgs/custom_msgs/msg/detail/yolo_inference__type_support.c
[0.330s] -- Up-to-date: /home/alper/ros2_ws/install/custom_msgs/include/custom_msgs/custom_msgs/msg/detail/yolo_inference__rosidl_typesupport_introspection_c.h
[0.330s] -- Up-to-date: /home/alper/ros2_ws/install/custom_msgs/include/custom_msgs/custom_msgs/msg/detail/detected_surface__rosidl_typesupport_introspection_c.h
[0.330s] -- Up-to-date: /home/alper/ros2_ws/install/custom_msgs/include/custom_msgs/custom_msgs/msg/detail/detected_surfaces__type_support.c
[0.330s] -- Up-to-date: /home/alper/ros2_ws/install/custom_msgs/include/custom_msgs/custom_msgs/msg/rosidl_typesupport_introspection_c__visibility_control.h
[0.331s] -- Up-to-date: /home/alper/ros2_ws/install/custom_msgs/lib/libcustom_msgs__rosidl_typesupport_introspection_c.so
[0.331s] -- Up-to-date: /home/alper/ros2_ws/install/custom_msgs/lib/libcustom_msgs__rosidl_typesupport_c.so
[0.331s] -- Up-to-date: /home/alper/ros2_ws/install/custom_msgs/include/custom_msgs/custom_msgs
[0.331s] -- Up-to-date: /home/alper/ros2_ws/install/custom_msgs/include/custom_msgs/custom_msgs/msg
[0.331s] -- Up-to-date: /home/alper/ros2_ws/install/custom_msgs/include/custom_msgs/custom_msgs/msg/detail
[0.331s] -- Up-to-date: /home/alper/ros2_ws/install/custom_msgs/include/custom_msgs/custom_msgs/msg/detail/detected_surface__type_support.cpp
[0.331s] -- Up-to-date: /home/alper/ros2_ws/install/custom_msgs/include/custom_msgs/custom_msgs/msg/detail/detected_surface__rosidl_typesupport_introspection_cpp.hpp
[0.331s] -- Up-to-date: /home/alper/ros2_ws/install/custom_msgs/include/custom_msgs/custom_msgs/msg/detail/yolo_inference__type_support.cpp
[0.331s] -- Up-to-date: /home/alper/ros2_ws/install/custom_msgs/include/custom_msgs/custom_msgs/msg/detail/detected_surfaces__type_support.cpp
[0.331s] -- Up-to-date: /home/alper/ros2_ws/install/custom_msgs/include/custom_msgs/custom_msgs/msg/detail/yolo_segmentation_msg__rosidl_typesupport_introspection_cpp.hpp
[0.331s] -- Up-to-date: /home/alper/ros2_ws/install/custom_msgs/include/custom_msgs/custom_msgs/msg/detail/yolo_inference__rosidl_typesupport_introspection_cpp.hpp
[0.331s] -- Up-to-date: /home/alper/ros2_ws/install/custom_msgs/include/custom_msgs/custom_msgs/msg/detail/inference_result__rosidl_typesupport_introspection_cpp.hpp
[0.331s] -- Up-to-date: /home/alper/ros2_ws/install/custom_msgs/include/custom_msgs/custom_msgs/msg/detail/detected_surfaces__rosidl_typesupport_introspection_cpp.hpp
[0.331s] -- Up-to-date: /home/alper/ros2_ws/install/custom_msgs/include/custom_msgs/custom_msgs/msg/detail/yolo_segmentation_msg__type_support.cpp
[0.331s] -- Up-to-date: /home/alper/ros2_ws/install/custom_msgs/include/custom_msgs/custom_msgs/msg/detail/segmentation_result__rosidl_typesupport_introspection_cpp.hpp
[0.331s] -- Up-to-date: /home/alper/ros2_ws/install/custom_msgs/include/custom_msgs/custom_msgs/msg/detail/segmentation_result__type_support.cpp
[0.331s] -- Up-to-date: /home/alper/ros2_ws/install/custom_msgs/include/custom_msgs/custom_msgs/msg/detail/inference_result__type_support.cpp
[0.331s] -- Up-to-date: /home/alper/ros2_ws/install/custom_msgs/lib/libcustom_msgs__rosidl_typesupport_introspection_cpp.so
[0.331s] -- Up-to-date: /home/alper/ros2_ws/install/custom_msgs/lib/libcustom_msgs__rosidl_typesupport_cpp.so
[0.331s] -- Up-to-date: /home/alper/ros2_ws/install/custom_msgs/share/custom_msgs/environment/pythonpath.sh
[0.331s] -- Up-to-date: /home/alper/ros2_ws/install/custom_msgs/share/custom_msgs/environment/pythonpath.dsv
[0.331s] -- Up-to-date: /home/alper/ros2_ws/install/custom_msgs/lib/python3.12/site-packages/custom_msgs-0.0.0-py3.12.egg-info
[0.331s] -- Installing: /home/alper/ros2_ws/install/custom_msgs/lib/python3.12/site-packages/custom_msgs-0.0.0-py3.12.egg-info/SOURCES.txt
[0.331s] -- Installing: /home/alper/ros2_ws/install/custom_msgs/lib/python3.12/site-packages/custom_msgs-0.0.0-py3.12.egg-info/dependency_links.txt
[0.331s] -- Installing: /home/alper/ros2_ws/install/custom_msgs/lib/python3.12/site-packages/custom_msgs-0.0.0-py3.12.egg-info/top_level.txt
[0.332s] -- Installing: /home/alper/ros2_ws/install/custom_msgs/lib/python3.12/site-packages/custom_msgs-0.0.0-py3.12.egg-info/PKG-INFO
[0.332s] -- Up-to-date: /home/alper/ros2_ws/install/custom_msgs/lib/python3.12/site-packages/custom_msgs
[0.332s] -- Up-to-date: /home/alper/ros2_ws/install/custom_msgs/lib/python3.12/site-packages/custom_msgs/custom_msgs_s__rosidl_typesupport_fastrtps_c.so
[0.332s] -- Up-to-date: /home/alper/ros2_ws/install/custom_msgs/lib/python3.12/site-packages/custom_msgs/_custom_msgs_s.ep.rosidl_typesupport_fastrtps_c.c
[0.332s] -- Up-to-date: /home/alper/ros2_ws/install/custom_msgs/lib/python3.12/site-packages/custom_msgs/_custom_msgs_s.ep.rosidl_typesupport_introspection_c.c
[0.332s] -- Up-to-date: /home/alper/ros2_ws/install/custom_msgs/lib/python3.12/site-packages/custom_msgs/custom_msgs_s__rosidl_typesupport_introspection_c.so
[0.332s] -- Up-to-date: /home/alper/ros2_ws/install/custom_msgs/lib/python3.12/site-packages/custom_msgs/msg
[0.332s] -- Up-to-date: /home/alper/ros2_ws/install/custom_msgs/lib/python3.12/site-packages/custom_msgs/msg/_yolo_segmentation_msg.py
[0.332s] -- Up-to-date: /home/alper/ros2_ws/install/custom_msgs/lib/python3.12/site-packages/custom_msgs/msg/_segmentation_result_s.c
[0.332s] -- Up-to-date: /home/alper/ros2_ws/install/custom_msgs/lib/python3.12/site-packages/custom_msgs/msg/_detected_surfaces.py
[0.332s] -- Up-to-date: /home/alper/ros2_ws/install/custom_msgs/lib/python3.12/site-packages/custom_msgs/msg/_inference_result.py
[0.332s] -- Up-to-date: /home/alper/ros2_ws/install/custom_msgs/lib/python3.12/site-packages/custom_msgs/msg/_detected_surface_s.c
[0.332s] -- Up-to-date: /home/alper/ros2_ws/install/custom_msgs/lib/python3.12/site-packages/custom_msgs/msg/_detected_surfaces_s.c
[0.332s] -- Up-to-date: /home/alper/ros2_ws/install/custom_msgs/lib/python3.12/site-packages/custom_msgs/msg/_yolo_segmentation_msg_s.c
[0.332s] -- Up-to-date: /home/alper/ros2_ws/install/custom_msgs/lib/python3.12/site-packages/custom_msgs/msg/_yolo_inference_s.c
[0.332s] -- Up-to-date: /home/alper/ros2_ws/install/custom_msgs/lib/python3.12/site-packages/custom_msgs/msg/_yolo_inference.py
[0.332s] -- Up-to-date: /home/alper/ros2_ws/install/custom_msgs/lib/python3.12/site-packages/custom_msgs/msg/_detected_surface.py
[0.332s] -- Up-to-date: /home/alper/ros2_ws/install/custom_msgs/lib/python3.12/site-packages/custom_msgs/msg/_inference_result_s.c
[0.332s] -- Up-to-date: /home/alper/ros2_ws/install/custom_msgs/lib/python3.12/site-packages/custom_msgs/msg/__init__.py
[0.332s] -- Up-to-date: /home/alper/ros2_ws/install/custom_msgs/lib/python3.12/site-packages/custom_msgs/msg/_segmentation_result.py
[0.332s] -- Up-to-date: /home/alper/ros2_ws/install/custom_msgs/lib/python3.12/site-packages/custom_msgs/custom_msgs_s__rosidl_typesupport_c.so
[0.332s] -- Up-to-date: /home/alper/ros2_ws/install/custom_msgs/lib/python3.12/site-packages/custom_msgs/__init__.py
[0.333s] -- Up-to-date: /home/alper/ros2_ws/install/custom_msgs/lib/python3.12/site-packages/custom_msgs/_custom_msgs_s.ep.rosidl_typesupport_c.c
[0.359s] Listing '/home/alper/ros2_ws/install/custom_msgs/lib/python3.12/site-packages/custom_msgs'...
[0.359s] Listing '/home/alper/ros2_ws/install/custom_msgs/lib/python3.12/site-packages/custom_msgs/msg'...
[0.363s] -- Up-to-date: /home/alper/ros2_ws/install/custom_msgs/lib/python3.12/site-packages/custom_msgs/custom_msgs_s__rosidl_typesupport_fastrtps_c.so
[0.363s] -- Up-to-date: /home/alper/ros2_ws/install/custom_msgs/lib/python3.12/site-packages/custom_msgs/custom_msgs_s__rosidl_typesupport_introspection_c.so
[0.363s] -- Up-to-date: /home/alper/ros2_ws/install/custom_msgs/lib/python3.12/site-packages/custom_msgs/custom_msgs_s__rosidl_typesupport_c.so
[0.363s] -- Up-to-date: /home/alper/ros2_ws/install/custom_msgs/lib/libcustom_msgs__rosidl_generator_py.so
[0.363s] -- Up-to-date: /home/alper/ros2_ws/install/custom_msgs/share/custom_msgs/msg/InferenceResult.idl
[0.363s] -- Up-to-date: /home/alper/ros2_ws/install/custom_msgs/share/custom_msgs/msg/YoloInference.idl
[0.363s] -- Up-to-date: /home/alper/ros2_ws/install/custom_msgs/share/custom_msgs/msg/SegmentationResult.idl
[0.363s] -- Up-to-date: /home/alper/ros2_ws/install/custom_msgs/share/custom_msgs/msg/YoloSegmentationMsg.idl
[0.364s] -- Up-to-date: /home/alper/ros2_ws/install/custom_msgs/share/custom_msgs/msg/DetectedSurface.idl
[0.364s] -- Up-to-date: /home/alper/ros2_ws/install/custom_msgs/share/custom_msgs/msg/DetectedSurfaces.idl
[0.364s] -- Up-to-date: /home/alper/ros2_ws/install/custom_msgs/share/custom_msgs/msg/InferenceResult.msg
[0.364s] -- Up-to-date: /home/alper/ros2_ws/install/custom_msgs/share/custom_msgs/msg/YoloInference.msg
[0.364s] -- Up-to-date: /home/alper/ros2_ws/install/custom_msgs/share/custom_msgs/msg/SegmentationResult.msg
[0.364s] -- Up-to-date: /home/alper/ros2_ws/install/custom_msgs/share/custom_msgs/msg/YoloSegmentationMsg.msg
[0.364s] -- Up-to-date: /home/alper/ros2_ws/install/custom_msgs/share/custom_msgs/msg/DetectedSurface.msg
[0.364s] -- Up-to-date: /home/alper/ros2_ws/install/custom_msgs/share/custom_msgs/msg/DetectedSurfaces.msg
[0.364s] -- Up-to-date: /home/alper/ros2_ws/install/custom_msgs/share/ament_index/resource_index/package_run_dependencies/custom_msgs
[0.364s] -- Up-to-date: /home/alper/ros2_ws/install/custom_msgs/share/ament_index/resource_index/parent_prefix_path/custom_msgs
[0.364s] -- Up-to-date: /home/alper/ros2_ws/install/custom_msgs/share/custom_msgs/environment/ament_prefix_path.sh
[0.364s] -- Up-to-date: /home/alper/ros2_ws/install/custom_msgs/share/custom_msgs/environment/ament_prefix_path.dsv
[0.364s] -- Up-to-date: /home/alper/ros2_ws/install/custom_msgs/share/custom_msgs/environment/path.sh
[0.364s] -- Up-to-date: /home/alper/ros2_ws/install/custom_msgs/share/custom_msgs/environment/path.dsv
[0.364s] -- Up-to-date: /home/alper/ros2_ws/install/custom_msgs/share/custom_msgs/local_setup.bash
[0.364s] -- Up-to-date: /home/alper/ros2_ws/install/custom_msgs/share/custom_msgs/local_setup.sh
[0.364s] -- Up-to-date: /home/alper/ros2_ws/install/custom_msgs/share/custom_msgs/local_setup.zsh
[0.364s] -- Up-to-date: /home/alper/ros2_ws/install/custom_msgs/share/custom_msgs/local_setup.dsv
[0.364s] -- Installing: /home/alper/ros2_ws/install/custom_msgs/share/custom_msgs/package.dsv
[0.364s] -- Up-to-date: /home/alper/ros2_ws/install/custom_msgs/share/ament_index/resource_index/packages/custom_msgs
[0.364s] -- Up-to-date: /home/alper/ros2_ws/install/custom_msgs/share/custom_msgs/cmake/export_custom_msgs__rosidl_generator_cExport.cmake
[0.364s] -- Up-to-date: /home/alper/ros2_ws/install/custom_msgs/share/custom_msgs/cmake/export_custom_msgs__rosidl_generator_cExport-noconfig.cmake
[0.365s] -- Up-to-date: /home/alper/ros2_ws/install/custom_msgs/share/custom_msgs/cmake/export_custom_msgs__rosidl_typesupport_fastrtps_cExport.cmake
[0.365s] -- Up-to-date: /home/alper/ros2_ws/install/custom_msgs/share/custom_msgs/cmake/export_custom_msgs__rosidl_typesupport_fastrtps_cExport-noconfig.cmake
[0.365s] -- Up-to-date: /home/alper/ros2_ws/install/custom_msgs/share/custom_msgs/cmake/export_custom_msgs__rosidl_generator_cppExport.cmake
[0.365s] -- Up-to-date: /home/alper/ros2_ws/install/custom_msgs/share/custom_msgs/cmake/export_custom_msgs__rosidl_typesupport_fastrtps_cppExport.cmake
[0.365s] -- Up-to-date: /home/alper/ros2_ws/install/custom_msgs/share/custom_msgs/cmake/export_custom_msgs__rosidl_typesupport_fastrtps_cppExport-noconfig.cmake
[0.365s] -- Up-to-date: /home/alper/ros2_ws/install/custom_msgs/share/custom_msgs/cmake/custom_msgs__rosidl_typesupport_introspection_cExport.cmake
[0.365s] -- Up-to-date: /home/alper/ros2_ws/install/custom_msgs/share/custom_msgs/cmake/custom_msgs__rosidl_typesupport_introspection_cExport-noconfig.cmake
[0.365s] -- Up-to-date: /home/alper/ros2_ws/install/custom_msgs/share/custom_msgs/cmake/custom_msgs__rosidl_typesupport_cExport.cmake
[0.365s] -- Up-to-date: /home/alper/ros2_ws/install/custom_msgs/share/custom_msgs/cmake/custom_msgs__rosidl_typesupport_cExport-noconfig.cmake
[0.365s] -- Up-to-date: /home/alper/ros2_ws/install/custom_msgs/share/custom_msgs/cmake/custom_msgs__rosidl_typesupport_introspection_cppExport.cmake
[0.365s] -- Up-to-date: /home/alper/ros2_ws/install/custom_msgs/share/custom_msgs/cmake/custom_msgs__rosidl_typesupport_introspection_cppExport-noconfig.cmake
[0.365s] -- Up-to-date: /home/alper/ros2_ws/install/custom_msgs/share/custom_msgs/cmake/custom_msgs__rosidl_typesupport_cppExport.cmake
[0.365s] -- Up-to-date: /home/alper/ros2_ws/install/custom_msgs/share/custom_msgs/cmake/custom_msgs__rosidl_typesupport_cppExport-noconfig.cmake
[0.365s] -- Up-to-date: /home/alper/ros2_ws/install/custom_msgs/share/custom_msgs/cmake/export_custom_msgs__rosidl_generator_pyExport.cmake
[0.365s] -- Up-to-date: /home/alper/ros2_ws/install/custom_msgs/share/custom_msgs/cmake/export_custom_msgs__rosidl_generator_pyExport-noconfig.cmake
[0.365s] -- Up-to-date: /home/alper/ros2_ws/install/custom_msgs/share/custom_msgs/cmake/rosidl_cmake-extras.cmake
[0.365s] -- Up-to-date: /home/alper/ros2_ws/install/custom_msgs/share/custom_msgs/cmake/ament_cmake_export_dependencies-extras.cmake
[0.365s] -- Up-to-date: /home/alper/ros2_ws/install/custom_msgs/share/custom_msgs/cmake/ament_cmake_export_include_directories-extras.cmake
[0.365s] -- Up-to-date: /home/alper/ros2_ws/install/custom_msgs/share/custom_msgs/cmake/ament_cmake_export_libraries-extras.cmake
[0.365s] -- Up-to-date: /home/alper/ros2_ws/install/custom_msgs/share/custom_msgs/cmake/ament_cmake_export_targets-extras.cmake
[0.365s] -- Up-to-date: /home/alper/ros2_ws/install/custom_msgs/share/custom_msgs/cmake/rosidl_cmake_export_typesupport_targets-extras.cmake
[0.365s] -- Up-to-date: /home/alper/ros2_ws/install/custom_msgs/share/custom_msgs/cmake/rosidl_cmake_export_typesupport_libraries-extras.cmake
[0.366s] -- Up-to-date: /home/alper/ros2_ws/install/custom_msgs/share/custom_msgs/cmake/custom_msgsConfig.cmake
[0.366s] -- Up-to-date: /home/alper/ros2_ws/install/custom_msgs/share/custom_msgs/cmake/custom_msgsConfig-version.cmake
[0.366s] -- Up-to-date: /home/alper/ros2_ws/install/custom_msgs/share/custom_msgs/package.xml
[0.366s] Invoked command in '/home/alper/ros2_ws/build/custom_msgs' returned '0': CMAKE_PREFIX_PATH=${CMAKE_PREFIX_PATH}:/opt/ros/jazzy DEBUGINFOD_URLS=https://debuginfod.ubuntu.com PS1=(ros2_venv) \[\e]0;\u@\h: \w\a\]${debian_chroot:+($debian_chroot)}\[\033[01;32m\]\u@\h\[\033[00m\]:\[\033[01;34m\]\w\[\033[00m\]\$ VIRTUAL_ENV_PROMPT=(ros2_venv) /usr/bin/cmake --install /home/alper/ros2_ws/build/custom_msgs
